====================================================================================================
entry-00167 entry_point  src/browser/routes/agent.storage.ts:10  report=GHSA-H9G4-589H-68XV
repo=https://github.com/openclaw/openclaw
commit=3b56a6252bbc4dcf3d3c68a5e3cbb0e1162e58a9
expected code:
      app.get("/cookies", async (req, res) => {
expected normalized: 'app.get("/cookies", async (req, res) => {'
----------------------------------------------------------------------------------------------------
step=original_location status=matched
detail=compare node code with source at the recorded file/line
compared source: src/browser/routes/agent.storage.ts:10
actual code:
      app.get("/cookies", async (req, res) => {
actual normalized: 'app.get("/cookies", async (req, res) => {'

====================================================================================================
entry-00167 critical_operation  src/browser/routes/agent.storage.ts:26  report=GHSA-H9G4-589H-68XV
repo=https://github.com/openclaw/openclaw
commit=3b56a6252bbc4dcf3d3c68a5e3cbb0e1162e58a9
expected code:
          res.json({ ok: true, targetId: tab.targetId, ...result });
expected normalized: 'res.json({ ok: true, targetId: tab.targetId, ...result });'
----------------------------------------------------------------------------------------------------
step=original_location status=matched
detail=compare node code with source at the recorded file/line
compared source: src/browser/routes/agent.storage.ts:26
actual code:
          res.json({ ok: true, targetId: tab.targetId, ...result });
actual normalized: 'res.json({ ok: true, targetId: tab.targetId, ...result });'

====================================================================================================
entry-00167 trace[0]  src/browser/routes/agent.storage.ts:10  report=GHSA-H9G4-589H-68XV
repo=https://github.com/openclaw/openclaw
commit=3b56a6252bbc4dcf3d3c68a5e3cbb0e1162e58a9
expected code:
      app.get("/cookies", async (req, res) => {
expected normalized: 'app.get("/cookies", async (req, res) => {'
----------------------------------------------------------------------------------------------------
step=original_location status=matched
detail=compare node code with source at the recorded file/line
compared source: src/browser/routes/agent.storage.ts:10
actual code:
      app.get("/cookies", async (req, res) => {
actual normalized: 'app.get("/cookies", async (req, res) => {'

====================================================================================================
entry-00167 trace[1]  src/browser/routes/agent.storage.ts:22  report=GHSA-H9G4-589H-68XV
repo=https://github.com/openclaw/openclaw
commit=3b56a6252bbc4dcf3d3c68a5e3cbb0e1162e58a9
expected code:
          const result = await pw.cookiesGetViaPlaywright({
expected normalized: 'const result = await pw.cookiesGetViaPlaywright({'
----------------------------------------------------------------------------------------------------
step=original_location status=matched
detail=compare node code with source at the recorded file/line
compared source: src/browser/routes/agent.storage.ts:22
actual code:
          const result = await pw.cookiesGetViaPlaywright({
actual normalized: 'const result = await pw.cookiesGetViaPlaywright({'

====================================================================================================
entry-00167 trace[2]  src/browser/routes/agent.storage.ts:26  report=GHSA-H9G4-589H-68XV
repo=https://github.com/openclaw/openclaw
commit=3b56a6252bbc4dcf3d3c68a5e3cbb0e1162e58a9
expected code:
          res.json({ ok: true, targetId: tab.targetId, ...result });
expected normalized: 'res.json({ ok: true, targetId: tab.targetId, ...result });'
----------------------------------------------------------------------------------------------------
step=original_location status=matched
detail=compare node code with source at the recorded file/line
compared source: src/browser/routes/agent.storage.ts:26
actual code:
          res.json({ ok: true, targetId: tab.targetId, ...result });
actual normalized: 'res.json({ ok: true, targetId: tab.targetId, ...result });'
