====================================================================================================
entry-00349 entry_point  packages/nodes-base/nodes/Merge/v3/actions/mode/combineBySql.ts:155  report=GHSA-58QR-RCGV-642V
repo=https://github.com/n8n-io/n8n
commit=ef9e32b27a784d88c034cfe6fb1f25cca2e9bbd3
expected code:
    let query = this.getNodeParameter('query', 0) as string;
expected normalized: "let query = this.getNodeParameter('query', 0) as string;"
----------------------------------------------------------------------------------------------------
step=original_location status=matched
detail=compare node code with source at the recorded file/line
compared source: packages/nodes-base/nodes/Merge/v3/actions/mode/combineBySql.ts:155
actual code:
    	let query = this.getNodeParameter('query', 0) as string;
actual normalized: "let query = this.getNodeParameter('query', 0) as string;"

====================================================================================================
entry-00349 critical_operation  packages/nodes-base/nodes/Merge/v3/actions/mode/combineBySql.ts:236  report=GHSA-58QR-RCGV-642V
repo=https://github.com/n8n-io/n8n
commit=ef9e32b27a784d88c034cfe6fb1f25cca2e9bbd3
expected code:
    		const result: IDataObject[] = db.exec(query);
expected normalized: 'const result: IDataObject[] = db.exec(query);'
----------------------------------------------------------------------------------------------------
step=original_location status=matched
detail=compare node code with source at the recorded file/line
compared source: packages/nodes-base/nodes/Merge/v3/actions/mode/combineBySql.ts:236
actual code:
    		const result: IDataObject[] = db.exec(query);
actual normalized: 'const result: IDataObject[] = db.exec(query);'

====================================================================================================
entry-00349 trace[0]  packages/nodes-base/nodes/Merge/v3/actions/router.ts:7-16  report=GHSA-58QR-RCGV-642V
repo=https://github.com/n8n-io/n8n
commit=ef9e32b27a784d88c034cfe6fb1f25cca2e9bbd3
expected code:
    export async function router(this: IExecuteFunctions) {
    	const inputsData = getNodeInputsData.call(this);
    	let operationMode = this.getNodeParameter('mode', 0) as string;
    
    	if (operationMode === 'combine') {
    		const combineBy = this.getNodeParameter('combineBy', 0) as string;
    		operationMode = combineBy;
    	}
    
    	return await mode[operationMode as MergeType].execute.call(this, inputsData);
expected normalized: "export async function router(this: IExecuteFunctions) { const inputsData = getNodeInputsData.call(this); let operationMode = this.getNodeParameter('mode', 0) as string; if (operationMode === 'combine') { const combineBy = this.getNodeParameter('combineBy', 0) as string; operationMode = combineBy; } return await mode[operationMode as MergeType].execute.call(this, inputsData);"
----------------------------------------------------------------------------------------------------
step=original_location status=matched
detail=compare node code with source at the recorded file/line
compared source: packages/nodes-base/nodes/Merge/v3/actions/router.ts:7-16
actual code:
    export async function router(this: IExecuteFunctions) {
    	const inputsData = getNodeInputsData.call(this);
    	let operationMode = this.getNodeParameter('mode', 0) as string;
    
    	if (operationMode === 'combine') {
    		const combineBy = this.getNodeParameter('combineBy', 0) as string;
    		operationMode = combineBy;
    	}
    
    	return await mode[operationMode as MergeType].execute.call(this, inputsData);
actual normalized: "export async function router(this: IExecuteFunctions) { const inputsData = getNodeInputsData.call(this); let operationMode = this.getNodeParameter('mode', 0) as string; if (operationMode === 'combine') { const combineBy = this.getNodeParameter('combineBy', 0) as string; operationMode = combineBy; } return await mode[operationMode as MergeType].execute.call(this, inputsData);"

====================================================================================================
entry-00349 trace[1]  packages/nodes-base/nodes/Merge/v3/actions/mode/combineBySql.ts:146-153  report=GHSA-58QR-RCGV-642V
repo=https://github.com/n8n-io/n8n
commit=ef9e32b27a784d88c034cfe6fb1f25cca2e9bbd3
expected code:
    export async function execute(
    	this: IExecuteFunctions,
    	inputsData: INodeExecutionData[][],
    ): Promise<INodeExecutionData[][]> {
    	const node = this.getNode();
    	const returnData: INodeExecutionData[] = [];
    	const pairedItem: IPairedItemData[] = [];
    	const options = this.getNodeParameter('options', 0, {}) as OperationOptions;
expected normalized: "export async function execute( this: IExecuteFunctions, inputsData: INodeExecutionData[][], ): Promise<INodeExecutionData[][]> { const node = this.getNode(); const returnData: INodeExecutionData[] = []; const pairedItem: IPairedItemData[] = []; const options = this.getNodeParameter('options', 0, {}) as OperationOptions;"
----------------------------------------------------------------------------------------------------
step=original_location status=matched
detail=compare node code with source at the recorded file/line
compared source: packages/nodes-base/nodes/Merge/v3/actions/mode/combineBySql.ts:146-153
actual code:
    export async function execute(
    	this: IExecuteFunctions,
    	inputsData: INodeExecutionData[][],
    ): Promise<INodeExecutionData[][]> {
    	const node = this.getNode();
    	const returnData: INodeExecutionData[] = [];
    	const pairedItem: IPairedItemData[] = [];
    	const options = this.getNodeParameter('options', 0, {}) as OperationOptions;
actual normalized: "export async function execute( this: IExecuteFunctions, inputsData: INodeExecutionData[][], ): Promise<INodeExecutionData[][]> { const node = this.getNode(); const returnData: INodeExecutionData[] = []; const pairedItem: IPairedItemData[] = []; const options = this.getNodeParameter('options', 0, {}) as OperationOptions;"

====================================================================================================
entry-00349 trace[2]  packages/nodes-base/nodes/Merge/v3/actions/mode/combineBySql.ts:2  report=GHSA-58QR-RCGV-642V
repo=https://github.com/n8n-io/n8n
commit=ef9e32b27a784d88c034cfe6fb1f25cca2e9bbd3
expected code:
    import alasql from 'alasql';
expected normalized: "import alasql from 'alasql';"
----------------------------------------------------------------------------------------------------
step=original_location status=matched
detail=compare node code with source at the recorded file/line
compared source: packages/nodes-base/nodes/Merge/v3/actions/mode/combineBySql.ts:2
actual code:
    import alasql from 'alasql';
actual normalized: "import alasql from 'alasql';"

====================================================================================================
entry-00349 trace[3]  packages/nodes-base/nodes/Merge/v3/actions/mode/combineBySql.ts:185  report=GHSA-58QR-RCGV-642V
repo=https://github.com/n8n-io/n8n
commit=ef9e32b27a784d88c034cfe6fb1f25cca2e9bbd3
expected code:
    	const db: typeof Database = new (alasql as any).Database(node.id);
expected normalized: 'const db: typeof Database = new (alasql as any).Database(node.id);'
----------------------------------------------------------------------------------------------------
step=original_location status=matched
detail=compare node code with source at the recorded file/line
compared source: packages/nodes-base/nodes/Merge/v3/actions/mode/combineBySql.ts:185
actual code:
    	const db: typeof Database = new (alasql as any).Database(node.id);
actual normalized: 'const db: typeof Database = new (alasql as any).Database(node.id);'

====================================================================================================
entry-00349 trace[4]  packages/nodes-base/nodes/Merge/v3/actions/mode/combineBySql.ts:236  report=GHSA-58QR-RCGV-642V
repo=https://github.com/n8n-io/n8n
commit=ef9e32b27a784d88c034cfe6fb1f25cca2e9bbd3
expected code:
    		const result: IDataObject[] = db.exec(query);
expected normalized: 'const result: IDataObject[] = db.exec(query);'
----------------------------------------------------------------------------------------------------
step=original_location status=matched
detail=compare node code with source at the recorded file/line
compared source: packages/nodes-base/nodes/Merge/v3/actions/mode/combineBySql.ts:236
actual code:
    		const result: IDataObject[] = db.exec(query);
actual normalized: 'const result: IDataObject[] = db.exec(query);'
