====================================================================================================
entry-00202 entry_point  src/gateway/server-node-events.ts:293  report=GHSA-JR6X-2Q95-FH2G
repo=https://github.com/openclaw/openclaw
commit=bc507080577c620243617e8fadd294bec3efa252
expected code:
    void agentCommand(
expected normalized: 'void agentCommand('
----------------------------------------------------------------------------------------------------
step=original_location status=matched
detail=compare node code with source at the recorded file/line
compared source: src/gateway/server-node-events.ts:293
actual code:
          void agentCommand(
actual normalized: 'void agentCommand('

====================================================================================================
entry-00202 critical_operation  src/commands/agent.ts:197  report=GHSA-JR6X-2Q95-FH2G
repo=https://github.com/openclaw/openclaw
commit=bc507080577c620243617e8fadd294bec3efa252
expected code:
        senderIsOwner: true,
expected normalized: 'senderIsOwner: true,'
----------------------------------------------------------------------------------------------------
step=original_location status=matched
detail=compare node code with source at the recorded file/line
compared source: src/commands/agent.ts:197
actual code:
        senderIsOwner: true,
actual normalized: 'senderIsOwner: true,'

====================================================================================================
entry-00202 trace[0]  src/gateway/server-node-events.ts:293  report=GHSA-JR6X-2Q95-FH2G
repo=https://github.com/openclaw/openclaw
commit=bc507080577c620243617e8fadd294bec3efa252
expected code:
    void agentCommand(
expected normalized: 'void agentCommand('
----------------------------------------------------------------------------------------------------
step=original_location status=matched
detail=compare node code with source at the recorded file/line
compared source: src/gateway/server-node-events.ts:293
actual code:
          void agentCommand(
actual normalized: 'void agentCommand('

====================================================================================================
entry-00202 trace[1]  src/gateway/server-node-events.ts:423  report=GHSA-JR6X-2Q95-FH2G
repo=https://github.com/openclaw/openclaw
commit=bc507080577c620243617e8fadd294bec3efa252
expected code:
          void agentCommand(
expected normalized: 'void agentCommand('
----------------------------------------------------------------------------------------------------
step=original_location status=matched
detail=compare node code with source at the recorded file/line
compared source: src/gateway/server-node-events.ts:423
actual code:
          void agentCommand(
actual normalized: 'void agentCommand('

====================================================================================================
entry-00202 trace[2]  src/commands/agent.ts:197  report=GHSA-JR6X-2Q95-FH2G
repo=https://github.com/openclaw/openclaw
commit=bc507080577c620243617e8fadd294bec3efa252
expected code:
        senderIsOwner: true,
expected normalized: 'senderIsOwner: true,'
----------------------------------------------------------------------------------------------------
step=original_location status=matched
detail=compare node code with source at the recorded file/line
compared source: src/commands/agent.ts:197
actual code:
        senderIsOwner: true,
actual normalized: 'senderIsOwner: true,'
