====================================================================================================
entry-00164 entry_point  src/browser/routes/basic.ts:7  report=GHSA-H9G4-589H-68XV
repo=https://github.com/openclaw/openclaw
commit=3b56a6252bbc4dcf3d3c68a5e3cbb0e1162e58a9
expected code:
    export function registerBrowserBasicRoutes(app: BrowserRouteRegistrar, ctx: BrowserRouteContext) {
expected normalized: 'export function registerBrowserBasicRoutes(app: BrowserRouteRegistrar, ctx: BrowserRouteContext) {'
----------------------------------------------------------------------------------------------------
step=original_location status=matched
detail=compare node code with source at the recorded file/line
compared source: src/browser/routes/basic.ts:7
actual code:
    export function registerBrowserBasicRoutes(app: BrowserRouteRegistrar, ctx: BrowserRouteContext) {
actual normalized: 'export function registerBrowserBasicRoutes(app: BrowserRouteRegistrar, ctx: BrowserRouteContext) {'

====================================================================================================
entry-00164 critical_operation  src/browser/routes/basic.ts:13  report=GHSA-H9G4-589H-68XV
repo=https://github.com/openclaw/openclaw
commit=3b56a6252bbc4dcf3d3c68a5e3cbb0e1162e58a9
expected code:
          res.json({ profiles });
expected normalized: 'res.json({ profiles });'
----------------------------------------------------------------------------------------------------
step=original_location status=matched
detail=compare node code with source at the recorded file/line
compared source: src/browser/routes/basic.ts:13
actual code:
          res.json({ profiles });
actual normalized: 'res.json({ profiles });'

====================================================================================================
entry-00164 trace[0]  src/browser/routes/basic.ts:7  report=GHSA-H9G4-589H-68XV
repo=https://github.com/openclaw/openclaw
commit=3b56a6252bbc4dcf3d3c68a5e3cbb0e1162e58a9
expected code:
    export function registerBrowserBasicRoutes(...) {
expected normalized: 'export function registerBrowserBasicRoutes(...) {'
----------------------------------------------------------------------------------------------------
step=original_location status=not_matched
detail=compare node code with source at the recorded file/line
compared source: src/browser/routes/basic.ts:7
actual code:
    export function registerBrowserBasicRoutes(app: BrowserRouteRegistrar, ctx: BrowserRouteContext) {
actual normalized: 'export function registerBrowserBasicRoutes(app: BrowserRouteRegistrar, ctx: BrowserRouteContext) {'
----------------------------------------------------------------------------------------------------
step=nearby_window status=no_match
detail=search original file from line 2 to 12
----------------------------------------------------------------------------------------------------
step=same_file status=no_match
detail=search entire original file with 190 lines
----------------------------------------------------------------------------------------------------
step=whole_repo status=no_match
detail=search every readable text file in the commit snapshot

====================================================================================================
entry-00164 trace[1]  src/browser/routes/basic.ts:12  report=GHSA-H9G4-589H-68XV
repo=https://github.com/openclaw/openclaw
commit=3b56a6252bbc4dcf3d3c68a5e3cbb0e1162e58a9
expected code:
          const profiles = await service.listProfiles();
expected normalized: 'const profiles = await service.listProfiles();'
----------------------------------------------------------------------------------------------------
step=original_location status=matched
detail=compare node code with source at the recorded file/line
compared source: src/browser/routes/basic.ts:12
actual code:
          const profiles = await service.listProfiles();
actual normalized: 'const profiles = await service.listProfiles();'

====================================================================================================
entry-00164 trace[2]  src/browser/routes/basic.ts:13  report=GHSA-H9G4-589H-68XV
repo=https://github.com/openclaw/openclaw
commit=3b56a6252bbc4dcf3d3c68a5e3cbb0e1162e58a9
expected code:
          res.json({ profiles });
expected normalized: 'res.json({ profiles });'
----------------------------------------------------------------------------------------------------
step=original_location status=matched
detail=compare node code with source at the recorded file/line
compared source: src/browser/routes/basic.ts:13
actual code:
          res.json({ profiles });
actual normalized: 'res.json({ profiles });'
