====================================================================================================
entry-00153 entry_point  nemo/collections/speechlm/utils/text_generation/audio_text_generation_utils.py:203  report=GHSA-9379-MWVR-7WXX
repo=https://github.com/NVIDIA/NeMo
commit=4d313cf5f097529420f27278b28a569e15190b1b
expected code:
            torch.distributed.broadcast(context_idx_tensor, src, model_parallel_group)
expected normalized: 'torch.distributed.broadcast(context_idx_tensor, src, model_parallel_group)'
----------------------------------------------------------------------------------------------------
step=original_location status=matched
detail=compare node code with source at the recorded file/line
compared source: nemo/collections/speechlm/utils/text_generation/audio_text_generation_utils.py:203
actual code:
            torch.distributed.broadcast(context_idx_tensor, src, model_parallel_group)
actual normalized: 'torch.distributed.broadcast(context_idx_tensor, src, model_parallel_group)'

====================================================================================================
entry-00153 critical_operation  nemo/collections/speechlm/utils/text_generation/audio_text_generation_utils.py:205  report=GHSA-9379-MWVR-7WXX
repo=https://github.com/NVIDIA/NeMo
commit=4d313cf5f097529420f27278b28a569e15190b1b
expected code:
            context_start_idx = pickle.loads(bytes)
expected normalized: 'context_start_idx = pickle.loads(bytes)'
----------------------------------------------------------------------------------------------------
step=original_location status=matched
detail=compare node code with source at the recorded file/line
compared source: nemo/collections/speechlm/utils/text_generation/audio_text_generation_utils.py:205
actual code:
            context_start_idx = pickle.loads(bytes)
actual normalized: 'context_start_idx = pickle.loads(bytes)'

====================================================================================================
entry-00153 trace[0]  nemo/collections/speechlm/utils/text_generation/audio_text_generation_utils.py:203  report=GHSA-9379-MWVR-7WXX
repo=https://github.com/NVIDIA/NeMo
commit=4d313cf5f097529420f27278b28a569e15190b1b
expected code:
            torch.distributed.broadcast(context_idx_tensor, src, model_parallel_group)
expected normalized: 'torch.distributed.broadcast(context_idx_tensor, src, model_parallel_group)'
----------------------------------------------------------------------------------------------------
step=original_location status=matched
detail=compare node code with source at the recorded file/line
compared source: nemo/collections/speechlm/utils/text_generation/audio_text_generation_utils.py:203
actual code:
            torch.distributed.broadcast(context_idx_tensor, src, model_parallel_group)
actual normalized: 'torch.distributed.broadcast(context_idx_tensor, src, model_parallel_group)'

====================================================================================================
entry-00153 trace[1]  nemo/collections/speechlm/utils/text_generation/audio_text_generation_utils.py:204  report=GHSA-9379-MWVR-7WXX
repo=https://github.com/NVIDIA/NeMo
commit=4d313cf5f097529420f27278b28a569e15190b1b
expected code:
            bytes = context_idx_tensor.cpu().numpy().tobytes()
expected normalized: 'bytes = context_idx_tensor.cpu().numpy().tobytes()'
----------------------------------------------------------------------------------------------------
step=original_location status=matched
detail=compare node code with source at the recorded file/line
compared source: nemo/collections/speechlm/utils/text_generation/audio_text_generation_utils.py:204
actual code:
            bytes = context_idx_tensor.cpu().numpy().tobytes()
actual normalized: 'bytes = context_idx_tensor.cpu().numpy().tobytes()'

====================================================================================================
entry-00153 trace[2]  nemo/collections/speechlm/utils/text_generation/audio_text_generation_utils.py:205  report=GHSA-9379-MWVR-7WXX
repo=https://github.com/NVIDIA/NeMo
commit=4d313cf5f097529420f27278b28a569e15190b1b
expected code:
            context_start_idx = pickle.loads(bytes)
expected normalized: 'context_start_idx = pickle.loads(bytes)'
----------------------------------------------------------------------------------------------------
step=original_location status=matched
detail=compare node code with source at the recorded file/line
compared source: nemo/collections/speechlm/utils/text_generation/audio_text_generation_utils.py:205
actual code:
            context_start_idx = pickle.loads(bytes)
actual normalized: 'context_start_idx = pickle.loads(bytes)'
