====================================================================================================
entry-00382 entry_point  src/cli/plugins-install-command.ts:122  report=GHSA-M3MH-3MPG-37HW
repo=https://github.com/openclaw/openclaw
commit=a0b9dc007823dff69832b16419c9511b321d8e1b
expected code:
      const result = await installHooksFromPath({
expected normalized: 'const result = await installHooksFromPath({'
----------------------------------------------------------------------------------------------------
step=original_location status=matched
detail=compare node code with source at the recorded file/line
compared source: src/cli/plugins-install-command.ts:122
actual code:
      const result = await installHooksFromPath({
actual normalized: 'const result = await installHooksFromPath({'

====================================================================================================
entry-00382 critical_operation  src/infra/install-package-dir.ts:194  report=GHSA-M3MH-3MPG-37HW
repo=https://github.com/openclaw/openclaw
commit=a0b9dc007823dff69832b16419c9511b321d8e1b
expected code:
          ["npm", "install", "--omit=dev", "--silent", "--ignore-scripts"],
expected normalized: '["npm", "install", "--omit=dev", "--silent", "--ignore-scripts"],'
----------------------------------------------------------------------------------------------------
step=original_location status=matched
detail=compare node code with source at the recorded file/line
compared source: src/infra/install-package-dir.ts:194
actual code:
          ["npm", "install", "--omit=dev", "--silent", "--ignore-scripts"],
actual normalized: '["npm", "install", "--omit=dev", "--silent", "--ignore-scripts"],'

====================================================================================================
entry-00382 trace[0]  src/cli/plugins-install-command.ts:122  report=GHSA-M3MH-3MPG-37HW
repo=https://github.com/openclaw/openclaw
commit=a0b9dc007823dff69832b16419c9511b321d8e1b
expected code:
      const result = await installHooksFromPath({
expected normalized: 'const result = await installHooksFromPath({'
----------------------------------------------------------------------------------------------------
step=original_location status=matched
detail=compare node code with source at the recorded file/line
compared source: src/cli/plugins-install-command.ts:122
actual code:
      const result = await installHooksFromPath({
actual normalized: 'const result = await installHooksFromPath({'

====================================================================================================
entry-00382 trace[1]  src/hooks/install.ts:445  report=GHSA-M3MH-3MPG-37HW
repo=https://github.com/openclaw/openclaw
commit=a0b9dc007823dff69832b16419c9511b321d8e1b
expected code:
    export async function installHooksFromPath(
expected normalized: 'export async function installHooksFromPath('
----------------------------------------------------------------------------------------------------
step=original_location status=matched
detail=compare node code with source at the recorded file/line
compared source: src/hooks/install.ts:445
actual code:
    export async function installHooksFromPath(
actual normalized: 'export async function installHooksFromPath('

====================================================================================================
entry-00382 trace[2]  src/hooks/install.ts:151  report=GHSA-M3MH-3MPG-37HW
repo=https://github.com/openclaw/openclaw
commit=a0b9dc007823dff69832b16419c9511b321d8e1b
expected code:
    async function installFromResolvedHookDir(
expected normalized: 'async function installFromResolvedHookDir('
----------------------------------------------------------------------------------------------------
step=original_location status=matched
detail=compare node code with source at the recorded file/line
compared source: src/hooks/install.ts:151
actual code:
    async function installFromResolvedHookDir(
actual normalized: 'async function installFromResolvedHookDir('

====================================================================================================
entry-00382 trace[3]  src/hooks/install.ts:206  report=GHSA-M3MH-3MPG-37HW
repo=https://github.com/openclaw/openclaw
commit=a0b9dc007823dff69832b16419c9511b321d8e1b
expected code:
    async function installHookPackageFromDir(
expected normalized: 'async function installHookPackageFromDir('
----------------------------------------------------------------------------------------------------
step=original_location status=matched
detail=compare node code with source at the recorded file/line
compared source: src/hooks/install.ts:206
actual code:
    async function installHookPackageFromDir(
actual normalized: 'async function installHookPackageFromDir('

====================================================================================================
entry-00382 trace[4]  src/hooks/install.ts:292  report=GHSA-M3MH-3MPG-37HW
repo=https://github.com/openclaw/openclaw
commit=a0b9dc007823dff69832b16419c9511b321d8e1b
expected code:
      const installRes = await runtime.installPackageDirWithManifestDeps({
expected normalized: 'const installRes = await runtime.installPackageDirWithManifestDeps({'
----------------------------------------------------------------------------------------------------
step=original_location status=matched
detail=compare node code with source at the recorded file/line
compared source: src/hooks/install.ts:292
actual code:
      const installRes = await runtime.installPackageDirWithManifestDeps({
actual normalized: 'const installRes = await runtime.installPackageDirWithManifestDeps({'

====================================================================================================
entry-00382 trace[5]  src/infra/install-package-dir.ts:177  report=GHSA-M3MH-3MPG-37HW
repo=https://github.com/openclaw/openclaw
commit=a0b9dc007823dff69832b16419c9511b321d8e1b
expected code:
        await fs.cp(params.sourceDir, stageDir, { recursive: true });
expected normalized: 'await fs.cp(params.sourceDir, stageDir, { recursive: true });'
----------------------------------------------------------------------------------------------------
step=original_location status=matched
detail=compare node code with source at the recorded file/line
compared source: src/infra/install-package-dir.ts:177
actual code:
        await fs.cp(params.sourceDir, stageDir, { recursive: true });
actual normalized: 'await fs.cp(params.sourceDir, stageDir, { recursive: true });'

====================================================================================================
entry-00382 trace[6]  src/infra/install-package-dir.ts:194  report=GHSA-M3MH-3MPG-37HW
repo=https://github.com/openclaw/openclaw
commit=a0b9dc007823dff69832b16419c9511b321d8e1b
expected code:
          ["npm", "install", "--omit=dev", "--silent", "--ignore-scripts"],
expected normalized: '["npm", "install", "--omit=dev", "--silent", "--ignore-scripts"],'
----------------------------------------------------------------------------------------------------
step=original_location status=matched
detail=compare node code with source at the recorded file/line
compared source: src/infra/install-package-dir.ts:194
actual code:
          ["npm", "install", "--omit=dev", "--silent", "--ignore-scripts"],
actual normalized: '["npm", "install", "--omit=dev", "--silent", "--ignore-scripts"],'
