====================================================================================================
entry-00369 entry_point  src/auto-reply/reply/commands-acp.ts:59  report=GHSA-3W6X-GV34-MQPF
repo=https://github.com/openclaw/openclaw
commit=a47722de7e3c9cbda8d5512747ca7e3bb8f6ee66
expected code:
    export const handleAcpCommand: CommandHandler = async (params, allowTextCommands) => {
expected normalized: 'export const handleAcpCommand: CommandHandler = async (params, allowTextCommands) => {'
----------------------------------------------------------------------------------------------------
step=original_location status=matched
detail=compare node code with source at the recorded file/line
compared source: src/auto-reply/reply/commands-acp.ts:59
actual code:
    export const handleAcpCommand: CommandHandler = async (params, allowTextCommands) => {
actual normalized: 'export const handleAcpCommand: CommandHandler = async (params, allowTextCommands) => {'

====================================================================================================
entry-00369 critical_operation  src/auto-reply/reply/commands-acp/lifecycle.ts:248  report=GHSA-3W6X-GV34-MQPF
repo=https://github.com/openclaw/openclaw
commit=a47722de7e3c9cbda8d5512747ca7e3bb8f6ee66
expected code:
    export async function handleAcpSpawnAction(
expected normalized: 'export async function handleAcpSpawnAction('
----------------------------------------------------------------------------------------------------
step=original_location status=matched
detail=compare node code with source at the recorded file/line
compared source: src/auto-reply/reply/commands-acp/lifecycle.ts:248
actual code:
    export async function handleAcpSpawnAction(
actual normalized: 'export async function handleAcpSpawnAction('

====================================================================================================
entry-00369 trace[0]  src/auto-reply/reply/commands-acp.ts:41  report=GHSA-3W6X-GV34-MQPF
repo=https://github.com/openclaw/openclaw
commit=a47722de7e3c9cbda8d5512747ca7e3bb8f6ee66
expected code:
    const ACP_ACTION_HANDLERS: Record<Exclude<AcpAction, "help">, AcpActionHandler> = {
expected normalized: 'const ACP_ACTION_HANDLERS: Record<Exclude<AcpAction, "help">, AcpActionHandler> = {'
----------------------------------------------------------------------------------------------------
step=original_location status=matched
detail=compare node code with source at the recorded file/line
compared source: src/auto-reply/reply/commands-acp.ts:41
actual code:
    const ACP_ACTION_HANDLERS: Record<Exclude<AcpAction, "help">, AcpActionHandler> = {
actual normalized: 'const ACP_ACTION_HANDLERS: Record<Exclude<AcpAction, "help">, AcpActionHandler> = {'

====================================================================================================
entry-00369 trace[1]  src/auto-reply/reply/commands-acp.ts:81  report=GHSA-3W6X-GV34-MQPF
repo=https://github.com/openclaw/openclaw
commit=a47722de7e3c9cbda8d5512747ca7e3bb8f6ee66
expected code:
      const handler = ACP_ACTION_HANDLERS[action];
expected normalized: 'const handler = ACP_ACTION_HANDLERS[action];'
----------------------------------------------------------------------------------------------------
step=original_location status=matched
detail=compare node code with source at the recorded file/line
compared source: src/auto-reply/reply/commands-acp.ts:81
actual code:
      const handler = ACP_ACTION_HANDLERS[action];
actual normalized: 'const handler = ACP_ACTION_HANDLERS[action];'

====================================================================================================
entry-00369 trace[2]  src/auto-reply/reply/commands-acp/lifecycle.ts:456  report=GHSA-3W6X-GV34-MQPF
repo=https://github.com/openclaw/openclaw
commit=a47722de7e3c9cbda8d5512747ca7e3bb8f6ee66
expected code:
    export async function handleAcpCancelAction(
expected normalized: 'export async function handleAcpCancelAction('
----------------------------------------------------------------------------------------------------
step=original_location status=matched
detail=compare node code with source at the recorded file/line
compared source: src/auto-reply/reply/commands-acp/lifecycle.ts:456
actual code:
    export async function handleAcpCancelAction(
actual normalized: 'export async function handleAcpCancelAction('
