====================================================================================================
entry-00124 entry_point  src/gateway/server-methods/usage.ts:334  report=GHSA-64QX-VPXX-MVQF
repo=https://github.com/openclaw/openclaw
commit=3eb6a31b6fcf8268456988bfa8e3637d373438c2
expected code:
          const sessionFile = resolveSessionFilePath(sessionId, storeEntry, {
expected normalized: 'const sessionFile = resolveSessionFilePath(sessionId, storeEntry, {'
----------------------------------------------------------------------------------------------------
step=original_location status=matched
detail=compare node code with source at the recorded file/line
compared source: src/gateway/server-methods/usage.ts:334
actual code:
          const sessionFile = resolveSessionFilePath(sessionId, storeEntry, {
actual normalized: 'const sessionFile = resolveSessionFilePath(sessionId, storeEntry, {'

====================================================================================================
entry-00124 critical_operation  src/config/sessions/paths.ts:59  report=GHSA-64QX-VPXX-MVQF
repo=https://github.com/openclaw/openclaw
commit=3eb6a31b6fcf8268456988bfa8e3637d373438c2
expected code:
      return candidate ? candidate : resolveSessionTranscriptPath(sessionId, opts?.agentId);
expected normalized: 'return candidate ? candidate : resolveSessionTranscriptPath(sessionId, opts?.agentId);'
----------------------------------------------------------------------------------------------------
step=original_location status=matched
detail=compare node code with source at the recorded file/line
compared source: src/config/sessions/paths.ts:59
actual code:
      return candidate ? candidate : resolveSessionTranscriptPath(sessionId, opts?.agentId);
actual normalized: 'return candidate ? candidate : resolveSessionTranscriptPath(sessionId, opts?.agentId);'

====================================================================================================
entry-00124 trace[0]  src/gateway/server-methods/usage.ts:334  report=GHSA-64QX-VPXX-MVQF
repo=https://github.com/openclaw/openclaw
commit=3eb6a31b6fcf8268456988bfa8e3637d373438c2
expected code:
          const sessionFile = resolveSessionFilePath(sessionId, storeEntry, {
expected normalized: 'const sessionFile = resolveSessionFilePath(sessionId, storeEntry, {'
----------------------------------------------------------------------------------------------------
step=original_location status=matched
detail=compare node code with source at the recorded file/line
compared source: src/gateway/server-methods/usage.ts:334
actual code:
          const sessionFile = resolveSessionFilePath(sessionId, storeEntry, {
actual normalized: 'const sessionFile = resolveSessionFilePath(sessionId, storeEntry, {'

====================================================================================================
entry-00124 trace[1]  src/config/sessions/paths.ts:53  report=GHSA-64QX-VPXX-MVQF
repo=https://github.com/openclaw/openclaw
commit=3eb6a31b6fcf8268456988bfa8e3637d373438c2
expected code:
    export function resolveSessionFilePath(
expected normalized: 'export function resolveSessionFilePath('
----------------------------------------------------------------------------------------------------
step=original_location status=matched
detail=compare node code with source at the recorded file/line
compared source: src/config/sessions/paths.ts:53
actual code:
    export function resolveSessionFilePath(
actual normalized: 'export function resolveSessionFilePath('

====================================================================================================
entry-00124 trace[2]  src/config/sessions/paths.ts:58  report=GHSA-64QX-VPXX-MVQF
repo=https://github.com/openclaw/openclaw
commit=3eb6a31b6fcf8268456988bfa8e3637d373438c2
expected code:
      const candidate = entry?.sessionFile?.trim();
expected normalized: 'const candidate = entry?.sessionFile?.trim();'
----------------------------------------------------------------------------------------------------
step=original_location status=matched
detail=compare node code with source at the recorded file/line
compared source: src/config/sessions/paths.ts:58
actual code:
      const candidate = entry?.sessionFile?.trim();
actual normalized: 'const candidate = entry?.sessionFile?.trim();'

====================================================================================================
entry-00124 trace[3]  src/config/sessions/paths.ts:59  report=GHSA-64QX-VPXX-MVQF
repo=https://github.com/openclaw/openclaw
commit=3eb6a31b6fcf8268456988bfa8e3637d373438c2
expected code:
      return candidate ? candidate : resolveSessionTranscriptPath(sessionId, opts?.agentId);
expected normalized: 'return candidate ? candidate : resolveSessionTranscriptPath(sessionId, opts?.agentId);'
----------------------------------------------------------------------------------------------------
step=original_location status=matched
detail=compare node code with source at the recorded file/line
compared source: src/config/sessions/paths.ts:59
actual code:
      return candidate ? candidate : resolveSessionTranscriptPath(sessionId, opts?.agentId);
actual normalized: 'return candidate ? candidate : resolveSessionTranscriptPath(sessionId, opts?.agentId);'
