====================================================================================================
entry-00144 entry_point  extensions/voice-call/src/manager.ts:463  report=GHSA-4RJ2-GPMH-QQ5X
repo=https://github.com/openclaw/openclaw
commit=fc40ba8e7eb1345afdb1c8d274219cd702b73354
expected code:
      private shouldAcceptInbound(from: string | undefined): boolean {
expected normalized: 'private shouldAcceptInbound(from: string | undefined): boolean {'
----------------------------------------------------------------------------------------------------
step=original_location status=matched
detail=compare node code with source at the recorded file/line
compared source: extensions/voice-call/src/manager.ts:463
actual code:
      private shouldAcceptInbound(from: string | undefined): boolean {
actual normalized: 'private shouldAcceptInbound(from: string | undefined): boolean {'

====================================================================================================
entry-00144 critical_operation  extensions/voice-call/src/manager.ts:486  report=GHSA-4RJ2-GPMH-QQ5X
repo=https://github.com/openclaw/openclaw
commit=fc40ba8e7eb1345afdb1c8d274219cd702b73354
expected code:
            return allowed;
expected normalized: 'return allowed;'
----------------------------------------------------------------------------------------------------
step=original_location status=matched
detail=compare node code with source at the recorded file/line
compared source: extensions/voice-call/src/manager.ts:486
actual code:
            return allowed;
actual normalized: 'return allowed;'

====================================================================================================
entry-00144 trace[0]  extensions/voice-call/src/manager.ts:463  report=GHSA-4RJ2-GPMH-QQ5X
repo=https://github.com/openclaw/openclaw
commit=fc40ba8e7eb1345afdb1c8d274219cd702b73354
expected code:
      private shouldAcceptInbound(from: string | undefined): boolean {
expected normalized: 'private shouldAcceptInbound(from: string | undefined): boolean {'
----------------------------------------------------------------------------------------------------
step=original_location status=matched
detail=compare node code with source at the recorded file/line
compared source: extensions/voice-call/src/manager.ts:463
actual code:
      private shouldAcceptInbound(from: string | undefined): boolean {
actual normalized: 'private shouldAcceptInbound(from: string | undefined): boolean {'

====================================================================================================
entry-00144 trace[1]  extensions/voice-call/src/manager.ts:464  report=GHSA-4RJ2-GPMH-QQ5X
repo=https://github.com/openclaw/openclaw
commit=fc40ba8e7eb1345afdb1c8d274219cd702b73354
expected code:
        const { inboundPolicy: policy, allowFrom } = this.config;
expected normalized: 'const { inboundPolicy: policy, allowFrom } = this.config;'
----------------------------------------------------------------------------------------------------
step=original_location status=matched
detail=compare node code with source at the recorded file/line
compared source: extensions/voice-call/src/manager.ts:464
actual code:
        const { inboundPolicy: policy, allowFrom } = this.config;
actual normalized: 'const { inboundPolicy: policy, allowFrom } = this.config;'

====================================================================================================
entry-00144 trace[2]  extensions/voice-call/src/manager.ts:475  report=GHSA-4RJ2-GPMH-QQ5X
repo=https://github.com/openclaw/openclaw
commit=fc40ba8e7eb1345afdb1c8d274219cd702b73354
expected code:
          case "allowlist":
expected normalized: 'case "allowlist":'
----------------------------------------------------------------------------------------------------
step=original_location status=matched
detail=compare node code with source at the recorded file/line
compared source: extensions/voice-call/src/manager.ts:475
actual code:
          case "allowlist":
actual normalized: 'case "allowlist":'

====================================================================================================
entry-00144 trace[3]  extensions/voice-call/src/manager.ts:482  report=GHSA-4RJ2-GPMH-QQ5X
repo=https://github.com/openclaw/openclaw
commit=fc40ba8e7eb1345afdb1c8d274219cd702b73354
expected code:
            const status = allowed ? "accepted" : "rejected";
expected normalized: 'const status = allowed ? "accepted" : "rejected";'
----------------------------------------------------------------------------------------------------
step=original_location status=matched
detail=compare node code with source at the recorded file/line
compared source: extensions/voice-call/src/manager.ts:482
actual code:
            const status = allowed ? "accepted" : "rejected";
actual normalized: 'const status = allowed ? "accepted" : "rejected";'

====================================================================================================
entry-00144 trace[4]  extensions/voice-call/src/manager.ts:486  report=GHSA-4RJ2-GPMH-QQ5X
repo=https://github.com/openclaw/openclaw
commit=fc40ba8e7eb1345afdb1c8d274219cd702b73354
expected code:
            return allowed;
expected normalized: 'return allowed;'
----------------------------------------------------------------------------------------------------
step=original_location status=matched
detail=compare node code with source at the recorded file/line
compared source: extensions/voice-call/src/manager.ts:486
actual code:
            return allowed;
actual normalized: 'return allowed;'
