====================================================================================================
entry-00180 entry_point  packages/@n8n/task-runner/src/js-task-runner/js-task-runner.ts:633  report=GHSA-VPCF-GVG4-6QWR
repo=https://github.com/n8n-io/n8n
commit=8e81f3e31398b04fd6f8cc27cf844980cd382117
expected code:
    	buildContext(
expected normalized: 'buildContext('
----------------------------------------------------------------------------------------------------
step=original_location status=matched
detail=compare node code with source at the recorded file/line
compared source: packages/@n8n/task-runner/src/js-task-runner/js-task-runner.ts:633
actual code:
    	buildContext(
actual normalized: 'buildContext('

====================================================================================================
entry-00180 critical_operation  packages/@n8n/task-runner/src/js-task-runner/js-task-runner.ts:677  report=GHSA-VPCF-GVG4-6QWR
repo=https://github.com/n8n-io/n8n
commit=8e81f3e31398b04fd6f8cc27cf844980cd382117
expected code:
    			`module.exports = async function VmCodeWrapper() {${code}\n}()`,
expected normalized: '`module.exports = async function VmCodeWrapper() {${code}\\n}()`,'
----------------------------------------------------------------------------------------------------
step=original_location status=matched
detail=compare node code with source at the recorded file/line
compared source: packages/@n8n/task-runner/src/js-task-runner/js-task-runner.ts:677
actual code:
    			`module.exports = async function VmCodeWrapper() {${code}\n}()`,
actual normalized: '`module.exports = async function VmCodeWrapper() {${code}\\n}()`,'

====================================================================================================
entry-00180 trace[0]  packages/@n8n/task-runner/src/js-task-runner/js-task-runner.ts:633  report=GHSA-VPCF-GVG4-6QWR
repo=https://github.com/n8n-io/n8n
commit=8e81f3e31398b04fd6f8cc27cf844980cd382117
expected code:
    	buildContext(
expected normalized: 'buildContext('
----------------------------------------------------------------------------------------------------
step=original_location status=matched
detail=compare node code with source at the recorded file/line
compared source: packages/@n8n/task-runner/src/js-task-runner/js-task-runner.ts:633
actual code:
    	buildContext(
actual normalized: 'buildContext('

====================================================================================================
entry-00180 trace[1]  packages/@n8n/task-runner/src/js-task-runner/js-task-runner.ts:640  report=GHSA-VPCF-GVG4-6QWR
repo=https://github.com/n8n-io/n8n
commit=8e81f3e31398b04fd6f8cc27cf844980cd382117
expected code:
    		return createContext({
expected normalized: 'return createContext({'
----------------------------------------------------------------------------------------------------
step=original_location status=matched
detail=compare node code with source at the recorded file/line
compared source: packages/@n8n/task-runner/src/js-task-runner/js-task-runner.ts:640
actual code:
    		return createContext({
actual normalized: 'return createContext({'

====================================================================================================
entry-00180 trace[2]  packages/@n8n/task-runner/src/js-task-runner/js-task-runner.ts:653  report=GHSA-VPCF-GVG4-6QWR
repo=https://github.com/n8n-io/n8n
commit=8e81f3e31398b04fd6f8cc27cf844980cd382117
expected code:
    	private createVmExecutableCode(code: string) {
expected normalized: 'private createVmExecutableCode(code: string) {'
----------------------------------------------------------------------------------------------------
step=original_location status=matched
detail=compare node code with source at the recorded file/line
compared source: packages/@n8n/task-runner/src/js-task-runner/js-task-runner.ts:653
actual code:
    	private createVmExecutableCode(code: string) {
actual normalized: 'private createVmExecutableCode(code: string) {'

====================================================================================================
entry-00180 trace[3]  packages/@n8n/task-runner/src/js-task-runner/js-task-runner.ts:677  report=GHSA-VPCF-GVG4-6QWR
repo=https://github.com/n8n-io/n8n
commit=8e81f3e31398b04fd6f8cc27cf844980cd382117
expected code:
    			`module.exports = async function VmCodeWrapper() {${code}\n}()`,
expected normalized: '`module.exports = async function VmCodeWrapper() {${code}\\n}()`,'
----------------------------------------------------------------------------------------------------
step=original_location status=matched
detail=compare node code with source at the recorded file/line
compared source: packages/@n8n/task-runner/src/js-task-runner/js-task-runner.ts:677
actual code:
    			`module.exports = async function VmCodeWrapper() {${code}\n}()`,
actual normalized: '`module.exports = async function VmCodeWrapper() {${code}\\n}()`,'
