====================================================================================================
entry-00387 entry_point  src/gateway/server-methods/chat.ts:1225  report=GHSA-94PW-C6M8-P9P9
repo=https://github.com/openclaw/openclaw
commit=561acd16751c4062bb1c09c559cf63d1df9d3560
expected code:
      "chat.send": async ({ params, respond, context, client }) => {
expected normalized: '"chat.send": async ({ params, respond, context, client }) => {'
----------------------------------------------------------------------------------------------------
step=original_location status=matched
detail=compare node code with source at the recorded file/line
compared source: src/gateway/server-methods/chat.ts:1225
actual code:
      "chat.send": async ({ params, respond, context, client }) => {
actual normalized: '"chat.send": async ({ params, respond, context, client }) => {'

====================================================================================================
entry-00387 critical_operation  src/auto-reply/reply/commands-allowlist.ts:471  report=GHSA-94PW-C6M8-P9P9
repo=https://github.com/openclaw/openclaw
commit=561acd16751c4062bb1c09c559cf63d1df9d3560
expected code:
          await writeConfigFile(validated.config);
expected normalized: 'await writeConfigFile(validated.config);'
----------------------------------------------------------------------------------------------------
step=original_location status=matched
detail=compare node code with source at the recorded file/line
compared source: src/auto-reply/reply/commands-allowlist.ts:471
actual code:
          await writeConfigFile(validated.config);
actual normalized: 'await writeConfigFile(validated.config);'

====================================================================================================
entry-00387 trace[0]  src/gateway/server-methods/chat.ts:1417  report=GHSA-94PW-C6M8-P9P9
repo=https://github.com/openclaw/openclaw
commit=561acd16751c4062bb1c09c559cf63d1df9d3560
expected code:
            Body: messageForAgent,
expected normalized: 'Body: messageForAgent,'
----------------------------------------------------------------------------------------------------
step=original_location status=matched
detail=compare node code with source at the recorded file/line
compared source: src/gateway/server-methods/chat.ts:1417
actual code:
            Body: messageForAgent,
actual normalized: 'Body: messageForAgent,'

====================================================================================================
entry-00387 trace[1]  src/gateway/server-methods/chat.ts:1432  report=GHSA-94PW-C6M8-P9P9
repo=https://github.com/openclaw/openclaw
commit=561acd16751c4062bb1c09c559cf63d1df9d3560
expected code:
            CommandAuthorized: true,
expected normalized: 'CommandAuthorized: true,'
----------------------------------------------------------------------------------------------------
step=original_location status=matched
detail=compare node code with source at the recorded file/line
compared source: src/gateway/server-methods/chat.ts:1432
actual code:
            CommandAuthorized: true,
actual normalized: 'CommandAuthorized: true,'

====================================================================================================
entry-00387 trace[2]  src/gateway/server-methods/chat.ts:1437  report=GHSA-94PW-C6M8-P9P9
repo=https://github.com/openclaw/openclaw
commit=561acd16751c4062bb1c09c559cf63d1df9d3560
expected code:
            GatewayClientScopes: client?.connect?.scopes,
expected normalized: 'GatewayClientScopes: client?.connect?.scopes,'
----------------------------------------------------------------------------------------------------
step=original_location status=matched
detail=compare node code with source at the recorded file/line
compared source: src/gateway/server-methods/chat.ts:1437
actual code:
            GatewayClientScopes: client?.connect?.scopes,
actual normalized: 'GatewayClientScopes: client?.connect?.scopes,'

====================================================================================================
entry-00387 trace[3]  src/auto-reply/command-auth.ts:574  report=GHSA-94PW-C6M8-P9P9
repo=https://github.com/openclaw/openclaw
commit=561acd16751c4062bb1c09c559cf63d1df9d3560
expected code:
      const senderIsOwnerByScope =
expected normalized: 'const senderIsOwnerByScope ='
----------------------------------------------------------------------------------------------------
step=original_location status=matched
detail=compare node code with source at the recorded file/line
compared source: src/auto-reply/command-auth.ts:574
actual code:
      const senderIsOwnerByScope =
actual normalized: 'const senderIsOwnerByScope ='

====================================================================================================
entry-00387 trace[4]  src/auto-reply/command-auth.ts:579  report=GHSA-94PW-C6M8-P9P9
repo=https://github.com/openclaw/openclaw
commit=561acd16751c4062bb1c09c559cf63d1df9d3560
expected code:
      const senderIsOwner = senderIsOwnerByIdentity || senderIsOwnerByScope || ownerAllowAll;
expected normalized: 'const senderIsOwner = senderIsOwnerByIdentity || senderIsOwnerByScope || ownerAllowAll;'
----------------------------------------------------------------------------------------------------
step=original_location status=matched
detail=compare node code with source at the recorded file/line
compared source: src/auto-reply/command-auth.ts:579
actual code:
      const senderIsOwner = senderIsOwnerByIdentity || senderIsOwnerByScope || ownerAllowAll;
actual normalized: 'const senderIsOwner = senderIsOwnerByIdentity || senderIsOwnerByScope || ownerAllowAll;'

====================================================================================================
entry-00387 trace[5]  src/auto-reply/command-auth.ts:604  report=GHSA-94PW-C6M8-P9P9
repo=https://github.com/openclaw/openclaw
commit=561acd16751c4062bb1c09c559cf63d1df9d3560
expected code:
        isAuthorizedSender = commandAuthorized && isOwnerForCommands;
expected normalized: 'isAuthorizedSender = commandAuthorized && isOwnerForCommands;'
----------------------------------------------------------------------------------------------------
step=original_location status=matched
detail=compare node code with source at the recorded file/line
compared source: src/auto-reply/command-auth.ts:604
actual code:
        isAuthorizedSender = commandAuthorized && isOwnerForCommands;
actual normalized: 'isAuthorizedSender = commandAuthorized && isOwnerForCommands;'

====================================================================================================
entry-00387 trace[6]  src/auto-reply/reply/command-gates.ts:20  report=GHSA-94PW-C6M8-P9P9
repo=https://github.com/openclaw/openclaw
commit=561acd16751c4062bb1c09c559cf63d1df9d3560
expected code:
      if (params.command.isAuthorizedSender) {
expected normalized: 'if (params.command.isAuthorizedSender) {'
----------------------------------------------------------------------------------------------------
step=original_location status=matched
detail=compare node code with source at the recorded file/line
compared source: src/auto-reply/reply/command-gates.ts:20
actual code:
      if (params.command.isAuthorizedSender) {
actual normalized: 'if (params.command.isAuthorizedSender) {'

====================================================================================================
entry-00387 trace[7]  src/auto-reply/reply/commands-allowlist.ts:251  report=GHSA-94PW-C6M8-P9P9
repo=https://github.com/openclaw/openclaw
commit=561acd16751c4062bb1c09c559cf63d1df9d3560
expected code:
      const unauthorized = rejectUnauthorizedCommand(params, "/allowlist");
expected normalized: 'const unauthorized = rejectUnauthorizedCommand(params, "/allowlist");'
----------------------------------------------------------------------------------------------------
step=original_location status=matched
detail=compare node code with source at the recorded file/line
compared source: src/auto-reply/reply/commands-allowlist.ts:251
actual code:
      const unauthorized = rejectUnauthorizedCommand(params, "/allowlist");
actual normalized: 'const unauthorized = rejectUnauthorizedCommand(params, "/allowlist");'

====================================================================================================
entry-00387 trace[8]  src/auto-reply/reply/commands-allowlist.ts:386  report=GHSA-94PW-C6M8-P9P9
repo=https://github.com/openclaw/openclaw
commit=561acd16751c4062bb1c09c559cf63d1df9d3560
expected code:
      const disabled = requireCommandFlagEnabled(params.cfg, {
expected normalized: 'const disabled = requireCommandFlagEnabled(params.cfg, {'
----------------------------------------------------------------------------------------------------
step=original_location status=matched
detail=compare node code with source at the recorded file/line
compared source: src/auto-reply/reply/commands-allowlist.ts:386
actual code:
      const disabled = requireCommandFlagEnabled(params.cfg, {
actual normalized: 'const disabled = requireCommandFlagEnabled(params.cfg, {'

====================================================================================================
entry-00387 trace[9]  src/auto-reply/reply/commands-allowlist.ts:422  report=GHSA-94PW-C6M8-P9P9
repo=https://github.com/openclaw/openclaw
commit=561acd16751c4062bb1c09c559cf63d1df9d3560
expected code:
        const editResult = await plugin.allowlist.applyConfigEdit({
expected normalized: 'const editResult = await plugin.allowlist.applyConfigEdit({'
----------------------------------------------------------------------------------------------------
step=original_location status=matched
detail=compare node code with source at the recorded file/line
compared source: src/auto-reply/reply/commands-allowlist.ts:422
actual code:
        const editResult = await plugin.allowlist.applyConfigEdit({
actual normalized: 'const editResult = await plugin.allowlist.applyConfigEdit({'
