====================================================================================================
entry-00503 entry_point  extensions/feishu/src/monitor.transport.ts:161  report=GHSA-XH72-V6V9-MWHC
repo=https://github.com/openclaw/openclaw
commit=1f14c8d96b8662e155d5c10ea650da868e1a9e63
expected code:
      server.on("request", (req, res) => {
expected normalized: 'server.on("request", (req, res) => {'
----------------------------------------------------------------------------------------------------
step=original_location status=matched
detail=compare node code with source at the recorded file/line
compared source: extensions/feishu/src/monitor.transport.ts:161
actual code:
      server.on("request", (req, res) => {
actual normalized: 'server.on("request", (req, res) => {'

====================================================================================================
entry-00503 critical_operation  extensions/feishu/src/monitor.transport.ts:59  report=GHSA-XH72-V6V9-MWHC
repo=https://github.com/openclaw/openclaw
commit=1f14c8d96b8662e155d5c10ea650da868e1a9e63
expected code:
        return true;
expected normalized: 'return true;'
----------------------------------------------------------------------------------------------------
step=original_location status=matched
detail=compare node code with source at the recorded file/line
compared source: extensions/feishu/src/monitor.transport.ts:59
actual code:
        return true;
actual normalized: 'return true;'

====================================================================================================
entry-00503 trace[0]  extensions/feishu/src/monitor.transport.ts:161  report=GHSA-XH72-V6V9-MWHC
repo=https://github.com/openclaw/openclaw
commit=1f14c8d96b8662e155d5c10ea650da868e1a9e63
expected code:
      server.on("request", (req, res) => {
expected normalized: 'server.on("request", (req, res) => {'
----------------------------------------------------------------------------------------------------
step=original_location status=matched
detail=compare node code with source at the recorded file/line
compared source: extensions/feishu/src/monitor.transport.ts:161
actual code:
      server.on("request", (req, res) => {
actual normalized: 'server.on("request", (req, res) => {'

====================================================================================================
entry-00503 trace[1]  extensions/feishu/src/monitor.transport.ts:204  report=GHSA-XH72-V6V9-MWHC
repo=https://github.com/openclaw/openclaw
commit=1f14c8d96b8662e155d5c10ea650da868e1a9e63
expected code:
            const rawBody = body.value;
expected normalized: 'const rawBody = body.value;'
----------------------------------------------------------------------------------------------------
step=original_location status=matched
detail=compare node code with source at the recorded file/line
compared source: extensions/feishu/src/monitor.transport.ts:204
actual code:
            const rawBody = body.value;
actual normalized: 'const rawBody = body.value;'

====================================================================================================
entry-00503 trace[2]  extensions/feishu/src/monitor.transport.ts:208  report=GHSA-XH72-V6V9-MWHC
repo=https://github.com/openclaw/openclaw
commit=1f14c8d96b8662e155d5c10ea650da868e1a9e63
expected code:
              !isFeishuWebhookSignatureValid({
expected normalized: '!isFeishuWebhookSignatureValid({'
----------------------------------------------------------------------------------------------------
step=original_location status=matched
detail=compare node code with source at the recorded file/line
compared source: extensions/feishu/src/monitor.transport.ts:208
actual code:
              !isFeishuWebhookSignatureValid({
actual normalized: '!isFeishuWebhookSignatureValid({'

====================================================================================================
entry-00503 trace[3]  extensions/feishu/src/monitor.transport.ts:57  report=GHSA-XH72-V6V9-MWHC
repo=https://github.com/openclaw/openclaw
commit=1f14c8d96b8662e155d5c10ea650da868e1a9e63
expected code:
      const encryptKey = params.encryptKey?.trim();
expected normalized: 'const encryptKey = params.encryptKey?.trim();'
----------------------------------------------------------------------------------------------------
step=original_location status=matched
detail=compare node code with source at the recorded file/line
compared source: extensions/feishu/src/monitor.transport.ts:57
actual code:
      const encryptKey = params.encryptKey?.trim();
actual normalized: 'const encryptKey = params.encryptKey?.trim();'

====================================================================================================
entry-00503 trace[4]  extensions/feishu/src/monitor.transport.ts:234  report=GHSA-XH72-V6V9-MWHC
repo=https://github.com/openclaw/openclaw
commit=1f14c8d96b8662e155d5c10ea650da868e1a9e63
expected code:
            const value = await eventDispatcher.invoke(buildFeishuWebhookEnvelope(req, payload), {
expected normalized: 'const value = await eventDispatcher.invoke(buildFeishuWebhookEnvelope(req, payload), {'
----------------------------------------------------------------------------------------------------
step=original_location status=matched
detail=compare node code with source at the recorded file/line
compared source: extensions/feishu/src/monitor.transport.ts:234
actual code:
            const value = await eventDispatcher.invoke(buildFeishuWebhookEnvelope(req, payload), {
actual normalized: 'const value = await eventDispatcher.invoke(buildFeishuWebhookEnvelope(req, payload), {'

====================================================================================================
entry-00503 trace[5]  extensions/feishu/src/monitor.transport.ts:59  report=GHSA-XH72-V6V9-MWHC
repo=https://github.com/openclaw/openclaw
commit=1f14c8d96b8662e155d5c10ea650da868e1a9e63
expected code:
        return true;
expected normalized: 'return true;'
----------------------------------------------------------------------------------------------------
step=original_location status=matched
detail=compare node code with source at the recorded file/line
compared source: extensions/feishu/src/monitor.transport.ts:59
actual code:
        return true;
actual normalized: 'return true;'
