====================================================================================================
entry-00257 entry_point  src/gateway/server-http.ts:631  report=GHSA-VVJH-F6P9-5VCF
repo=https://github.com/openclaw/openclaw
commit=f76f98b26896a7b01f3b2335bb34618c13655b10
expected code:
      httpServer.on("upgrade", (req, socket, head) => {
expected normalized: 'httpServer.on("upgrade", (req, socket, head) => {'
----------------------------------------------------------------------------------------------------
step=original_location status=matched
detail=compare node code with source at the recorded file/line
compared source: src/gateway/server-http.ts:631
actual code:
      httpServer.on("upgrade", (req, socket, head) => {
actual normalized: 'httpServer.on("upgrade", (req, socket, head) => {'

====================================================================================================
entry-00257 critical_operation  src/gateway/server-http.ts:173  report=GHSA-VVJH-F6P9-5VCF
repo=https://github.com/openclaw/openclaw
commit=f76f98b26896a7b01f3b2335bb34618c13655b10
expected code:
        return { ok: true };
expected normalized: 'return { ok: true };'
----------------------------------------------------------------------------------------------------
step=original_location status=matched
detail=compare node code with source at the recorded file/line
compared source: src/gateway/server-http.ts:173
actual code:
        return { ok: true };
actual normalized: 'return { ok: true };'

====================================================================================================
entry-00257 trace[0]  src/gateway/server-http.ts:631  report=GHSA-VVJH-F6P9-5VCF
repo=https://github.com/openclaw/openclaw
commit=f76f98b26896a7b01f3b2335bb34618c13655b10
expected code:
      httpServer.on("upgrade", (req, socket, head) => {
expected normalized: 'httpServer.on("upgrade", (req, socket, head) => {'
----------------------------------------------------------------------------------------------------
step=original_location status=matched
detail=compare node code with source at the recorded file/line
compared source: src/gateway/server-http.ts:631
actual code:
      httpServer.on("upgrade", (req, socket, head) => {
actual normalized: 'httpServer.on("upgrade", (req, socket, head) => {'

====================================================================================================
entry-00257 trace[1]  src/gateway/server-http.ts:635  report=GHSA-VVJH-F6P9-5VCF
repo=https://github.com/openclaw/openclaw
commit=f76f98b26896a7b01f3b2335bb34618c13655b10
expected code:
            if (url.pathname === CANVAS_WS_PATH) {
expected normalized: 'if (url.pathname === CANVAS_WS_PATH) {'
----------------------------------------------------------------------------------------------------
step=original_location status=matched
detail=compare node code with source at the recorded file/line
compared source: src/gateway/server-http.ts:635
actual code:
            if (url.pathname === CANVAS_WS_PATH) {
actual normalized: 'if (url.pathname === CANVAS_WS_PATH) {'

====================================================================================================
entry-00257 trace[2]  src/gateway/server-http.ts:638  report=GHSA-VVJH-F6P9-5VCF
repo=https://github.com/openclaw/openclaw
commit=f76f98b26896a7b01f3b2335bb34618c13655b10
expected code:
              const ok = await authorizeCanvasRequest({
expected normalized: 'const ok = await authorizeCanvasRequest({'
----------------------------------------------------------------------------------------------------
step=original_location status=matched
detail=compare node code with source at the recorded file/line
compared source: src/gateway/server-http.ts:638
actual code:
              const ok = await authorizeCanvasRequest({
actual normalized: 'const ok = await authorizeCanvasRequest({'

====================================================================================================
entry-00257 trace[3]  src/gateway/server-http.ts:137  report=GHSA-VVJH-F6P9-5VCF
repo=https://github.com/openclaw/openclaw
commit=f76f98b26896a7b01f3b2335bb34618c13655b10
expected code:
      const token = getBearerToken(req);
expected normalized: 'const token = getBearerToken(req);'
----------------------------------------------------------------------------------------------------
step=original_location status=matched
detail=compare node code with source at the recorded file/line
compared source: src/gateway/server-http.ts:137
actual code:
      const token = getBearerToken(req);
actual normalized: 'const token = getBearerToken(req);'

====================================================================================================
entry-00257 trace[4]  src/gateway/server-http.ts:158  report=GHSA-VVJH-F6P9-5VCF
repo=https://github.com/openclaw/openclaw
commit=f76f98b26896a7b01f3b2335bb34618c13655b10
expected code:
      if (!clientIp) {
expected normalized: 'if (!clientIp) {'
----------------------------------------------------------------------------------------------------
step=original_location status=matched
detail=compare node code with source at the recorded file/line
compared source: src/gateway/server-http.ts:158
actual code:
      if (!clientIp) {
actual normalized: 'if (!clientIp) {'

====================================================================================================
entry-00257 trace[5]  src/gateway/server-http.ts:169  report=GHSA-VVJH-F6P9-5VCF
repo=https://github.com/openclaw/openclaw
commit=f76f98b26896a7b01f3b2335bb34618c13655b10
expected code:
      if (hasProxyHeaders && !remoteIsTrustedProxy) {
expected normalized: 'if (hasProxyHeaders && !remoteIsTrustedProxy) {'
----------------------------------------------------------------------------------------------------
step=original_location status=matched
detail=compare node code with source at the recorded file/line
compared source: src/gateway/server-http.ts:169
actual code:
      if (hasProxyHeaders && !remoteIsTrustedProxy) {
actual normalized: 'if (hasProxyHeaders && !remoteIsTrustedProxy) {'

====================================================================================================
entry-00257 trace[6]  src/gateway/server-http.ts:173  report=GHSA-VVJH-F6P9-5VCF
repo=https://github.com/openclaw/openclaw
commit=f76f98b26896a7b01f3b2335bb34618c13655b10
expected code:
        return { ok: true };
expected normalized: 'return { ok: true };'
----------------------------------------------------------------------------------------------------
step=original_location status=matched
detail=compare node code with source at the recorded file/line
compared source: src/gateway/server-http.ts:173
actual code:
        return { ok: true };
actual normalized: 'return { ok: true };'
