====================================================================================================
entry-00063 entry_point  packages/server/src/enterprise/routes/account.route.ts:9  report=GHSA-V5W9-PRXF-W882
repo=https://github.com/FlowiseAI/Flowise
commit=7c803f4e0bd9e7a794a4ef2a2b45e58adff61a50
expected code:
    router.post('/register', accountController.register)
expected normalized: "router.post('/register', accountController.register)"
----------------------------------------------------------------------------------------------------
step=original_location status=matched
detail=compare node code with source at the recorded file/line
compared source: packages/server/src/enterprise/routes/account.route.ts:9
actual code:
    router.post('/register', accountController.register)
actual normalized: "router.post('/register', accountController.register)"

====================================================================================================
entry-00063 critical_operation  packages/server/src/enterprise/services/account.service.ts:112-119  report=GHSA-V5W9-PRXF-W882
repo=https://github.com/FlowiseAI/Flowise
commit=7c803f4e0bd9e7a794a4ef2a2b45e58adff61a50
expected code:
            switch (platform) {
                case Platform.OPEN_SOURCE:
                    data.organization.name = OrganizationName.DEFAULT_ORGANIZATION
                    data.organizationUser.role = await this.roleService.readGeneralRoleByName(GeneralRole.OWNER, queryRunner)
                    data.workspace.name = WorkspaceName.DEFAULT_WORKSPACE
                    data.workspaceUser.role = data.organizationUser.role
                    data.user.status = UserStatus.ACTIVE
                    data.user = await this.userService.createNewUser(data.user, queryRunner)
expected normalized: 'switch (platform) { case Platform.OPEN_SOURCE: data.organization.name = OrganizationName.DEFAULT_ORGANIZATION data.organizationUser.role = await this.roleService.readGeneralRoleByName(GeneralRole.OWNER, queryRunner) data.workspace.name = WorkspaceName.DEFAULT_WORKSPACE data.workspaceUser.role = data.organizationUser.role data.user.status = UserStatus.ACTIVE data.user = await this.userService.createNewUser(data.user, queryRunner)'
----------------------------------------------------------------------------------------------------
step=original_location status=matched
detail=compare node code with source at the recorded file/line
compared source: packages/server/src/enterprise/services/account.service.ts:112-119
actual code:
            switch (platform) {
                case Platform.OPEN_SOURCE:
                    data.organization.name = OrganizationName.DEFAULT_ORGANIZATION
                    data.organizationUser.role = await this.roleService.readGeneralRoleByName(GeneralRole.OWNER, queryRunner)
                    data.workspace.name = WorkspaceName.DEFAULT_WORKSPACE
                    data.workspaceUser.role = data.organizationUser.role
                    data.user.status = UserStatus.ACTIVE
                    data.user = await this.userService.createNewUser(data.user, queryRunner)
actual normalized: 'switch (platform) { case Platform.OPEN_SOURCE: data.organization.name = OrganizationName.DEFAULT_ORGANIZATION data.organizationUser.role = await this.roleService.readGeneralRoleByName(GeneralRole.OWNER, queryRunner) data.workspace.name = WorkspaceName.DEFAULT_WORKSPACE data.workspaceUser.role = data.organizationUser.role data.user.status = UserStatus.ACTIVE data.user = await this.userService.createNewUser(data.user, queryRunner)'

====================================================================================================
entry-00063 trace[0]  packages/server/src/enterprise/routes/account.route.ts:9  report=GHSA-V5W9-PRXF-W882
repo=https://github.com/FlowiseAI/Flowise
commit=7c803f4e0bd9e7a794a4ef2a2b45e58adff61a50
expected code:
    router.post('/register', accountController.register)
expected normalized: "router.post('/register', accountController.register)"
----------------------------------------------------------------------------------------------------
step=original_location status=matched
detail=compare node code with source at the recorded file/line
compared source: packages/server/src/enterprise/routes/account.route.ts:9
actual code:
    router.post('/register', accountController.register)
actual normalized: "router.post('/register', accountController.register)"

====================================================================================================
entry-00063 trace[1]  packages/server/src/utils/constants.ts:34  report=GHSA-V5W9-PRXF-W882
repo=https://github.com/FlowiseAI/Flowise
commit=7c803f4e0bd9e7a794a4ef2a2b45e58adff61a50
expected code:
        '/api/v1/account/register',
expected normalized: "'/api/v1/account/register',"
----------------------------------------------------------------------------------------------------
step=original_location status=matched
detail=compare node code with source at the recorded file/line
compared source: packages/server/src/utils/constants.ts:34
actual code:
        '/api/v1/account/register',
actual normalized: "'/api/v1/account/register',"

====================================================================================================
entry-00063 trace[2]  packages/server/src/index.ts:196-198  report=GHSA-V5W9-PRXF-W882
repo=https://github.com/FlowiseAI/Flowise
commit=7c803f4e0bd9e7a794a4ef2a2b45e58adff61a50
expected code:
                        const isWhitelisted = whitelistURLs.some((url) => req.path.startsWith(url))
                        if (isWhitelisted) {
                            next()
expected normalized: 'const isWhitelisted = whitelistURLs.some((url) => req.path.startsWith(url)) if (isWhitelisted) { next()'
----------------------------------------------------------------------------------------------------
step=original_location status=matched
detail=compare node code with source at the recorded file/line
compared source: packages/server/src/index.ts:196-198
actual code:
                        const isWhitelisted = whitelistURLs.some((url) => req.path.startsWith(url))
                        if (isWhitelisted) {
                            next()
actual normalized: 'const isWhitelisted = whitelistURLs.some((url) => req.path.startsWith(url)) if (isWhitelisted) { next()'

====================================================================================================
entry-00063 trace[3]  packages/server/src/enterprise/controllers/account.controller.ts:8-16  report=GHSA-V5W9-PRXF-W882
repo=https://github.com/FlowiseAI/Flowise
commit=7c803f4e0bd9e7a794a4ef2a2b45e58adff61a50
expected code:
        public async register(req: Request, res: Response, next: NextFunction) {
            try {
                const accountService = new AccountService()
                const data = await accountService.register(req.body)
                return res.status(StatusCodes.CREATED).json(data)
            } catch (error) {
                next(error)
            }
        }
expected normalized: 'public async register(req: Request, res: Response, next: NextFunction) { try { const accountService = new AccountService() const data = await accountService.register(req.body) return res.status(StatusCodes.CREATED).json(data) } catch (error) { next(error) } }'
----------------------------------------------------------------------------------------------------
step=original_location status=matched
detail=compare node code with source at the recorded file/line
compared source: packages/server/src/enterprise/controllers/account.controller.ts:8-16
actual code:
        public async register(req: Request, res: Response, next: NextFunction) {
            try {
                const accountService = new AccountService()
                const data = await accountService.register(req.body)
                return res.status(StatusCodes.CREATED).json(data)
            } catch (error) {
                next(error)
            }
        }
actual normalized: 'public async register(req: Request, res: Response, next: NextFunction) { try { const accountService = new AccountService() const data = await accountService.register(req.body) return res.status(StatusCodes.CREATED).json(data) } catch (error) { next(error) } }'

====================================================================================================
entry-00063 trace[4]  packages/server/src/enterprise/services/account.service.ts:268-270  report=GHSA-V5W9-PRXF-W882
repo=https://github.com/FlowiseAI/Flowise
commit=7c803f4e0bd9e7a794a4ef2a2b45e58adff61a50
expected code:
        public async register(data: AccountDTO) {
            return await this.saveRegisterAccount(data)
        }
expected normalized: 'public async register(data: AccountDTO) { return await this.saveRegisterAccount(data) }'
----------------------------------------------------------------------------------------------------
step=original_location status=matched
detail=compare node code with source at the recorded file/line
compared source: packages/server/src/enterprise/services/account.service.ts:268-270
actual code:
        public async register(data: AccountDTO) {
            return await this.saveRegisterAccount(data)
        }
actual normalized: 'public async register(data: AccountDTO) { return await this.saveRegisterAccount(data) }'

====================================================================================================
entry-00063 trace[5]  packages/server/src/enterprise/services/account.service.ts:231-237  report=GHSA-V5W9-PRXF-W882
repo=https://github.com/FlowiseAI/Flowise
commit=7c803f4e0bd9e7a794a4ef2a2b45e58adff61a50
expected code:
        private async saveRegisterAccount(data: AccountDTO) {
            const queryRunner = this.dataSource.createQueryRunner()
            await queryRunner.connect()
            const platform = this.identityManager.getPlatformType()
            const ownerRole = await this.roleService.readGeneralRoleByName(GeneralRole.OWNER, queryRunner)
    
            try {
expected normalized: 'private async saveRegisterAccount(data: AccountDTO) { const queryRunner = this.dataSource.createQueryRunner() await queryRunner.connect() const platform = this.identityManager.getPlatformType() const ownerRole = await this.roleService.readGeneralRoleByName(GeneralRole.OWNER, queryRunner) try {'
----------------------------------------------------------------------------------------------------
step=original_location status=matched
detail=compare node code with source at the recorded file/line
compared source: packages/server/src/enterprise/services/account.service.ts:231-237
actual code:
        private async saveRegisterAccount(data: AccountDTO) {
            const queryRunner = this.dataSource.createQueryRunner()
            await queryRunner.connect()
            const platform = this.identityManager.getPlatformType()
            const ownerRole = await this.roleService.readGeneralRoleByName(GeneralRole.OWNER, queryRunner)
    
            try {
actual normalized: 'private async saveRegisterAccount(data: AccountDTO) { const queryRunner = this.dataSource.createQueryRunner() await queryRunner.connect() const platform = this.identityManager.getPlatformType() const ownerRole = await this.roleService.readGeneralRoleByName(GeneralRole.OWNER, queryRunner) try {'

====================================================================================================
entry-00063 trace[6]  packages/server/src/enterprise/services/account.service.ts:112-119  report=GHSA-V5W9-PRXF-W882
repo=https://github.com/FlowiseAI/Flowise
commit=7c803f4e0bd9e7a794a4ef2a2b45e58adff61a50
expected code:
            switch (platform) {
                case Platform.OPEN_SOURCE:
                    data.organization.name = OrganizationName.DEFAULT_ORGANIZATION
                    data.organizationUser.role = await this.roleService.readGeneralRoleByName(GeneralRole.OWNER, queryRunner)
                    data.workspace.name = WorkspaceName.DEFAULT_WORKSPACE
                    data.workspaceUser.role = data.organizationUser.role
                    data.user.status = UserStatus.ACTIVE
                    data.user = await this.userService.createNewUser(data.user, queryRunner)
expected normalized: 'switch (platform) { case Platform.OPEN_SOURCE: data.organization.name = OrganizationName.DEFAULT_ORGANIZATION data.organizationUser.role = await this.roleService.readGeneralRoleByName(GeneralRole.OWNER, queryRunner) data.workspace.name = WorkspaceName.DEFAULT_WORKSPACE data.workspaceUser.role = data.organizationUser.role data.user.status = UserStatus.ACTIVE data.user = await this.userService.createNewUser(data.user, queryRunner)'
----------------------------------------------------------------------------------------------------
step=original_location status=matched
detail=compare node code with source at the recorded file/line
compared source: packages/server/src/enterprise/services/account.service.ts:112-119
actual code:
            switch (platform) {
                case Platform.OPEN_SOURCE:
                    data.organization.name = OrganizationName.DEFAULT_ORGANIZATION
                    data.organizationUser.role = await this.roleService.readGeneralRoleByName(GeneralRole.OWNER, queryRunner)
                    data.workspace.name = WorkspaceName.DEFAULT_WORKSPACE
                    data.workspaceUser.role = data.organizationUser.role
                    data.user.status = UserStatus.ACTIVE
                    data.user = await this.userService.createNewUser(data.user, queryRunner)
actual normalized: 'switch (platform) { case Platform.OPEN_SOURCE: data.organization.name = OrganizationName.DEFAULT_ORGANIZATION data.organizationUser.role = await this.roleService.readGeneralRoleByName(GeneralRole.OWNER, queryRunner) data.workspace.name = WorkspaceName.DEFAULT_WORKSPACE data.workspaceUser.role = data.organizationUser.role data.user.status = UserStatus.ACTIVE data.user = await this.userService.createNewUser(data.user, queryRunner)'
