====================================================================================================
entry-00122 entry_point  src/config/sessions/store.ts:124  report=GHSA-64QX-VPXX-MVQF
repo=https://github.com/openclaw/openclaw
commit=3eb6a31b6fcf8268456988bfa8e3637d373438c2
expected code:
    export function loadSessionStore(
expected normalized: 'export function loadSessionStore('
----------------------------------------------------------------------------------------------------
step=original_location status=matched
detail=compare node code with source at the recorded file/line
compared source: src/config/sessions/store.ts:124
actual code:
    export function loadSessionStore(
actual normalized: 'export function loadSessionStore('

====================================================================================================
entry-00122 critical_operation  src/gateway/server-methods/chat.ts:152  report=GHSA-64QX-VPXX-MVQF
repo=https://github.com/openclaw/openclaw
commit=3eb6a31b6fcf8268456988bfa8e3637d373438c2
expected code:
        const sessionManager = SessionManager.open(transcriptPath);
expected normalized: 'const sessionManager = SessionManager.open(transcriptPath);'
----------------------------------------------------------------------------------------------------
step=original_location status=matched
detail=compare node code with source at the recorded file/line
compared source: src/gateway/server-methods/chat.ts:152
actual code:
        const sessionManager = SessionManager.open(transcriptPath);
actual normalized: 'const sessionManager = SessionManager.open(transcriptPath);'

====================================================================================================
entry-00122 trace[0]  src/config/sessions/store.ts:124  report=GHSA-64QX-VPXX-MVQF
repo=https://github.com/openclaw/openclaw
commit=3eb6a31b6fcf8268456988bfa8e3637d373438c2
expected code:
    export function loadSessionStore(
expected normalized: 'export function loadSessionStore('
----------------------------------------------------------------------------------------------------
step=original_location status=matched
detail=compare node code with source at the recorded file/line
compared source: src/config/sessions/store.ts:124
actual code:
    export function loadSessionStore(
actual normalized: 'export function loadSessionStore('

====================================================================================================
entry-00122 trace[1]  src/gateway/server-methods/chat.ts:642  report=GHSA-64QX-VPXX-MVQF
repo=https://github.com/openclaw/openclaw
commit=3eb6a31b6fcf8268456988bfa8e3637d373438c2
expected code:
      "chat.inject": async ({ params, respond, context }) => {
expected normalized: '"chat.inject": async ({ params, respond, context }) => {'
----------------------------------------------------------------------------------------------------
step=original_location status=matched
detail=compare node code with source at the recorded file/line
compared source: src/gateway/server-methods/chat.ts:642
actual code:
      "chat.inject": async ({ params, respond, context }) => {
actual normalized: '"chat.inject": async ({ params, respond, context }) => {'

====================================================================================================
entry-00122 trace[2]  src/gateway/session-utils.ts:184  report=GHSA-64QX-VPXX-MVQF
repo=https://github.com/openclaw/openclaw
commit=3eb6a31b6fcf8268456988bfa8e3637d373438c2
expected code:
    export function loadSessionEntry(sessionKey: string) {
expected normalized: 'export function loadSessionEntry(sessionKey: string) {'
----------------------------------------------------------------------------------------------------
step=original_location status=matched
detail=compare node code with source at the recorded file/line
compared source: src/gateway/session-utils.ts:184
actual code:
    export function loadSessionEntry(sessionKey: string) {
actual normalized: 'export function loadSessionEntry(sessionKey: string) {'

====================================================================================================
entry-00122 trace[3]  src/gateway/server-methods/chat.ts:669  report=GHSA-64QX-VPXX-MVQF
repo=https://github.com/openclaw/openclaw
commit=3eb6a31b6fcf8268456988bfa8e3637d373438c2
expected code:
        const appended = appendAssistantTranscriptMessage({
expected normalized: 'const appended = appendAssistantTranscriptMessage({'
----------------------------------------------------------------------------------------------------
step=original_location status=matched
detail=compare node code with source at the recorded file/line
compared source: src/gateway/server-methods/chat.ts:669
actual code:
        const appended = appendAssistantTranscriptMessage({
actual normalized: 'const appended = appendAssistantTranscriptMessage({'

====================================================================================================
entry-00122 trace[4]  src/gateway/server-methods/chat.ts:51  report=GHSA-64QX-VPXX-MVQF
repo=https://github.com/openclaw/openclaw
commit=3eb6a31b6fcf8268456988bfa8e3637d373438c2
expected code:
    function resolveTranscriptPath(params: {
expected normalized: 'function resolveTranscriptPath(params: {'
----------------------------------------------------------------------------------------------------
step=original_location status=matched
detail=compare node code with source at the recorded file/line
compared source: src/gateway/server-methods/chat.ts:51
actual code:
    function resolveTranscriptPath(params: {
actual normalized: 'function resolveTranscriptPath(params: {'

====================================================================================================
entry-00122 trace[5]  src/gateway/server-methods/chat.ts:97  report=GHSA-64QX-VPXX-MVQF
repo=https://github.com/openclaw/openclaw
commit=3eb6a31b6fcf8268456988bfa8e3637d373438c2
expected code:
      const transcriptPath = resolveTranscriptPath({
expected normalized: 'const transcriptPath = resolveTranscriptPath({'
----------------------------------------------------------------------------------------------------
step=original_location status=matched
detail=compare node code with source at the recorded file/line
compared source: src/gateway/server-methods/chat.ts:97
actual code:
      const transcriptPath = resolveTranscriptPath({
actual normalized: 'const transcriptPath = resolveTranscriptPath({'

====================================================================================================
entry-00122 trace[6]  src/gateway/server-methods/chat.ts:152  report=GHSA-64QX-VPXX-MVQF
repo=https://github.com/openclaw/openclaw
commit=3eb6a31b6fcf8268456988bfa8e3637d373438c2
expected code:
        const sessionManager = SessionManager.open(transcriptPath);
expected normalized: 'const sessionManager = SessionManager.open(transcriptPath);'
----------------------------------------------------------------------------------------------------
step=original_location status=matched
detail=compare node code with source at the recorded file/line
compared source: src/gateway/server-methods/chat.ts:152
actual code:
        const sessionManager = SessionManager.open(transcriptPath);
actual normalized: 'const sessionManager = SessionManager.open(transcriptPath);'
