====================================================================================================
entry-00383 entry_point  src/gateway/method-scopes.ts:115  report=GHSA-XP9R-PRPG-373R
repo=https://github.com/openclaw/openclaw
commit=4797bbc5b96e2cca5532e43b58915c051746fe37
expected code:
        "browser.request",
expected normalized: '"browser.request",'
----------------------------------------------------------------------------------------------------
step=original_location status=matched
detail=compare node code with source at the recorded file/line
compared source: src/gateway/method-scopes.ts:115
actual code:
        "browser.request",
actual normalized: '"browser.request",'

====================================================================================================
entry-00383 critical_operation  src/browser/request-policy.ts:19  report=GHSA-XP9R-PRPG-373R
repo=https://github.com/openclaw/openclaw
commit=4797bbc5b96e2cca5532e43b58915c051746fe37
expected code:
    export function isPersistentBrowserProfileMutation(method: string, path: string): boolean {
expected normalized: 'export function isPersistentBrowserProfileMutation(method: string, path: string): boolean {'
----------------------------------------------------------------------------------------------------
step=original_location status=matched
detail=compare node code with source at the recorded file/line
compared source: src/browser/request-policy.ts:19
actual code:
    export function isPersistentBrowserProfileMutation(method: string, path: string): boolean {
actual normalized: 'export function isPersistentBrowserProfileMutation(method: string, path: string): boolean {'

====================================================================================================
entry-00383 trace[0]  src/gateway/server-methods/browser.ts:128  report=GHSA-XP9R-PRPG-373R
repo=https://github.com/openclaw/openclaw
commit=4797bbc5b96e2cca5532e43b58915c051746fe37
expected code:
      "browser.request": async ({ params, respond, context }) => {
expected normalized: '"browser.request": async ({ params, respond, context }) => {'
----------------------------------------------------------------------------------------------------
step=original_location status=matched
detail=compare node code with source at the recorded file/line
compared source: src/gateway/server-methods/browser.ts:128
actual code:
      "browser.request": async ({ params, respond, context }) => {
actual normalized: '"browser.request": async ({ params, respond, context }) => {'

====================================================================================================
entry-00383 trace[1]  src/gateway/server-methods/browser.ts:130  report=GHSA-XP9R-PRPG-373R
repo=https://github.com/openclaw/openclaw
commit=4797bbc5b96e2cca5532e43b58915c051746fe37
expected code:
        const methodRaw = typeof typed.method === "string" ? typed.method.trim().toUpperCase() : "";
expected normalized: 'const methodRaw = typeof typed.method === "string" ? typed.method.trim().toUpperCase() : "";'
----------------------------------------------------------------------------------------------------
step=original_location status=matched
detail=compare node code with source at the recorded file/line
compared source: src/gateway/server-methods/browser.ts:130
actual code:
        const methodRaw = typeof typed.method === "string" ? typed.method.trim().toUpperCase() : "";
actual normalized: 'const methodRaw = typeof typed.method === "string" ? typed.method.trim().toUpperCase() : "";'

====================================================================================================
entry-00383 trace[2]  src/gateway/server-methods/browser.ts:131  report=GHSA-XP9R-PRPG-373R
repo=https://github.com/openclaw/openclaw
commit=4797bbc5b96e2cca5532e43b58915c051746fe37
expected code:
        const path = typeof typed.path === "string" ? typed.path.trim() : "";
expected normalized: 'const path = typeof typed.path === "string" ? typed.path.trim() : "";'
----------------------------------------------------------------------------------------------------
step=original_location status=matched
detail=compare node code with source at the recorded file/line
compared source: src/gateway/server-methods/browser.ts:131
actual code:
        const path = typeof typed.path === "string" ? typed.path.trim() : "";
actual normalized: 'const path = typeof typed.path === "string" ? typed.path.trim() : "";'

====================================================================================================
entry-00383 trace[3]  src/gateway/server-methods/browser.ts:155  report=GHSA-XP9R-PRPG-373R
repo=https://github.com/openclaw/openclaw
commit=4797bbc5b96e2cca5532e43b58915c051746fe37
expected code:
        if (isPersistentBrowserProfileMutation(methodRaw, path)) {
expected normalized: 'if (isPersistentBrowserProfileMutation(methodRaw, path)) {'
----------------------------------------------------------------------------------------------------
step=original_location status=matched
detail=compare node code with source at the recorded file/line
compared source: src/gateway/server-methods/browser.ts:155
actual code:
        if (isPersistentBrowserProfileMutation(methodRaw, path)) {
actual normalized: 'if (isPersistentBrowserProfileMutation(methodRaw, path)) {'

====================================================================================================
entry-00383 trace[4]  src/browser/request-policy.ts:19  report=GHSA-XP9R-PRPG-373R
repo=https://github.com/openclaw/openclaw
commit=4797bbc5b96e2cca5532e43b58915c051746fe37
expected code:
    export function isPersistentBrowserProfileMutation(method: string, path: string): boolean {
expected normalized: 'export function isPersistentBrowserProfileMutation(method: string, path: string): boolean {'
----------------------------------------------------------------------------------------------------
step=original_location status=matched
detail=compare node code with source at the recorded file/line
compared source: src/browser/request-policy.ts:19
actual code:
    export function isPersistentBrowserProfileMutation(method: string, path: string): boolean {
actual normalized: 'export function isPersistentBrowserProfileMutation(method: string, path: string): boolean {'

====================================================================================================
entry-00383 trace[5]  src/browser/request-policy.ts:21  report=GHSA-XP9R-PRPG-373R
repo=https://github.com/openclaw/openclaw
commit=4797bbc5b96e2cca5532e43b58915c051746fe37
expected code:
      if (method === "POST" && normalizedPath === "/profiles/create") {
expected normalized: 'if (method === "POST" && normalizedPath === "/profiles/create") {'
----------------------------------------------------------------------------------------------------
step=original_location status=matched
detail=compare node code with source at the recorded file/line
compared source: src/browser/request-policy.ts:21
actual code:
      if (method === "POST" && normalizedPath === "/profiles/create") {
actual normalized: 'if (method === "POST" && normalizedPath === "/profiles/create") {'

====================================================================================================
entry-00383 trace[6]  src/browser/request-policy.ts:24  report=GHSA-XP9R-PRPG-373R
repo=https://github.com/openclaw/openclaw
commit=4797bbc5b96e2cca5532e43b58915c051746fe37
expected code:
      return method === "DELETE" && /^\/profiles\/[^/]+$/.test(normalizedPath);
expected normalized: 'return method === "DELETE" && /^\\/profiles\\/[^/]+$/.test(normalizedPath);'
----------------------------------------------------------------------------------------------------
step=original_location status=matched
detail=compare node code with source at the recorded file/line
compared source: src/browser/request-policy.ts:24
actual code:
      return method === "DELETE" && /^\/profiles\/[^/]+$/.test(normalizedPath);
actual normalized: 'return method === "DELETE" && /^\\/profiles\\/[^/]+$/.test(normalizedPath);'

====================================================================================================
entry-00383 trace[7]  src/gateway/server-methods/browser.ts:243  report=GHSA-XP9R-PRPG-373R
repo=https://github.com/openclaw/openclaw
commit=4797bbc5b96e2cca5532e43b58915c051746fe37
expected code:
        const result = await dispatcher.dispatch({
expected normalized: 'const result = await dispatcher.dispatch({'
----------------------------------------------------------------------------------------------------
step=original_location status=matched
detail=compare node code with source at the recorded file/line
compared source: src/gateway/server-methods/browser.ts:243
actual code:
        const result = await dispatcher.dispatch({
actual normalized: 'const result = await dispatcher.dispatch({'

====================================================================================================
entry-00383 trace[8]  src/browser/routes/basic.ts:162  report=GHSA-XP9R-PRPG-373R
repo=https://github.com/openclaw/openclaw
commit=4797bbc5b96e2cca5532e43b58915c051746fe37
expected code:
      app.post("/reset-profile", async (req, res) => {
expected normalized: 'app.post("/reset-profile", async (req, res) => {'
----------------------------------------------------------------------------------------------------
step=original_location status=matched
detail=compare node code with source at the recorded file/line
compared source: src/browser/routes/basic.ts:162
actual code:
      app.post("/reset-profile", async (req, res) => {
actual normalized: 'app.post("/reset-profile", async (req, res) => {'

====================================================================================================
entry-00383 trace[9]  src/browser/routes/basic.ts:168  report=GHSA-XP9R-PRPG-373R
repo=https://github.com/openclaw/openclaw
commit=4797bbc5b96e2cca5532e43b58915c051746fe37
expected code:
            const result = await profileCtx.resetProfile();
expected normalized: 'const result = await profileCtx.resetProfile();'
----------------------------------------------------------------------------------------------------
step=original_location status=matched
detail=compare node code with source at the recorded file/line
compared source: src/browser/routes/basic.ts:168
actual code:
            const result = await profileCtx.resetProfile();
actual normalized: 'const result = await profileCtx.resetProfile();'

====================================================================================================
entry-00383 trace[10]  src/browser/server-context.reset.ts:52  report=GHSA-XP9R-PRPG-373R
repo=https://github.com/openclaw/openclaw
commit=4797bbc5b96e2cca5532e43b58915c051746fe37
expected code:
        if (profileState.running) {
expected normalized: 'if (profileState.running) {'
----------------------------------------------------------------------------------------------------
step=original_location status=matched
detail=compare node code with source at the recorded file/line
compared source: src/browser/server-context.reset.ts:52
actual code:
        if (profileState.running) {
actual normalized: 'if (profileState.running) {'

====================================================================================================
entry-00383 trace[11]  src/browser/server-context.reset.ts:56  report=GHSA-XP9R-PRPG-373R
repo=https://github.com/openclaw/openclaw
commit=4797bbc5b96e2cca5532e43b58915c051746fe37
expected code:
        await closePlaywrightBrowserConnectionForProfile(profile.cdpUrl);
expected normalized: 'await closePlaywrightBrowserConnectionForProfile(profile.cdpUrl);'
----------------------------------------------------------------------------------------------------
step=original_location status=matched
detail=compare node code with source at the recorded file/line
compared source: src/browser/server-context.reset.ts:56
actual code:
        await closePlaywrightBrowserConnectionForProfile(profile.cdpUrl);
actual normalized: 'await closePlaywrightBrowserConnectionForProfile(profile.cdpUrl);'

====================================================================================================
entry-00383 trace[12]  src/browser/server-context.reset.ts:62  report=GHSA-XP9R-PRPG-373R
repo=https://github.com/openclaw/openclaw
commit=4797bbc5b96e2cca5532e43b58915c051746fe37
expected code:
        const moved = await movePathToTrash(userDataDir);
expected normalized: 'const moved = await movePathToTrash(userDataDir);'
----------------------------------------------------------------------------------------------------
step=original_location status=matched
detail=compare node code with source at the recorded file/line
compared source: src/browser/server-context.reset.ts:62
actual code:
        const moved = await movePathToTrash(userDataDir);
actual normalized: 'const moved = await movePathToTrash(userDataDir);'
