====================================================================================================
entry-00408 entry_point  src/agents/tools/gateway-tool.ts:81  report=GHSA-V3QC-WRWX-J3PW
repo=https://github.com/openclaw/openclaw
commit=4d5f762b7dcb6de8f0d002d29c74bd4b013aa2db
expected code:
        execute: async (_toolCallId, args) => {
expected normalized: 'execute: async (_toolCallId, args) => {'
----------------------------------------------------------------------------------------------------
step=original_location status=matched
detail=compare node code with source at the recorded file/line
compared source: src/agents/tools/gateway-tool.ts:81
actual code:
        execute: async (_toolCallId, args) => {
actual normalized: 'execute: async (_toolCallId, args) => {'

====================================================================================================
entry-00408 critical_operation  src/agents/tools/gateway-tool.ts:188  report=GHSA-V3QC-WRWX-J3PW
repo=https://github.com/openclaw/openclaw
commit=4d5f762b7dcb6de8f0d002d29c74bd4b013aa2db
expected code:
            const result = await callGatewayTool("config.apply", gatewayOpts, {
expected normalized: 'const result = await callGatewayTool("config.apply", gatewayOpts, {'
----------------------------------------------------------------------------------------------------
step=original_location status=matched
detail=compare node code with source at the recorded file/line
compared source: src/agents/tools/gateway-tool.ts:188
actual code:
            const result = await callGatewayTool("config.apply", gatewayOpts, {
actual normalized: 'const result = await callGatewayTool("config.apply", gatewayOpts, {'

====================================================================================================
entry-00408 trace[0]  src/agents/tools/gateway-tool.ts:81  report=GHSA-V3QC-WRWX-J3PW
repo=https://github.com/openclaw/openclaw
commit=4d5f762b7dcb6de8f0d002d29c74bd4b013aa2db
expected code:
        execute: async (_toolCallId, args) => {
expected normalized: 'execute: async (_toolCallId, args) => {'
----------------------------------------------------------------------------------------------------
step=original_location status=matched
detail=compare node code with source at the recorded file/line
compared source: src/agents/tools/gateway-tool.ts:81
actual code:
        execute: async (_toolCallId, args) => {
actual normalized: 'execute: async (_toolCallId, args) => {'

====================================================================================================
entry-00408 trace[1]  src/agents/tools/gateway-tool.ts:185  report=GHSA-V3QC-WRWX-J3PW
repo=https://github.com/openclaw/openclaw
commit=4d5f762b7dcb6de8f0d002d29c74bd4b013aa2db
expected code:
          if (action === "config.apply") {
expected normalized: 'if (action === "config.apply") {'
----------------------------------------------------------------------------------------------------
step=original_location status=matched
detail=compare node code with source at the recorded file/line
compared source: src/agents/tools/gateway-tool.ts:185
actual code:
          if (action === "config.apply") {
actual normalized: 'if (action === "config.apply") {'

====================================================================================================
entry-00408 trace[2]  src/agents/tools/gateway-tool.ts:188  report=GHSA-V3QC-WRWX-J3PW
repo=https://github.com/openclaw/openclaw
commit=4d5f762b7dcb6de8f0d002d29c74bd4b013aa2db
expected code:
            const result = await callGatewayTool("config.apply", gatewayOpts, {
expected normalized: 'const result = await callGatewayTool("config.apply", gatewayOpts, {'
----------------------------------------------------------------------------------------------------
step=original_location status=matched
detail=compare node code with source at the recorded file/line
compared source: src/agents/tools/gateway-tool.ts:188
actual code:
            const result = await callGatewayTool("config.apply", gatewayOpts, {
actual normalized: 'const result = await callGatewayTool("config.apply", gatewayOpts, {'
