====================================================================================================
entry-00243 entry_point  scripts/docker/install-sh-e2e/Dockerfile:1  report=GHSA-W7J5-J98M-W679
repo=https://github.com/openclaw/openclaw
commit=c56fb7f353d63d6ea97028ee7d8a97bc4edf21c1
expected code:
    FROM node:22-bookworm-slim
expected normalized: 'FROM node:22-bookworm-slim'
----------------------------------------------------------------------------------------------------
step=original_location status=matched
detail=compare node code with source at the recorded file/line
compared source: scripts/docker/install-sh-e2e/Dockerfile:1
actual code:
    FROM node:22-bookworm-slim
actual normalized: 'FROM node:22-bookworm-slim'

====================================================================================================
entry-00243 critical_operation  scripts/docker/install-sh-e2e/Dockerfile:14  report=GHSA-W7J5-J98M-W679
repo=https://github.com/openclaw/openclaw
commit=c56fb7f353d63d6ea97028ee7d8a97bc4edf21c1
expected code:
    ENTRYPOINT ["/usr/local/bin/openclaw-install-e2e"]
expected normalized: 'ENTRYPOINT ["/usr/local/bin/openclaw-install-e2e"]'
----------------------------------------------------------------------------------------------------
step=original_location status=matched
detail=compare node code with source at the recorded file/line
compared source: scripts/docker/install-sh-e2e/Dockerfile:14
actual code:
    ENTRYPOINT ["/usr/local/bin/openclaw-install-e2e"]
actual normalized: 'ENTRYPOINT ["/usr/local/bin/openclaw-install-e2e"]'

====================================================================================================
entry-00243 trace[0]  scripts/docker/install-sh-e2e/Dockerfile:1  report=GHSA-W7J5-J98M-W679
repo=https://github.com/openclaw/openclaw
commit=c56fb7f353d63d6ea97028ee7d8a97bc4edf21c1
expected code:
    FROM node:22-bookworm-slim
expected normalized: 'FROM node:22-bookworm-slim'
----------------------------------------------------------------------------------------------------
step=original_location status=matched
detail=compare node code with source at the recorded file/line
compared source: scripts/docker/install-sh-e2e/Dockerfile:1
actual code:
    FROM node:22-bookworm-slim
actual normalized: 'FROM node:22-bookworm-slim'

====================================================================================================
entry-00243 trace[1]  scripts/docker/install-sh-e2e/Dockerfile:3  report=GHSA-W7J5-J98M-W679
repo=https://github.com/openclaw/openclaw
commit=c56fb7f353d63d6ea97028ee7d8a97bc4edf21c1
expected code:
    RUN apt-get update \
expected normalized: 'RUN apt-get update \\'
----------------------------------------------------------------------------------------------------
step=original_location status=matched
detail=compare node code with source at the recorded file/line
compared source: scripts/docker/install-sh-e2e/Dockerfile:3
actual code:
    RUN apt-get update \
actual normalized: 'RUN apt-get update \\'

====================================================================================================
entry-00243 trace[2]  scripts/docker/install-sh-e2e/Dockerfile:11  report=GHSA-W7J5-J98M-W679
repo=https://github.com/openclaw/openclaw
commit=c56fb7f353d63d6ea97028ee7d8a97bc4edf21c1
expected code:
    COPY run.sh /usr/local/bin/openclaw-install-e2e
expected normalized: 'COPY run.sh /usr/local/bin/openclaw-install-e2e'
----------------------------------------------------------------------------------------------------
step=original_location status=matched
detail=compare node code with source at the recorded file/line
compared source: scripts/docker/install-sh-e2e/Dockerfile:11
actual code:
    COPY run.sh /usr/local/bin/openclaw-install-e2e
actual normalized: 'COPY run.sh /usr/local/bin/openclaw-install-e2e'

====================================================================================================
entry-00243 trace[3]  scripts/docker/install-sh-e2e/Dockerfile:12  report=GHSA-W7J5-J98M-W679
repo=https://github.com/openclaw/openclaw
commit=c56fb7f353d63d6ea97028ee7d8a97bc4edf21c1
expected code:
    RUN chmod +x /usr/local/bin/openclaw-install-e2e
expected normalized: 'RUN chmod +x /usr/local/bin/openclaw-install-e2e'
----------------------------------------------------------------------------------------------------
step=original_location status=matched
detail=compare node code with source at the recorded file/line
compared source: scripts/docker/install-sh-e2e/Dockerfile:12
actual code:
    RUN chmod +x /usr/local/bin/openclaw-install-e2e
actual normalized: 'RUN chmod +x /usr/local/bin/openclaw-install-e2e'

====================================================================================================
entry-00243 trace[4]  scripts/docker/install-sh-e2e/Dockerfile:14  report=GHSA-W7J5-J98M-W679
repo=https://github.com/openclaw/openclaw
commit=c56fb7f353d63d6ea97028ee7d8a97bc4edf21c1
expected code:
    ENTRYPOINT ["/usr/local/bin/openclaw-install-e2e"]
expected normalized: 'ENTRYPOINT ["/usr/local/bin/openclaw-install-e2e"]'
----------------------------------------------------------------------------------------------------
step=original_location status=matched
detail=compare node code with source at the recorded file/line
compared source: scripts/docker/install-sh-e2e/Dockerfile:14
actual code:
    ENTRYPOINT ["/usr/local/bin/openclaw-install-e2e"]
actual normalized: 'ENTRYPOINT ["/usr/local/bin/openclaw-install-e2e"]'
