====================================================================================================
entry-00178 entry_point  packages/workflow/src/expression.ts:354  report=GHSA-VPCF-GVG4-6QWR
repo=https://github.com/n8n-io/n8n
commit=8e81f3e31398b04fd6f8cc27cf844980cd382117
expected code:
    resolveSimpleParameterValue(
expected normalized: 'resolveSimpleParameterValue('
----------------------------------------------------------------------------------------------------
step=original_location status=matched
detail=compare node code with source at the recorded file/line
compared source: packages/workflow/src/expression.ts:354
actual code:
    	resolveSimpleParameterValue(
actual normalized: 'resolveSimpleParameterValue('

====================================================================================================
entry-00178 critical_operation  packages/workflow/src/expression-sandboxing.ts:281  report=GHSA-VPCF-GVG4-6QWR
repo=https://github.com/n8n-io/n8n
commit=8e81f3e31398b04fd6f8cc27cf844980cd382117
expected code:
    visitClassDeclaration(path) {
expected normalized: 'visitClassDeclaration(path) {'
----------------------------------------------------------------------------------------------------
step=original_location status=matched
detail=compare node code with source at the recorded file/line
compared source: packages/workflow/src/expression-sandboxing.ts:281
actual code:
    		visitClassDeclaration(path) {
actual normalized: 'visitClassDeclaration(path) {'

====================================================================================================
entry-00178 trace[0]  packages/workflow/src/expression.ts:354  report=GHSA-VPCF-GVG4-6QWR
repo=https://github.com/n8n-io/n8n
commit=8e81f3e31398b04fd6f8cc27cf844980cd382117
expected code:
    resolveSimpleParameterValue(
expected normalized: 'resolveSimpleParameterValue('
----------------------------------------------------------------------------------------------------
step=original_location status=matched
detail=compare node code with source at the recorded file/line
compared source: packages/workflow/src/expression.ts:354
actual code:
    	resolveSimpleParameterValue(
actual normalized: 'resolveSimpleParameterValue('

====================================================================================================
entry-00178 trace[1]  packages/workflow/src/expression-evaluator-proxy.ts:9  report=GHSA-VPCF-GVG4-6QWR
repo=https://github.com/n8n-io/n8n
commit=8e81f3e31398b04fd6f8cc27cf844980cd382117
expected code:
    const tournamentEvaluator = new Tournament(errorHandler, undefined, undefined, {
expected normalized: 'const tournamentEvaluator = new Tournament(errorHandler, undefined, undefined, {'
----------------------------------------------------------------------------------------------------
step=original_location status=matched
detail=compare node code with source at the recorded file/line
compared source: packages/workflow/src/expression-evaluator-proxy.ts:9
actual code:
    const tournamentEvaluator = new Tournament(errorHandler, undefined, undefined, {
actual normalized: 'const tournamentEvaluator = new Tournament(errorHandler, undefined, undefined, {'

====================================================================================================
entry-00178 trace[2]  packages/workflow/src/expression-sandboxing.ts:290  report=GHSA-VPCF-GVG4-6QWR
repo=https://github.com/n8n-io/n8n
commit=8e81f3e31398b04fd6f8cc27cf844980cd382117
expected code:
    visitClassExpression(path) {
expected normalized: 'visitClassExpression(path) {'
----------------------------------------------------------------------------------------------------
step=original_location status=matched
detail=compare node code with source at the recorded file/line
compared source: packages/workflow/src/expression-sandboxing.ts:290
actual code:
    		visitClassExpression(path) {
actual normalized: 'visitClassExpression(path) {'

====================================================================================================
entry-00178 trace[3]  packages/workflow/src/expression-sandboxing.ts:281  report=GHSA-VPCF-GVG4-6QWR
repo=https://github.com/n8n-io/n8n
commit=8e81f3e31398b04fd6f8cc27cf844980cd382117
expected code:
    visitClassDeclaration(path) {
expected normalized: 'visitClassDeclaration(path) {'
----------------------------------------------------------------------------------------------------
step=original_location status=matched
detail=compare node code with source at the recorded file/line
compared source: packages/workflow/src/expression-sandboxing.ts:281
actual code:
    		visitClassDeclaration(path) {
actual normalized: 'visitClassDeclaration(path) {'
