====================================================================================================
entry-00274 entry_point  internal/router/router.go:311  report=GHSA-CCJ6-79J6-CQ5Q
repo=https://github.com/Tencent/WeKnora
commit=10b6c98078dc5206c8fd00d3eebe5535a7571eb4
expected code:
    		tenantRoutes.GET("", handler.ListTenants)
expected normalized: 'tenantRoutes.GET("", handler.ListTenants)'
----------------------------------------------------------------------------------------------------
step=original_location status=matched
detail=compare node code with source at the recorded file/line
compared source: internal/router/router.go:311
actual code:
    		tenantRoutes.GET("", handler.ListTenants)
actual normalized: 'tenantRoutes.GET("", handler.ListTenants)'

====================================================================================================
entry-00274 critical_operation  internal/handler/tenant.go:252  report=GHSA-CCJ6-79J6-CQ5Q
repo=https://github.com/Tencent/WeKnora
commit=10b6c98078dc5206c8fd00d3eebe5535a7571eb4
expected code:
    	tenants, err := h.service.ListTenants(ctx)
expected normalized: 'tenants, err := h.service.ListTenants(ctx)'
----------------------------------------------------------------------------------------------------
step=original_location status=matched
detail=compare node code with source at the recorded file/line
compared source: internal/handler/tenant.go:252
actual code:
    	tenants, err := h.service.ListTenants(ctx)
actual normalized: 'tenants, err := h.service.ListTenants(ctx)'

====================================================================================================
entry-00274 trace[0]  internal/middleware/auth.go:131  report=GHSA-CCJ6-79J6-CQ5Q
repo=https://github.com/Tencent/WeKnora
commit=10b6c98078dc5206c8fd00d3eebe5535a7571eb4
expected code:
    				c.Set(types.TenantIDContextKey.String(), targetTenantID)
expected normalized: 'c.Set(types.TenantIDContextKey.String(), targetTenantID)'
----------------------------------------------------------------------------------------------------
step=original_location status=matched
detail=compare node code with source at the recorded file/line
compared source: internal/middleware/auth.go:131
actual code:
    				c.Set(types.TenantIDContextKey.String(), targetTenantID)
actual normalized: 'c.Set(types.TenantIDContextKey.String(), targetTenantID)'

====================================================================================================
entry-00274 trace[1]  internal/handler/tenant.go:249  report=GHSA-CCJ6-79J6-CQ5Q
repo=https://github.com/Tencent/WeKnora
commit=10b6c98078dc5206c8fd00d3eebe5535a7571eb4
expected code:
    func (h *TenantHandler) ListTenants(c *gin.Context) {
expected normalized: 'func (h *TenantHandler) ListTenants(c *gin.Context) {'
----------------------------------------------------------------------------------------------------
step=original_location status=matched
detail=compare node code with source at the recorded file/line
compared source: internal/handler/tenant.go:249
actual code:
    func (h *TenantHandler) ListTenants(c *gin.Context) {
actual normalized: 'func (h *TenantHandler) ListTenants(c *gin.Context) {'

====================================================================================================
entry-00274 trace[2]  internal/handler/tenant.go:250  report=GHSA-CCJ6-79J6-CQ5Q
repo=https://github.com/Tencent/WeKnora
commit=10b6c98078dc5206c8fd00d3eebe5535a7571eb4
expected code:
    	ctx := c.Request.Context()
expected normalized: 'ctx := c.Request.Context()'
----------------------------------------------------------------------------------------------------
step=original_location status=matched
detail=compare node code with source at the recorded file/line
compared source: internal/handler/tenant.go:250
actual code:
    	ctx := c.Request.Context()
actual normalized: 'ctx := c.Request.Context()'

====================================================================================================
entry-00274 trace[3]  internal/handler/tenant.go:251  report=GHSA-CCJ6-79J6-CQ5Q
repo=https://github.com/Tencent/WeKnora
commit=10b6c98078dc5206c8fd00d3eebe5535a7571eb4
expected code:
    <empty>
expected normalized: ''
----------------------------------------------------------------------------------------------------
step=normalize_code status=no_match
detail=code is empty after whitespace normalization

====================================================================================================
entry-00274 trace[4]  internal/handler/tenant.go:252  report=GHSA-CCJ6-79J6-CQ5Q
repo=https://github.com/Tencent/WeKnora
commit=10b6c98078dc5206c8fd00d3eebe5535a7571eb4
expected code:
    	tenants, err := h.service.ListTenants(ctx)
expected normalized: 'tenants, err := h.service.ListTenants(ctx)'
----------------------------------------------------------------------------------------------------
step=original_location status=matched
detail=compare node code with source at the recorded file/line
compared source: internal/handler/tenant.go:252
actual code:
    	tenants, err := h.service.ListTenants(ctx)
actual normalized: 'tenants, err := h.service.ListTenants(ctx)'
