====================================================================================================
entry-00170 entry_point  src/config/zod-schema.agent-runtime.ts:121  report=GHSA-W235-X559-36MG
repo=https://github.com/openclaw/openclaw
commit=d4bdcda32403cb8d1f100ae9e27a82f0ffaa04ca
expected code:
        seccompProfile: z.string().optional(),
expected normalized: 'seccompProfile: z.string().optional(),'
----------------------------------------------------------------------------------------------------
step=original_location status=matched
detail=compare node code with source at the recorded file/line
compared source: src/config/zod-schema.agent-runtime.ts:121
actual code:
        seccompProfile: z.string().optional(),
actual normalized: 'seccompProfile: z.string().optional(),'

====================================================================================================
entry-00170 critical_operation  src/agents/sandbox/docker.ts:278-283  report=GHSA-W235-X559-36MG
repo=https://github.com/openclaw/openclaw
commit=d4bdcda32403cb8d1f100ae9e27a82f0ffaa04ca
expected code:
      if (params.cfg.seccompProfile) {
        args.push("--security-opt", `seccomp=${params.cfg.seccompProfile}`);
      }
      if (params.cfg.apparmorProfile) {
        args.push("--security-opt", `apparmor=${params.cfg.apparmorProfile}`);
      }
expected normalized: 'if (params.cfg.seccompProfile) { args.push("--security-opt", `seccomp=${params.cfg.seccompProfile}`); } if (params.cfg.apparmorProfile) { args.push("--security-opt", `apparmor=${params.cfg.apparmorProfile}`); }'
----------------------------------------------------------------------------------------------------
step=original_location status=matched
detail=compare node code with source at the recorded file/line
compared source: src/agents/sandbox/docker.ts:278-283
actual code:
      if (params.cfg.seccompProfile) {
        args.push("--security-opt", `seccomp=${params.cfg.seccompProfile}`);
      }
      if (params.cfg.apparmorProfile) {
        args.push("--security-opt", `apparmor=${params.cfg.apparmorProfile}`);
      }
actual normalized: 'if (params.cfg.seccompProfile) { args.push("--security-opt", `seccomp=${params.cfg.seccompProfile}`); } if (params.cfg.apparmorProfile) { args.push("--security-opt", `apparmor=${params.cfg.apparmorProfile}`); }'

====================================================================================================
entry-00170 trace[0]  src/config/zod-schema.agent-runtime.ts:121-122  report=GHSA-W235-X559-36MG
repo=https://github.com/openclaw/openclaw
commit=d4bdcda32403cb8d1f100ae9e27a82f0ffaa04ca
expected code:
        seccompProfile: z.string().optional(),
        apparmorProfile: z.string().optional(),
expected normalized: 'seccompProfile: z.string().optional(), apparmorProfile: z.string().optional(),'
----------------------------------------------------------------------------------------------------
step=original_location status=matched
detail=compare node code with source at the recorded file/line
compared source: src/config/zod-schema.agent-runtime.ts:121-122
actual code:
        seccompProfile: z.string().optional(),
        apparmorProfile: z.string().optional(),
actual normalized: 'seccompProfile: z.string().optional(), apparmorProfile: z.string().optional(),'

====================================================================================================
entry-00170 trace[1]  src/agents/sandbox/docker.ts:278-283  report=GHSA-W235-X559-36MG
repo=https://github.com/openclaw/openclaw
commit=d4bdcda32403cb8d1f100ae9e27a82f0ffaa04ca
expected code:
      if (params.cfg.seccompProfile) {
        args.push("--security-opt", `seccomp=${params.cfg.seccompProfile}`);
      }
      if (params.cfg.apparmorProfile) {
        args.push("--security-opt", `apparmor=${params.cfg.apparmorProfile}`);
      }
expected normalized: 'if (params.cfg.seccompProfile) { args.push("--security-opt", `seccomp=${params.cfg.seccompProfile}`); } if (params.cfg.apparmorProfile) { args.push("--security-opt", `apparmor=${params.cfg.apparmorProfile}`); }'
----------------------------------------------------------------------------------------------------
step=original_location status=matched
detail=compare node code with source at the recorded file/line
compared source: src/agents/sandbox/docker.ts:278-283
actual code:
      if (params.cfg.seccompProfile) {
        args.push("--security-opt", `seccomp=${params.cfg.seccompProfile}`);
      }
      if (params.cfg.apparmorProfile) {
        args.push("--security-opt", `apparmor=${params.cfg.apparmorProfile}`);
      }
actual normalized: 'if (params.cfg.seccompProfile) { args.push("--security-opt", `seccomp=${params.cfg.seccompProfile}`); } if (params.cfg.apparmorProfile) { args.push("--security-opt", `apparmor=${params.cfg.apparmorProfile}`); }'
