====================================================================================================
entry-00177 entry_point  packages/workflow/src/expression.ts:360  report=GHSA-VPCF-GVG4-6QWR
repo=https://github.com/n8n-io/n8n
commit=8e81f3e31398b04fd6f8cc27cf844980cd382117
expected code:
    		if (!isExpression(parameterValue)) {
expected normalized: 'if (!isExpression(parameterValue)) {'
----------------------------------------------------------------------------------------------------
step=original_location status=matched
detail=compare node code with source at the recorded file/line
compared source: packages/workflow/src/expression.ts:360
actual code:
    		if (!isExpression(parameterValue)) {
actual normalized: 'if (!isExpression(parameterValue)) {'

====================================================================================================
entry-00177 critical_operation  packages/workflow/src/expression.ts:427  report=GHSA-VPCF-GVG4-6QWR
repo=https://github.com/n8n-io/n8n
commit=8e81f3e31398b04fd6f8cc27cf844980cd382117
expected code:
    	private renderExpression(expression: string, data: IWorkflowDataProxyData) {
expected normalized: 'private renderExpression(expression: string, data: IWorkflowDataProxyData) {'
----------------------------------------------------------------------------------------------------
step=original_location status=matched
detail=compare node code with source at the recorded file/line
compared source: packages/workflow/src/expression.ts:427
actual code:
    	private renderExpression(expression: string, data: IWorkflowDataProxyData) {
actual normalized: 'private renderExpression(expression: string, data: IWorkflowDataProxyData) {'

====================================================================================================
entry-00177 trace[0]  packages/workflow/src/expression.ts:360  report=GHSA-VPCF-GVG4-6QWR
repo=https://github.com/n8n-io/n8n
commit=8e81f3e31398b04fd6f8cc27cf844980cd382117
expected code:
    		if (!isExpression(parameterValue)) {
expected normalized: 'if (!isExpression(parameterValue)) {'
----------------------------------------------------------------------------------------------------
step=original_location status=matched
detail=compare node code with source at the recorded file/line
compared source: packages/workflow/src/expression.ts:360
actual code:
    		if (!isExpression(parameterValue)) {
actual normalized: 'if (!isExpression(parameterValue)) {'

====================================================================================================
entry-00177 trace[1]  packages/workflow/src/expression.ts:371  report=GHSA-VPCF-GVG4-6QWR
repo=https://github.com/n8n-io/n8n
commit=8e81f3e31398b04fd6f8cc27cf844980cd382117
expected code:
    		data.process =
expected normalized: 'data.process ='
----------------------------------------------------------------------------------------------------
step=original_location status=matched
detail=compare node code with source at the recorded file/line
compared source: packages/workflow/src/expression.ts:371
actual code:
    		data.process =
actual normalized: 'data.process ='

====================================================================================================
entry-00177 trace[2]  packages/workflow/src/expression.ts:385  report=GHSA-VPCF-GVG4-6QWR
repo=https://github.com/n8n-io/n8n
commit=8e81f3e31398b04fd6f8cc27cf844980cd382117
expected code:
    		Expression.initializeGlobalContext(data);
expected normalized: 'Expression.initializeGlobalContext(data);'
----------------------------------------------------------------------------------------------------
step=original_location status=matched
detail=compare node code with source at the recorded file/line
compared source: packages/workflow/src/expression.ts:385
actual code:
    		Expression.initializeGlobalContext(data);
actual normalized: 'Expression.initializeGlobalContext(data);'

====================================================================================================
entry-00177 trace[3]  packages/workflow/src/expression.ts:410  report=GHSA-VPCF-GVG4-6QWR
repo=https://github.com/n8n-io/n8n
commit=8e81f3e31398b04fd6f8cc27cf844980cd382117
expected code:
    		const returnValue = this.renderExpression(extendedExpression, data);
expected normalized: 'const returnValue = this.renderExpression(extendedExpression, data);'
----------------------------------------------------------------------------------------------------
step=original_location status=matched
detail=compare node code with source at the recorded file/line
compared source: packages/workflow/src/expression.ts:410
actual code:
    		const returnValue = this.renderExpression(extendedExpression, data);
actual normalized: 'const returnValue = this.renderExpression(extendedExpression, data);'

====================================================================================================
entry-00177 trace[4]  packages/workflow/src/expression-evaluator-proxy.ts:19  report=GHSA-VPCF-GVG4-6QWR
repo=https://github.com/n8n-io/n8n
commit=8e81f3e31398b04fd6f8cc27cf844980cd382117
expected code:
    export const evaluateExpression: Evaluator = (expr, data) => {
expected normalized: 'export const evaluateExpression: Evaluator = (expr, data) => {'
----------------------------------------------------------------------------------------------------
step=original_location status=matched
detail=compare node code with source at the recorded file/line
compared source: packages/workflow/src/expression-evaluator-proxy.ts:19
actual code:
    export const evaluateExpression: Evaluator = (expr, data) => {
actual normalized: 'export const evaluateExpression: Evaluator = (expr, data) => {'

====================================================================================================
entry-00177 trace[5]  packages/workflow/src/expression.ts:427  report=GHSA-VPCF-GVG4-6QWR
repo=https://github.com/n8n-io/n8n
commit=8e81f3e31398b04fd6f8cc27cf844980cd382117
expected code:
    	private renderExpression(expression: string, data: IWorkflowDataProxyData) {
expected normalized: 'private renderExpression(expression: string, data: IWorkflowDataProxyData) {'
----------------------------------------------------------------------------------------------------
step=original_location status=matched
detail=compare node code with source at the recorded file/line
compared source: packages/workflow/src/expression.ts:427
actual code:
    	private renderExpression(expression: string, data: IWorkflowDataProxyData) {
actual normalized: 'private renderExpression(expression: string, data: IWorkflowDataProxyData) {'
