====================================================================================================
entry-00118 entry_point  internal/distributed/proxy/service.go:172  report=GHSA-7PPG-37FH-VCR6
repo=https://github.com/milvus-io/milvus
commit=5519df6efc738abadf46b23cf63b51a2145146d5
expected code:
    		p.RegisterRestRouter(apiv1)
expected normalized: 'p.RegisterRestRouter(apiv1)'
----------------------------------------------------------------------------------------------------
step=original_location status=matched
detail=compare node code with source at the recorded file/line
compared source: internal/distributed/proxy/service.go:172
actual code:
    		p.RegisterRestRouter(apiv1)
actual normalized: 'p.RegisterRestRouter(apiv1)'

====================================================================================================
entry-00118 critical_operation  internal/proxy/impl.go:6644  report=GHSA-7PPG-37FH-VCR6
repo=https://github.com/milvus-io/milvus
commit=5519df6efc738abadf46b23cf63b51a2145146d5
expected code:
    	router.GET(http.ClusterConfigsPath, getConfigs(paramtable.Get().GetConfigsView()))
expected normalized: 'router.GET(http.ClusterConfigsPath, getConfigs(paramtable.Get().GetConfigsView()))'
----------------------------------------------------------------------------------------------------
step=original_location status=matched
detail=compare node code with source at the recorded file/line
compared source: internal/proxy/impl.go:6644
actual code:
    	router.GET(http.ClusterConfigsPath, getConfigs(paramtable.Get().GetConfigsView()))
actual normalized: 'router.GET(http.ClusterConfigsPath, getConfigs(paramtable.Get().GetConfigsView()))'

====================================================================================================
entry-00118 trace[0]  internal/distributed/proxy/service.go:172  report=GHSA-7PPG-37FH-VCR6
repo=https://github.com/milvus-io/milvus
commit=5519df6efc738abadf46b23cf63b51a2145146d5
expected code:
    		p.RegisterRestRouter(apiv1)
expected normalized: 'p.RegisterRestRouter(apiv1)'
----------------------------------------------------------------------------------------------------
step=original_location status=matched
detail=compare node code with source at the recorded file/line
compared source: internal/distributed/proxy/service.go:172
actual code:
    		p.RegisterRestRouter(apiv1)
actual normalized: 'p.RegisterRestRouter(apiv1)'

====================================================================================================
entry-00118 trace[1]  internal/proxy/impl.go:6641  report=GHSA-7PPG-37FH-VCR6
repo=https://github.com/milvus-io/milvus
commit=5519df6efc738abadf46b23cf63b51a2145146d5
expected code:
    func (node *Proxy) RegisterRestRouter(router gin.IRouter) {
expected normalized: 'func (node *Proxy) RegisterRestRouter(router gin.IRouter) {'
----------------------------------------------------------------------------------------------------
step=original_location status=matched
detail=compare node code with source at the recorded file/line
compared source: internal/proxy/impl.go:6641
actual code:
    func (node *Proxy) RegisterRestRouter(router gin.IRouter) {
actual normalized: 'func (node *Proxy) RegisterRestRouter(router gin.IRouter) {'

====================================================================================================
entry-00118 trace[2]  internal/proxy/impl.go:6643  report=GHSA-7PPG-37FH-VCR6
repo=https://github.com/milvus-io/milvus
commit=5519df6efc738abadf46b23cf63b51a2145146d5
expected code:
    	router.GET(http.ClusterInfoPath, getClusterInfo(node))
expected normalized: 'router.GET(http.ClusterInfoPath, getClusterInfo(node))'
----------------------------------------------------------------------------------------------------
step=original_location status=matched
detail=compare node code with source at the recorded file/line
compared source: internal/proxy/impl.go:6643
actual code:
    	router.GET(http.ClusterInfoPath, getClusterInfo(node))
actual normalized: 'router.GET(http.ClusterInfoPath, getClusterInfo(node))'

====================================================================================================
entry-00118 trace[3]  internal/proxy/impl.go:6644  report=GHSA-7PPG-37FH-VCR6
repo=https://github.com/milvus-io/milvus
commit=5519df6efc738abadf46b23cf63b51a2145146d5
expected code:
    	router.GET(http.ClusterConfigsPath, getConfigs(paramtable.Get().GetConfigsView()))
expected normalized: 'router.GET(http.ClusterConfigsPath, getConfigs(paramtable.Get().GetConfigsView()))'
----------------------------------------------------------------------------------------------------
step=original_location status=matched
detail=compare node code with source at the recorded file/line
compared source: internal/proxy/impl.go:6644
actual code:
    	router.GET(http.ClusterConfigsPath, getConfigs(paramtable.Get().GetConfigsView()))
actual normalized: 'router.GET(http.ClusterConfigsPath, getConfigs(paramtable.Get().GetConfigsView()))'
