====================================================================================================
entry-00182 entry_point  packages/@n8n/task-runner-python/src/constants.py:126  report=GHSA-VPCF-GVG4-6QWR
repo=https://github.com/n8n-io/n8n
commit=8e81f3e31398b04fd6f8cc27cf844980cd382117
expected code:
    BLOCKED_ATTRIBUTES = {
expected normalized: 'BLOCKED_ATTRIBUTES = {'
----------------------------------------------------------------------------------------------------
step=original_location status=matched
detail=compare node code with source at the recorded file/line
compared source: packages/@n8n/task-runner-python/src/constants.py:126
actual code:
    BLOCKED_ATTRIBUTES = {
actual normalized: 'BLOCKED_ATTRIBUTES = {'

====================================================================================================
entry-00182 critical_operation  packages/@n8n/task-runner-python/src/constants.py:118  report=GHSA-VPCF-GVG4-6QWR
repo=https://github.com/n8n-io/n8n
commit=8e81f3e31398b04fd6f8cc27cf844980cd382117
expected code:
    BUILTINS_DENY_DEFAULT = "eval,exec,compile,open,input,breakpoint,getattr,object,type,vars,setattr,delattr,hasattr,dir,memoryview,__build_class__,globals,locals,license,help,credits,copyright"
expected normalized: 'BUILTINS_DENY_DEFAULT = "eval,exec,compile,open,input,breakpoint,getattr,object,type,vars,setattr,delattr,hasattr,dir,memoryview,__build_class__,globals,locals,license,help,credits,copyright"'
----------------------------------------------------------------------------------------------------
step=original_location status=matched
detail=compare node code with source at the recorded file/line
compared source: packages/@n8n/task-runner-python/src/constants.py:118
actual code:
    BUILTINS_DENY_DEFAULT = "eval,exec,compile,open,input,breakpoint,getattr,object,type,vars,setattr,delattr,hasattr,dir,memoryview,__build_class__,globals,locals,license,help,credits,copyright"
actual normalized: 'BUILTINS_DENY_DEFAULT = "eval,exec,compile,open,input,breakpoint,getattr,object,type,vars,setattr,delattr,hasattr,dir,memoryview,__build_class__,globals,locals,license,help,credits,copyright"'

====================================================================================================
entry-00182 trace[0]  packages/@n8n/task-runner-python/src/constants.py:126  report=GHSA-VPCF-GVG4-6QWR
repo=https://github.com/n8n-io/n8n
commit=8e81f3e31398b04fd6f8cc27cf844980cd382117
expected code:
    BLOCKED_ATTRIBUTES = {
expected normalized: 'BLOCKED_ATTRIBUTES = {'
----------------------------------------------------------------------------------------------------
step=original_location status=matched
detail=compare node code with source at the recorded file/line
compared source: packages/@n8n/task-runner-python/src/constants.py:126
actual code:
    BLOCKED_ATTRIBUTES = {
actual normalized: 'BLOCKED_ATTRIBUTES = {'

====================================================================================================
entry-00182 trace[1]  packages/@n8n/task-runner-python/src/constants.py:126  report=GHSA-VPCF-GVG4-6QWR
repo=https://github.com/n8n-io/n8n
commit=8e81f3e31398b04fd6f8cc27cf844980cd382117
expected code:
    BLOCKED_ATTRIBUTES = {
expected normalized: 'BLOCKED_ATTRIBUTES = {'
----------------------------------------------------------------------------------------------------
step=original_location status=matched
detail=compare node code with source at the recorded file/line
compared source: packages/@n8n/task-runner-python/src/constants.py:126
actual code:
    BLOCKED_ATTRIBUTES = {
actual normalized: 'BLOCKED_ATTRIBUTES = {'

====================================================================================================
entry-00182 trace[2]  packages/@n8n/task-runner-python/src/constants.py:118  report=GHSA-VPCF-GVG4-6QWR
repo=https://github.com/n8n-io/n8n
commit=8e81f3e31398b04fd6f8cc27cf844980cd382117
expected code:
    BUILTINS_DENY_DEFAULT = "eval,exec,compile,open,input,breakpoint,getattr,object,type,vars,setattr,delattr,hasattr,dir,memoryview,__build_class__,globals,locals,license,help,credits,copyright"
expected normalized: 'BUILTINS_DENY_DEFAULT = "eval,exec,compile,open,input,breakpoint,getattr,object,type,vars,setattr,delattr,hasattr,dir,memoryview,__build_class__,globals,locals,license,help,credits,copyright"'
----------------------------------------------------------------------------------------------------
step=original_location status=matched
detail=compare node code with source at the recorded file/line
compared source: packages/@n8n/task-runner-python/src/constants.py:118
actual code:
    BUILTINS_DENY_DEFAULT = "eval,exec,compile,open,input,breakpoint,getattr,object,type,vars,setattr,delattr,hasattr,dir,memoryview,__build_class__,globals,locals,license,help,credits,copyright"
actual normalized: 'BUILTINS_DENY_DEFAULT = "eval,exec,compile,open,input,breakpoint,getattr,object,type,vars,setattr,delattr,hasattr,dir,memoryview,__build_class__,globals,locals,license,help,credits,copyright"'
