====================================================================================================
entry-00221 entry_point  src/gateway/server-http.ts:513  report=GHSA-MWXV-35WR-4VVJ
repo=https://github.com/openclaw/openclaw
commit=37a138c554c32abc25347388e68882f787e879f9
expected code:
    const requestPath = new URL(req.url ?? "/", "http://localhost").pathname;
expected normalized: 'const requestPath = new URL(req.url ?? "/", "http://localhost").pathname;'
----------------------------------------------------------------------------------------------------
step=original_location status=matched
detail=compare node code with source at the recorded file/line
compared source: src/gateway/server-http.ts:513
actual code:
          const requestPath = new URL(req.url ?? "/", "http://localhost").pathname;
actual normalized: 'const requestPath = new URL(req.url ?? "/", "http://localhost").pathname;'

====================================================================================================
entry-00221 critical_operation  src/gateway/security-path.ts:49  report=GHSA-MWXV-35WR-4VVJ
repo=https://github.com/openclaw/openclaw
commit=37a138c554c32abc25347388e68882f787e879f9
expected code:
      if (!canonical.malformedEncoding) {
expected normalized: 'if (!canonical.malformedEncoding) {'
----------------------------------------------------------------------------------------------------
step=original_location status=matched
detail=compare node code with source at the recorded file/line
compared source: src/gateway/security-path.ts:49
actual code:
      if (!canonical.malformedEncoding) {
actual normalized: 'if (!canonical.malformedEncoding) {'

====================================================================================================
entry-00221 trace[0]  src/gateway/server-http.ts:513  report=GHSA-MWXV-35WR-4VVJ
repo=https://github.com/openclaw/openclaw
commit=37a138c554c32abc25347388e68882f787e879f9
expected code:
    const requestPath = new URL(req.url ?? "/", "http://localhost").pathname;
expected normalized: 'const requestPath = new URL(req.url ?? "/", "http://localhost").pathname;'
----------------------------------------------------------------------------------------------------
step=original_location status=matched
detail=compare node code with source at the recorded file/line
compared source: src/gateway/server-http.ts:513
actual code:
          const requestPath = new URL(req.url ?? "/", "http://localhost").pathname;
actual normalized: 'const requestPath = new URL(req.url ?? "/", "http://localhost").pathname;'

====================================================================================================
entry-00221 trace[1]  src/gateway/security-path.ts:49  report=GHSA-MWXV-35WR-4VVJ
repo=https://github.com/openclaw/openclaw
commit=37a138c554c32abc25347388e68882f787e879f9
expected code:
      if (!canonical.malformedEncoding) {
expected normalized: 'if (!canonical.malformedEncoding) {'
----------------------------------------------------------------------------------------------------
step=original_location status=matched
detail=compare node code with source at the recorded file/line
compared source: src/gateway/security-path.ts:49
actual code:
      if (!canonical.malformedEncoding) {
actual normalized: 'if (!canonical.malformedEncoding) {'
