====================================================================================================
entry-00344 entry_point  nemo/utils/callbacks/nemo_model_checkpoint.py:228  report=GHSA-M4JW-WGMF-889X
repo=https://github.com/NVIDIA/NeMo
commit=ffee9a91f4b78ebb441825975a827d80167a21d8
expected code:
                maybe_injected_best_model_path = self.best_model_path
expected normalized: 'maybe_injected_best_model_path = self.best_model_path'
----------------------------------------------------------------------------------------------------
step=original_location status=matched
detail=compare node code with source at the recorded file/line
compared source: nemo/utils/callbacks/nemo_model_checkpoint.py:228
actual code:
                maybe_injected_best_model_path = self.best_model_path
actual normalized: 'maybe_injected_best_model_path = self.best_model_path'

====================================================================================================
entry-00344 critical_operation  nemo/utils/callbacks/nemo_model_checkpoint.py:240  report=GHSA-M4JW-WGMF-889X
repo=https://github.com/NVIDIA/NeMo
commit=ffee9a91f4b78ebb441825975a827d80167a21d8
expected code:
                checkpoint = torch.load(maybe_injected_best_model_path, map_location='cpu', weights_only=False)
expected normalized: "checkpoint = torch.load(maybe_injected_best_model_path, map_location='cpu', weights_only=False)"
----------------------------------------------------------------------------------------------------
step=original_location status=matched
detail=compare node code with source at the recorded file/line
compared source: nemo/utils/callbacks/nemo_model_checkpoint.py:240
actual code:
                checkpoint = torch.load(maybe_injected_best_model_path, map_location='cpu', weights_only=False)
actual normalized: "checkpoint = torch.load(maybe_injected_best_model_path, map_location='cpu', weights_only=False)"

====================================================================================================
entry-00344 trace[0]  nemo/utils/callbacks/nemo_model_checkpoint.py:228  report=GHSA-M4JW-WGMF-889X
repo=https://github.com/NVIDIA/NeMo
commit=ffee9a91f4b78ebb441825975a827d80167a21d8
expected code:
                maybe_injected_best_model_path = self.best_model_path
expected normalized: 'maybe_injected_best_model_path = self.best_model_path'
----------------------------------------------------------------------------------------------------
step=original_location status=matched
detail=compare node code with source at the recorded file/line
compared source: nemo/utils/callbacks/nemo_model_checkpoint.py:228
actual code:
                maybe_injected_best_model_path = self.best_model_path
actual normalized: 'maybe_injected_best_model_path = self.best_model_path'

====================================================================================================
entry-00344 trace[1]  nemo/utils/callbacks/nemo_model_checkpoint.py:226  report=GHSA-M4JW-WGMF-889X
repo=https://github.com/NVIDIA/NeMo
commit=ffee9a91f4b78ebb441825975a827d80167a21d8
expected code:
                maybe_injected_best_model_path = inject_model_parallel_rank(self.best_model_path)
expected normalized: 'maybe_injected_best_model_path = inject_model_parallel_rank(self.best_model_path)'
----------------------------------------------------------------------------------------------------
step=original_location status=matched
detail=compare node code with source at the recorded file/line
compared source: nemo/utils/callbacks/nemo_model_checkpoint.py:226
actual code:
                maybe_injected_best_model_path = inject_model_parallel_rank(self.best_model_path)
actual normalized: 'maybe_injected_best_model_path = inject_model_parallel_rank(self.best_model_path)'

====================================================================================================
entry-00344 trace[2]  nemo/utils/callbacks/nemo_model_checkpoint.py:240  report=GHSA-M4JW-WGMF-889X
repo=https://github.com/NVIDIA/NeMo
commit=ffee9a91f4b78ebb441825975a827d80167a21d8
expected code:
                checkpoint = torch.load(maybe_injected_best_model_path, map_location='cpu', weights_only=False)
expected normalized: "checkpoint = torch.load(maybe_injected_best_model_path, map_location='cpu', weights_only=False)"
----------------------------------------------------------------------------------------------------
step=original_location status=matched
detail=compare node code with source at the recorded file/line
compared source: nemo/utils/callbacks/nemo_model_checkpoint.py:240
actual code:
                checkpoint = torch.load(maybe_injected_best_model_path, map_location='cpu', weights_only=False)
actual normalized: "checkpoint = torch.load(maybe_injected_best_model_path, map_location='cpu', weights_only=False)"
