====================================================================================================
entry-00271 entry_point  internal/router/router.go:308  report=GHSA-CCJ6-79J6-CQ5Q
repo=https://github.com/Tencent/WeKnora
commit=10b6c98078dc5206c8fd00d3eebe5535a7571eb4
expected code:
    		tenantRoutes.GET("/:id", handler.GetTenant)
expected normalized: 'tenantRoutes.GET("/:id", handler.GetTenant)'
----------------------------------------------------------------------------------------------------
step=original_location status=matched
detail=compare node code with source at the recorded file/line
compared source: internal/router/router.go:308
actual code:
    		tenantRoutes.GET("/:id", handler.GetTenant)
actual normalized: 'tenantRoutes.GET("/:id", handler.GetTenant)'

====================================================================================================
entry-00271 critical_operation  internal/handler/tenant.go:117  report=GHSA-CCJ6-79J6-CQ5Q
repo=https://github.com/Tencent/WeKnora
commit=10b6c98078dc5206c8fd00d3eebe5535a7571eb4
expected code:
    	tenant, err := h.service.GetTenantByID(ctx, id)
expected normalized: 'tenant, err := h.service.GetTenantByID(ctx, id)'
----------------------------------------------------------------------------------------------------
step=original_location status=matched
detail=compare node code with source at the recorded file/line
compared source: internal/handler/tenant.go:117
actual code:
    	tenant, err := h.service.GetTenantByID(ctx, id)
actual normalized: 'tenant, err := h.service.GetTenantByID(ctx, id)'

====================================================================================================
entry-00271 trace[0]  internal/middleware/auth.go:86  report=GHSA-CCJ6-79J6-CQ5Q
repo=https://github.com/Tencent/WeKnora
commit=10b6c98078dc5206c8fd00d3eebe5535a7571eb4
expected code:
    				targetTenantID := user.TenantID
expected normalized: 'targetTenantID := user.TenantID'
----------------------------------------------------------------------------------------------------
step=original_location status=matched
detail=compare node code with source at the recorded file/line
compared source: internal/middleware/auth.go:86
actual code:
    				targetTenantID := user.TenantID
actual normalized: 'targetTenantID := user.TenantID'

====================================================================================================
entry-00271 trace[1]  internal/middleware/auth.go:131  report=GHSA-CCJ6-79J6-CQ5Q
repo=https://github.com/Tencent/WeKnora
commit=10b6c98078dc5206c8fd00d3eebe5535a7571eb4
expected code:
    				c.Set(types.TenantIDContextKey.String(), targetTenantID)
expected normalized: 'c.Set(types.TenantIDContextKey.String(), targetTenantID)'
----------------------------------------------------------------------------------------------------
step=original_location status=matched
detail=compare node code with source at the recorded file/line
compared source: internal/middleware/auth.go:131
actual code:
    				c.Set(types.TenantIDContextKey.String(), targetTenantID)
actual normalized: 'c.Set(types.TenantIDContextKey.String(), targetTenantID)'

====================================================================================================
entry-00271 trace[2]  internal/handler/tenant.go:107  report=GHSA-CCJ6-79J6-CQ5Q
repo=https://github.com/Tencent/WeKnora
commit=10b6c98078dc5206c8fd00d3eebe5535a7571eb4
expected code:
    func (h *TenantHandler) GetTenant(c *gin.Context) {
expected normalized: 'func (h *TenantHandler) GetTenant(c *gin.Context) {'
----------------------------------------------------------------------------------------------------
step=original_location status=matched
detail=compare node code with source at the recorded file/line
compared source: internal/handler/tenant.go:107
actual code:
    func (h *TenantHandler) GetTenant(c *gin.Context) {
actual normalized: 'func (h *TenantHandler) GetTenant(c *gin.Context) {'

====================================================================================================
entry-00271 trace[3]  internal/handler/tenant.go:110  report=GHSA-CCJ6-79J6-CQ5Q
repo=https://github.com/Tencent/WeKnora
commit=10b6c98078dc5206c8fd00d3eebe5535a7571eb4
expected code:
    	id, err := strconv.ParseUint(c.Param("id"), 10, 64)
expected normalized: 'id, err := strconv.ParseUint(c.Param("id"), 10, 64)'
----------------------------------------------------------------------------------------------------
step=original_location status=matched
detail=compare node code with source at the recorded file/line
compared source: internal/handler/tenant.go:110
actual code:
    	id, err := strconv.ParseUint(c.Param("id"), 10, 64)
actual normalized: 'id, err := strconv.ParseUint(c.Param("id"), 10, 64)'

====================================================================================================
entry-00271 trace[4]  internal/handler/tenant.go:114  report=GHSA-CCJ6-79J6-CQ5Q
repo=https://github.com/Tencent/WeKnora
commit=10b6c98078dc5206c8fd00d3eebe5535a7571eb4
expected code:
    		return
expected normalized: 'return'
----------------------------------------------------------------------------------------------------
step=original_location status=matched
detail=compare node code with source at the recorded file/line
compared source: internal/handler/tenant.go:114
actual code:
    		return
actual normalized: 'return'

====================================================================================================
entry-00271 trace[5]  internal/handler/tenant.go:117  report=GHSA-CCJ6-79J6-CQ5Q
repo=https://github.com/Tencent/WeKnora
commit=10b6c98078dc5206c8fd00d3eebe5535a7571eb4
expected code:
    	tenant, err := h.service.GetTenantByID(ctx, id)
expected normalized: 'tenant, err := h.service.GetTenantByID(ctx, id)'
----------------------------------------------------------------------------------------------------
step=original_location status=matched
detail=compare node code with source at the recorded file/line
compared source: internal/handler/tenant.go:117
actual code:
    	tenant, err := h.service.GetTenantByID(ctx, id)
actual normalized: 'tenant, err := h.service.GetTenantByID(ctx, id)'
