====================================================================================================
entry-00252 entry_point  src/auto-reply/command-auth.ts:218  report=GHSA-2CH6-X3G4-7759
repo=https://github.com/openclaw/openclaw
commit=223d7dc23d73bdddd7d221d7ddbecafe5d03bfcb
expected code:
    export function resolveCommandAuthorization(params: {
expected normalized: 'export function resolveCommandAuthorization(params: {'
----------------------------------------------------------------------------------------------------
step=original_location status=matched
detail=compare node code with source at the recorded file/line
compared source: src/auto-reply/command-auth.ts:218
actual code:
    export function resolveCommandAuthorization(params: {
actual normalized: 'export function resolveCommandAuthorization(params: {'

====================================================================================================
entry-00252 critical_operation  src/auto-reply/command-auth.ts:328  report=GHSA-2CH6-X3G4-7759
repo=https://github.com/openclaw/openclaw
commit=223d7dc23d73bdddd7d221d7ddbecafe5d03bfcb
expected code:
    isAuthorizedSender = commandsAllowAll || Boolean(matchedCommandsAllowFrom);
expected normalized: 'isAuthorizedSender = commandsAllowAll || Boolean(matchedCommandsAllowFrom);'
----------------------------------------------------------------------------------------------------
step=original_location status=matched
detail=compare node code with source at the recorded file/line
compared source: src/auto-reply/command-auth.ts:328
actual code:
        isAuthorizedSender = commandsAllowAll || Boolean(matchedCommandsAllowFrom);
actual normalized: 'isAuthorizedSender = commandsAllowAll || Boolean(matchedCommandsAllowFrom);'

====================================================================================================
entry-00252 trace[0]  src/auto-reply/command-auth.ts:197  report=GHSA-2CH6-X3G4-7759
repo=https://github.com/openclaw/openclaw
commit=223d7dc23d73bdddd7d221d7ddbecafe5d03bfcb
expected code:
    if (params.providerId === "whatsapp") {
expected normalized: 'if (params.providerId === "whatsapp") {'
----------------------------------------------------------------------------------------------------
step=original_location status=matched
detail=compare node code with source at the recorded file/line
compared source: src/auto-reply/command-auth.ts:197
actual code:
      if (params.providerId === "whatsapp") {
actual normalized: 'if (params.providerId === "whatsapp") {'

====================================================================================================
entry-00252 trace[1]  src/auto-reply/command-auth.ts:204  report=GHSA-2CH6-X3G4-7759
repo=https://github.com/openclaw/openclaw
commit=223d7dc23d73bdddd7d221d7ddbecafe5d03bfcb
expected code:
    pushCandidate(params.from);
expected normalized: 'pushCandidate(params.from);'
----------------------------------------------------------------------------------------------------
step=original_location status=matched
detail=compare node code with source at the recorded file/line
compared source: src/auto-reply/command-auth.ts:204
actual code:
      pushCandidate(params.from);
actual normalized: 'pushCandidate(params.from);'

====================================================================================================
entry-00252 trace[2]  src/auto-reply/command-auth.ts:325  report=GHSA-2CH6-X3G4-7759
repo=https://github.com/openclaw/openclaw
commit=223d7dc23d73bdddd7d221d7ddbecafe5d03bfcb
expected code:
        const matchedCommandsAllowFrom = commandsAllowFromList.length
expected normalized: 'const matchedCommandsAllowFrom = commandsAllowFromList.length'
----------------------------------------------------------------------------------------------------
step=original_location status=matched
detail=compare node code with source at the recorded file/line
compared source: src/auto-reply/command-auth.ts:325
actual code:
        const matchedCommandsAllowFrom = commandsAllowFromList.length
actual normalized: 'const matchedCommandsAllowFrom = commandsAllowFromList.length'
