====================================================================================================
entry-00169 entry_point  src/config/zod-schema.agent-runtime.ts:97  report=GHSA-W235-X559-36MG
repo=https://github.com/openclaw/openclaw
commit=d4bdcda32403cb8d1f100ae9e27a82f0ffaa04ca
expected code:
        network: z.string().optional(),
expected normalized: 'network: z.string().optional(),'
----------------------------------------------------------------------------------------------------
step=original_location status=matched
detail=compare node code with source at the recorded file/line
compared source: src/config/zod-schema.agent-runtime.ts:97
actual code:
        network: z.string().optional(),
actual normalized: 'network: z.string().optional(),'

====================================================================================================
entry-00169 critical_operation  src/agents/sandbox/docker.ts:262-264  report=GHSA-W235-X559-36MG
repo=https://github.com/openclaw/openclaw
commit=d4bdcda32403cb8d1f100ae9e27a82f0ffaa04ca
expected code:
      if (params.cfg.network) {
        args.push("--network", params.cfg.network);
      }
expected normalized: 'if (params.cfg.network) { args.push("--network", params.cfg.network); }'
----------------------------------------------------------------------------------------------------
step=original_location status=matched
detail=compare node code with source at the recorded file/line
compared source: src/agents/sandbox/docker.ts:262-264
actual code:
      if (params.cfg.network) {
        args.push("--network", params.cfg.network);
      }
actual normalized: 'if (params.cfg.network) { args.push("--network", params.cfg.network); }'

====================================================================================================
entry-00169 trace[0]  src/config/zod-schema.agent-runtime.ts:97  report=GHSA-W235-X559-36MG
repo=https://github.com/openclaw/openclaw
commit=d4bdcda32403cb8d1f100ae9e27a82f0ffaa04ca
expected code:
        network: z.string().optional(),
expected normalized: 'network: z.string().optional(),'
----------------------------------------------------------------------------------------------------
step=original_location status=matched
detail=compare node code with source at the recorded file/line
compared source: src/config/zod-schema.agent-runtime.ts:97
actual code:
        network: z.string().optional(),
actual normalized: 'network: z.string().optional(),'

====================================================================================================
entry-00169 trace[1]  src/agents/sandbox/docker.ts:262-264  report=GHSA-W235-X559-36MG
repo=https://github.com/openclaw/openclaw
commit=d4bdcda32403cb8d1f100ae9e27a82f0ffaa04ca
expected code:
      if (params.cfg.network) {
        args.push("--network", params.cfg.network);
      }
expected normalized: 'if (params.cfg.network) { args.push("--network", params.cfg.network); }'
----------------------------------------------------------------------------------------------------
step=original_location status=matched
detail=compare node code with source at the recorded file/line
compared source: src/agents/sandbox/docker.ts:262-264
actual code:
      if (params.cfg.network) {
        args.push("--network", params.cfg.network);
      }
actual normalized: 'if (params.cfg.network) { args.push("--network", params.cfg.network); }'
