====================================================================================================
entry-00351 entry_point  packages/nodes-base/nodes/Code/Code.node.ts:141  report=GHSA-XVH5-5QG4-X9QP
repo=https://github.com/n8n-io/n8n
commit=4c6b0180bd62b4ec79ae752975398a377b59c204
expected code:
    		if (isJsLang && isJsRunner) {
expected normalized: 'if (isJsLang && isJsRunner) {'
----------------------------------------------------------------------------------------------------
step=original_location status=matched
detail=compare node code with source at the recorded file/line
compared source: packages/nodes-base/nodes/Code/Code.node.ts:141
actual code:
    		if (isJsLang && isJsRunner) {
actual normalized: 'if (isJsLang && isJsRunner) {'

====================================================================================================
entry-00351 critical_operation  packages/@n8n/task-runner/src/js-task-runner/js-task-runner.ts:216  report=GHSA-XVH5-5QG4-X9QP
repo=https://github.com/n8n-io/n8n
commit=4c6b0180bd62b4ec79ae752975398a377b59c204
expected code:
    			Buffer,
expected normalized: 'Buffer,'
----------------------------------------------------------------------------------------------------
step=original_location status=matched
detail=compare node code with source at the recorded file/line
compared source: packages/@n8n/task-runner/src/js-task-runner/js-task-runner.ts:216
actual code:
    			Buffer,
actual normalized: 'Buffer,'

====================================================================================================
entry-00351 trace[0]  packages/nodes-base/nodes/Code/Code.node.ts:141-148  report=GHSA-XVH5-5QG4-X9QP
repo=https://github.com/n8n-io/n8n
commit=4c6b0180bd62b4ec79ae752975398a377b59c204
expected code:
    		if (isJsLang && isJsRunner) {
    			const code = this.getNodeParameter(codeParameterName, 0) as string;
    			const sandbox = new JsTaskRunnerSandbox(code, nodeMode, workflowMode, this);
    			const numInputItems = this.getInputData().length;
    
    			return nodeMode === 'runOnceForAllItems'
    				? [await sandbox.runCodeAllItems()]
    				: [await sandbox.runCodeForEachItem(numInputItems)];
expected normalized: "if (isJsLang && isJsRunner) { const code = this.getNodeParameter(codeParameterName, 0) as string; const sandbox = new JsTaskRunnerSandbox(code, nodeMode, workflowMode, this); const numInputItems = this.getInputData().length; return nodeMode === 'runOnceForAllItems' ? [await sandbox.runCodeAllItems()] : [await sandbox.runCodeForEachItem(numInputItems)];"
----------------------------------------------------------------------------------------------------
step=original_location status=matched
detail=compare node code with source at the recorded file/line
compared source: packages/nodes-base/nodes/Code/Code.node.ts:141-148
actual code:
    		if (isJsLang && isJsRunner) {
    			const code = this.getNodeParameter(codeParameterName, 0) as string;
    			const sandbox = new JsTaskRunnerSandbox(code, nodeMode, workflowMode, this);
    			const numInputItems = this.getInputData().length;
    
    			return nodeMode === 'runOnceForAllItems'
    				? [await sandbox.runCodeAllItems()]
    				: [await sandbox.runCodeForEachItem(numInputItems)];
actual normalized: "if (isJsLang && isJsRunner) { const code = this.getNodeParameter(codeParameterName, 0) as string; const sandbox = new JsTaskRunnerSandbox(code, nodeMode, workflowMode, this); const numInputItems = this.getInputData().length; return nodeMode === 'runOnceForAllItems' ? [await sandbox.runCodeAllItems()] : [await sandbox.runCodeForEachItem(numInputItems)];"

====================================================================================================
entry-00351 trace[1]  packages/nodes-base/nodes/Code/JsTaskRunnerSandbox.ts:33-42  report=GHSA-XVH5-5QG4-X9QP
repo=https://github.com/n8n-io/n8n
commit=4c6b0180bd62b4ec79ae752975398a377b59c204
expected code:
    	async runCodeAllItems(): Promise<INodeExecutionData[]> {
    		const itemIndex = 0;
    
    		const executionResult = await this.executeFunctions.startJob<INodeExecutionData[]>(
    			'javascript',
    			{
    				code: this.jsCode,
    				nodeMode: this.nodeMode,
    				workflowMode: this.workflowMode,
    				continueOnFail: this.executeFunctions.continueOnFail(),
expected normalized: "async runCodeAllItems(): Promise<INodeExecutionData[]> { const itemIndex = 0; const executionResult = await this.executeFunctions.startJob<INodeExecutionData[]>( 'javascript', { code: this.jsCode, nodeMode: this.nodeMode, workflowMode: this.workflowMode, continueOnFail: this.executeFunctions.continueOnFail(),"
----------------------------------------------------------------------------------------------------
step=original_location status=matched
detail=compare node code with source at the recorded file/line
compared source: packages/nodes-base/nodes/Code/JsTaskRunnerSandbox.ts:33-42
actual code:
    	async runCodeAllItems(): Promise<INodeExecutionData[]> {
    		const itemIndex = 0;
    
    		const executionResult = await this.executeFunctions.startJob<INodeExecutionData[]>(
    			'javascript',
    			{
    				code: this.jsCode,
    				nodeMode: this.nodeMode,
    				workflowMode: this.workflowMode,
    				continueOnFail: this.executeFunctions.continueOnFail(),
actual normalized: "async runCodeAllItems(): Promise<INodeExecutionData[]> { const itemIndex = 0; const executionResult = await this.executeFunctions.startJob<INodeExecutionData[]>( 'javascript', { code: this.jsCode, nodeMode: this.nodeMode, workflowMode: this.workflowMode, continueOnFail: this.executeFunctions.continueOnFail(),"

====================================================================================================
entry-00351 trace[2]  packages/@n8n/task-runner/src/js-task-runner/js-task-runner.ts:162-171  report=GHSA-XVH5-5QG4-X9QP
repo=https://github.com/n8n-io/n8n
commit=4c6b0180bd62b4ec79ae752975398a377b59c204
expected code:
    	async executeTask(
    		taskParams: TaskParams<JSExecSettings>,
    		abortSignal: AbortSignal,
    	): Promise<TaskResultData> {
    		const { taskId, settings } = taskParams;
    		a.ok(settings, 'JS Code not sent to runner');
    
    		this.validateTaskSettings(settings);
    
    		const neededBuiltInsResult = this.builtInsParser.parseUsedBuiltIns(settings.code);
expected normalized: "async executeTask( taskParams: TaskParams<JSExecSettings>, abortSignal: AbortSignal, ): Promise<TaskResultData> { const { taskId, settings } = taskParams; a.ok(settings, 'JS Code not sent to runner'); this.validateTaskSettings(settings); const neededBuiltInsResult = this.builtInsParser.parseUsedBuiltIns(settings.code);"
----------------------------------------------------------------------------------------------------
step=original_location status=matched
detail=compare node code with source at the recorded file/line
compared source: packages/@n8n/task-runner/src/js-task-runner/js-task-runner.ts:162-171
actual code:
    	async executeTask(
    		taskParams: TaskParams<JSExecSettings>,
    		abortSignal: AbortSignal,
    	): Promise<TaskResultData> {
    		const { taskId, settings } = taskParams;
    		a.ok(settings, 'JS Code not sent to runner');
    
    		this.validateTaskSettings(settings);
    
    		const neededBuiltInsResult = this.builtInsParser.parseUsedBuiltIns(settings.code);
actual normalized: "async executeTask( taskParams: TaskParams<JSExecSettings>, abortSignal: AbortSignal, ): Promise<TaskResultData> { const { taskId, settings } = taskParams; a.ok(settings, 'JS Code not sent to runner'); this.validateTaskSettings(settings); const neededBuiltInsResult = this.builtInsParser.parseUsedBuiltIns(settings.code);"

====================================================================================================
entry-00351 trace[3]  packages/@n8n/task-runner/src/js-task-runner/js-task-runner.ts:248-257  report=GHSA-XVH5-5QG4-X9QP
repo=https://github.com/n8n-io/n8n
commit=4c6b0180bd62b4ec79ae752975398a377b59c204
expected code:
    		const context = this.buildContext(taskId, workflow, data.node, dataProxy, {
    			items: inputItems,
    			...settings.additionalProperties,
    		});
    
    		try {
    			const result = await new Promise<TaskResultData['result']>((resolve, reject) => {
    				const abortHandler = () => {
    					reject(new TimeoutError(this.taskTimeout));
    				};
expected normalized: "const context = this.buildContext(taskId, workflow, data.node, dataProxy, { items: inputItems, ...settings.additionalProperties, }); try { const result = await new Promise<TaskResultData['result']>((resolve, reject) => { const abortHandler = () => { reject(new TimeoutError(this.taskTimeout)); };"
----------------------------------------------------------------------------------------------------
step=original_location status=matched
detail=compare node code with source at the recorded file/line
compared source: packages/@n8n/task-runner/src/js-task-runner/js-task-runner.ts:248-257
actual code:
    		const context = this.buildContext(taskId, workflow, data.node, dataProxy, {
    			items: inputItems,
    			...settings.additionalProperties,
    		});
    
    		try {
    			const result = await new Promise<TaskResultData['result']>((resolve, reject) => {
    				const abortHandler = () => {
    					reject(new TimeoutError(this.taskTimeout));
    				};
actual normalized: "const context = this.buildContext(taskId, workflow, data.node, dataProxy, { items: inputItems, ...settings.additionalProperties, }); try { const result = await new Promise<TaskResultData['result']>((resolve, reject) => { const abortHandler = () => { reject(new TimeoutError(this.taskTimeout)); };"

====================================================================================================
entry-00351 trace[4]  packages/@n8n/task-runner/src/js-task-runner/js-task-runner.ts:545-554  report=GHSA-XVH5-5QG4-X9QP
repo=https://github.com/n8n-io/n8n
commit=4c6b0180bd62b4ec79ae752975398a377b59c204
expected code:
    	buildContext(
    		taskId: string,
    		workflow: Workflow,
    		node: INode,
    		dataProxy?: IWorkflowDataProxyData,
    		additionalProperties: Record<string, unknown> = {},
    	): Context {
    		return createContext({
    			__isExecutionContext: true,
    			require: this.requireResolver,
expected normalized: 'buildContext( taskId: string, workflow: Workflow, node: INode, dataProxy?: IWorkflowDataProxyData, additionalProperties: Record<string, unknown> = {}, ): Context { return createContext({ __isExecutionContext: true, require: this.requireResolver,'
----------------------------------------------------------------------------------------------------
step=original_location status=matched
detail=compare node code with source at the recorded file/line
compared source: packages/@n8n/task-runner/src/js-task-runner/js-task-runner.ts:545-554
actual code:
    	buildContext(
    		taskId: string,
    		workflow: Workflow,
    		node: INode,
    		dataProxy?: IWorkflowDataProxyData,
    		additionalProperties: Record<string, unknown> = {},
    	): Context {
    		return createContext({
    			__isExecutionContext: true,
    			require: this.requireResolver,
actual normalized: 'buildContext( taskId: string, workflow: Workflow, node: INode, dataProxy?: IWorkflowDataProxyData, additionalProperties: Record<string, unknown> = {}, ): Context { return createContext({ __isExecutionContext: true, require: this.requireResolver,'

====================================================================================================
entry-00351 trace[5]  packages/@n8n/task-runner/src/js-task-runner/js-task-runner.ts:213-222  report=GHSA-XVH5-5QG4-X9QP
repo=https://github.com/n8n-io/n8n
commit=4c6b0180bd62b4ec79ae752975398a377b59c204
expected code:
    	private getNativeVariables() {
    		return {
    			// Exposed Node.js globals
    			Buffer,
    			setTimeout,
    			setInterval,
    			setImmediate,
    			clearTimeout,
    			clearInterval,
    			clearImmediate,
expected normalized: 'private getNativeVariables() { return { // Exposed Node.js globals Buffer, setTimeout, setInterval, setImmediate, clearTimeout, clearInterval, clearImmediate,'
----------------------------------------------------------------------------------------------------
step=original_location status=matched
detail=compare node code with source at the recorded file/line
compared source: packages/@n8n/task-runner/src/js-task-runner/js-task-runner.ts:213-222
actual code:
    	private getNativeVariables() {
    		return {
    			// Exposed Node.js globals
    			Buffer,
    			setTimeout,
    			setInterval,
    			setImmediate,
    			clearTimeout,
    			clearInterval,
    			clearImmediate,
actual normalized: 'private getNativeVariables() { return { // Exposed Node.js globals Buffer, setTimeout, setInterval, setImmediate, clearTimeout, clearInterval, clearImmediate,'
