====================================================================================================
entry-00152 entry_point  nemo/collections/speechlm/utils/text_generation/audio_text_generation_utils.py:190  report=GHSA-9379-MWVR-7WXX
repo=https://github.com/NVIDIA/NeMo
commit=4d313cf5f097529420f27278b28a569e15190b1b
expected code:
        torch.distributed.broadcast(string_tensor, src, model_parallel_group)
expected normalized: 'torch.distributed.broadcast(string_tensor, src, model_parallel_group)'
----------------------------------------------------------------------------------------------------
step=original_location status=matched
detail=compare node code with source at the recorded file/line
compared source: nemo/collections/speechlm/utils/text_generation/audio_text_generation_utils.py:190
actual code:
        torch.distributed.broadcast(string_tensor, src, model_parallel_group)
actual normalized: 'torch.distributed.broadcast(string_tensor, src, model_parallel_group)'

====================================================================================================
entry-00152 critical_operation  nemo/collections/speechlm/utils/text_generation/audio_text_generation_utils.py:192  report=GHSA-9379-MWVR-7WXX
repo=https://github.com/NVIDIA/NeMo
commit=4d313cf5f097529420f27278b28a569e15190b1b
expected code:
        end_strings = pickle.loads(bytes)
expected normalized: 'end_strings = pickle.loads(bytes)'
----------------------------------------------------------------------------------------------------
step=original_location status=matched
detail=compare node code with source at the recorded file/line
compared source: nemo/collections/speechlm/utils/text_generation/audio_text_generation_utils.py:192
actual code:
        end_strings = pickle.loads(bytes)
actual normalized: 'end_strings = pickle.loads(bytes)'

====================================================================================================
entry-00152 trace[0]  nemo/collections/speechlm/utils/text_generation/audio_text_generation_utils.py:190  report=GHSA-9379-MWVR-7WXX
repo=https://github.com/NVIDIA/NeMo
commit=4d313cf5f097529420f27278b28a569e15190b1b
expected code:
        torch.distributed.broadcast(string_tensor, src, model_parallel_group)
expected normalized: 'torch.distributed.broadcast(string_tensor, src, model_parallel_group)'
----------------------------------------------------------------------------------------------------
step=original_location status=matched
detail=compare node code with source at the recorded file/line
compared source: nemo/collections/speechlm/utils/text_generation/audio_text_generation_utils.py:190
actual code:
        torch.distributed.broadcast(string_tensor, src, model_parallel_group)
actual normalized: 'torch.distributed.broadcast(string_tensor, src, model_parallel_group)'

====================================================================================================
entry-00152 trace[1]  nemo/collections/speechlm/utils/text_generation/audio_text_generation_utils.py:191  report=GHSA-9379-MWVR-7WXX
repo=https://github.com/NVIDIA/NeMo
commit=4d313cf5f097529420f27278b28a569e15190b1b
expected code:
        bytes = string_tensor.cpu().numpy().tobytes()
expected normalized: 'bytes = string_tensor.cpu().numpy().tobytes()'
----------------------------------------------------------------------------------------------------
step=original_location status=matched
detail=compare node code with source at the recorded file/line
compared source: nemo/collections/speechlm/utils/text_generation/audio_text_generation_utils.py:191
actual code:
        bytes = string_tensor.cpu().numpy().tobytes()
actual normalized: 'bytes = string_tensor.cpu().numpy().tobytes()'

====================================================================================================
entry-00152 trace[2]  nemo/collections/speechlm/utils/text_generation/audio_text_generation_utils.py:192  report=GHSA-9379-MWVR-7WXX
repo=https://github.com/NVIDIA/NeMo
commit=4d313cf5f097529420f27278b28a569e15190b1b
expected code:
        end_strings = pickle.loads(bytes)
expected normalized: 'end_strings = pickle.loads(bytes)'
----------------------------------------------------------------------------------------------------
step=original_location status=matched
detail=compare node code with source at the recorded file/line
compared source: nemo/collections/speechlm/utils/text_generation/audio_text_generation_utils.py:192
actual code:
        end_strings = pickle.loads(bytes)
actual normalized: 'end_strings = pickle.loads(bytes)'
