====================================================================================================
entry-00501 entry_point  extensions/feishu/src/monitor.transport.ts:277  report=GHSA-XH72-V6V9-MWHC
repo=https://github.com/openclaw/openclaw
commit=1f14c8d96b8662e155d5c10ea650da868e1a9e63
expected code:
        server.listen(port, host, () => {
expected normalized: 'server.listen(port, host, () => {'
----------------------------------------------------------------------------------------------------
step=original_location status=matched
detail=compare node code with source at the recorded file/line
compared source: extensions/feishu/src/monitor.transport.ts:277
actual code:
        server.listen(port, host, () => {
actual normalized: 'server.listen(port, host, () => {'

====================================================================================================
entry-00501 critical_operation  extensions/feishu/src/monitor.transport.ts:58  report=GHSA-XH72-V6V9-MWHC
repo=https://github.com/openclaw/openclaw
commit=1f14c8d96b8662e155d5c10ea650da868e1a9e63
expected code:
      if (!encryptKey) {
expected normalized: 'if (!encryptKey) {'
----------------------------------------------------------------------------------------------------
step=original_location status=matched
detail=compare node code with source at the recorded file/line
compared source: extensions/feishu/src/monitor.transport.ts:58
actual code:
      if (!encryptKey) {
actual normalized: 'if (!encryptKey) {'

====================================================================================================
entry-00501 trace[0]  extensions/feishu/src/monitor.transport.ts:277  report=GHSA-XH72-V6V9-MWHC
repo=https://github.com/openclaw/openclaw
commit=1f14c8d96b8662e155d5c10ea650da868e1a9e63
expected code:
        server.listen(port, host, () => {
expected normalized: 'server.listen(port, host, () => {'
----------------------------------------------------------------------------------------------------
step=original_location status=matched
detail=compare node code with source at the recorded file/line
compared source: extensions/feishu/src/monitor.transport.ts:277
actual code:
        server.listen(port, host, () => {
actual normalized: 'server.listen(port, host, () => {'

====================================================================================================
entry-00501 trace[1]  extensions/feishu/src/monitor.transport.ts:191  report=GHSA-XH72-V6V9-MWHC
repo=https://github.com/openclaw/openclaw
commit=1f14c8d96b8662e155d5c10ea650da868e1a9e63
expected code:
            const body = await readWebhookBodyOrReject({
expected normalized: 'const body = await readWebhookBodyOrReject({'
----------------------------------------------------------------------------------------------------
step=original_location status=matched
detail=compare node code with source at the recorded file/line
compared source: extensions/feishu/src/monitor.transport.ts:191
actual code:
            const body = await readWebhookBodyOrReject({
actual normalized: 'const body = await readWebhookBodyOrReject({'

====================================================================================================
entry-00501 trace[2]  extensions/feishu/src/monitor.transport.ts:211  report=GHSA-XH72-V6V9-MWHC
repo=https://github.com/openclaw/openclaw
commit=1f14c8d96b8662e155d5c10ea650da868e1a9e63
expected code:
                encryptKey: account.encryptKey,
expected normalized: 'encryptKey: account.encryptKey,'
----------------------------------------------------------------------------------------------------
step=original_location status=matched
detail=compare node code with source at the recorded file/line
compared source: extensions/feishu/src/monitor.transport.ts:211
actual code:
                encryptKey: account.encryptKey,
actual normalized: 'encryptKey: account.encryptKey,'

====================================================================================================
entry-00501 trace[3]  extensions/feishu/src/monitor.transport.ts:58  report=GHSA-XH72-V6V9-MWHC
repo=https://github.com/openclaw/openclaw
commit=1f14c8d96b8662e155d5c10ea650da868e1a9e63
expected code:
      if (!encryptKey) {
expected normalized: 'if (!encryptKey) {'
----------------------------------------------------------------------------------------------------
step=original_location status=matched
detail=compare node code with source at the recorded file/line
compared source: extensions/feishu/src/monitor.transport.ts:58
actual code:
      if (!encryptKey) {
actual normalized: 'if (!encryptKey) {'
