====================================================================================================
entry-00184 entry_point  packages/nodes-base/nodes/Merge/v3/actions/mode/combineBySql.ts:260  report=GHSA-WXX7-MCGF-J869
repo=https://github.com/n8n-io/n8n
commit=8e81f3e31398b04fd6f8cc27cf844980cd382117
expected code:
    	let query = this.getNodeParameter('query', 0) as string;
expected normalized: "let query = this.getNodeParameter('query', 0) as string;"
----------------------------------------------------------------------------------------------------
step=original_location status=matched
detail=compare node code with source at the recorded file/line
compared source: packages/nodes-base/nodes/Merge/v3/actions/mode/combineBySql.ts:260
actual code:
    	let query = this.getNodeParameter('query', 0) as string;
actual normalized: "let query = this.getNodeParameter('query', 0) as string;"

====================================================================================================
entry-00184 critical_operation  packages/nodes-base/nodes/Merge/v3/actions/mode/combineBySql.ts:227  report=GHSA-WXX7-MCGF-J869
repo=https://github.com/n8n-io/n8n
commit=8e81f3e31398b04fd6f8cc27cf844980cd382117
expected code:
    		const result = db.exec(modifySelectQuery(query, inputsData.length)) as IDataObject[];
expected normalized: 'const result = db.exec(modifySelectQuery(query, inputsData.length)) as IDataObject[];'
----------------------------------------------------------------------------------------------------
step=original_location status=matched
detail=compare node code with source at the recorded file/line
compared source: packages/nodes-base/nodes/Merge/v3/actions/mode/combineBySql.ts:227
actual code:
    		const result = db.exec(modifySelectQuery(query, inputsData.length)) as IDataObject[];
actual normalized: 'const result = db.exec(modifySelectQuery(query, inputsData.length)) as IDataObject[];'

====================================================================================================
entry-00184 trace[0]  packages/nodes-base/nodes/Merge/v3/actions/mode/combineBySql.ts:260  report=GHSA-WXX7-MCGF-J869
repo=https://github.com/n8n-io/n8n
commit=8e81f3e31398b04fd6f8cc27cf844980cd382117
expected code:
    	let query = this.getNodeParameter('query', 0) as string;
expected normalized: "let query = this.getNodeParameter('query', 0) as string;"
----------------------------------------------------------------------------------------------------
step=original_location status=matched
detail=compare node code with source at the recorded file/line
compared source: packages/nodes-base/nodes/Merge/v3/actions/mode/combineBySql.ts:260
actual code:
    	let query = this.getNodeParameter('query', 0) as string;
actual normalized: "let query = this.getNodeParameter('query', 0) as string;"

====================================================================================================
entry-00184 trace[1]  packages/nodes-base/nodes/Merge/v3/actions/mode/combineBySql.ts:266  report=GHSA-WXX7-MCGF-J869
repo=https://github.com/n8n-io/n8n
commit=8e81f3e31398b04fd6f8cc27cf844980cd382117
expected code:
    	const isSelectQuery = node.typeVersion >= 3.1 ? query.toLowerCase().startsWith('select') : false;
expected normalized: "const isSelectQuery = node.typeVersion >= 3.1 ? query.toLowerCase().startsWith('select') : false;"
----------------------------------------------------------------------------------------------------
step=original_location status=matched
detail=compare node code with source at the recorded file/line
compared source: packages/nodes-base/nodes/Merge/v3/actions/mode/combineBySql.ts:266
actual code:
    	const isSelectQuery = node.typeVersion >= 3.1 ? query.toLowerCase().startsWith('select') : false;
actual normalized: "const isSelectQuery = node.typeVersion >= 3.1 ? query.toLowerCase().startsWith('select') : false;"

====================================================================================================
entry-00184 trace[2]  packages/nodes-base/nodes/Merge/v3/actions/mode/combineBySql.ts:270-277  report=GHSA-WXX7-MCGF-J869
repo=https://github.com/n8n-io/n8n
commit=8e81f3e31398b04fd6f8cc27cf844980cd382117
expected code:
    	if (isSelectQuery) {
    		try {
    			return await executeSelectWithMappedPairedItems(
    				node,
    				inputsData,
    				query,
    				returnSuccessItemIfEmpty,
    			);
expected normalized: 'if (isSelectQuery) { try { return await executeSelectWithMappedPairedItems( node, inputsData, query, returnSuccessItemIfEmpty, );'
----------------------------------------------------------------------------------------------------
step=original_location status=matched
detail=compare node code with source at the recorded file/line
compared source: packages/nodes-base/nodes/Merge/v3/actions/mode/combineBySql.ts:270-277
actual code:
    	if (isSelectQuery) {
    		try {
    			return await executeSelectWithMappedPairedItems(
    				node,
    				inputsData,
    				query,
    				returnSuccessItemIfEmpty,
    			);
actual normalized: 'if (isSelectQuery) { try { return await executeSelectWithMappedPairedItems( node, inputsData, query, returnSuccessItemIfEmpty, );'

====================================================================================================
entry-00184 trace[3]  packages/nodes-base/nodes/Merge/v3/actions/mode/combineBySql.ts:206  report=GHSA-WXX7-MCGF-J869
repo=https://github.com/n8n-io/n8n
commit=8e81f3e31398b04fd6f8cc27cf844980cd382117
expected code:
    	const db = new alasql.Database(node.id);
expected normalized: 'const db = new alasql.Database(node.id);'
----------------------------------------------------------------------------------------------------
step=original_location status=matched
detail=compare node code with source at the recorded file/line
compared source: packages/nodes-base/nodes/Merge/v3/actions/mode/combineBySql.ts:206
actual code:
    	const db = new alasql.Database(node.id);
actual normalized: 'const db = new alasql.Database(node.id);'

====================================================================================================
entry-00184 trace[4]  packages/nodes-base/nodes/Merge/v3/actions/mode/combineBySql.ts:227  report=GHSA-WXX7-MCGF-J869
repo=https://github.com/n8n-io/n8n
commit=8e81f3e31398b04fd6f8cc27cf844980cd382117
expected code:
    		const result = db.exec(modifySelectQuery(query, inputsData.length)) as IDataObject[];
expected normalized: 'const result = db.exec(modifySelectQuery(query, inputsData.length)) as IDataObject[];'
----------------------------------------------------------------------------------------------------
step=original_location status=matched
detail=compare node code with source at the recorded file/line
compared source: packages/nodes-base/nodes/Merge/v3/actions/mode/combineBySql.ts:227
actual code:
    		const result = db.exec(modifySelectQuery(query, inputsData.length)) as IDataObject[];
actual normalized: 'const result = db.exec(modifySelectQuery(query, inputsData.length)) as IDataObject[];'
