====================================================================================================
entry-00509 entry_point  extensions/feishu/src/monitor.transport.ts:121  report=GHSA-VJQW-W5JR-G9W5
repo=https://github.com/openclaw/openclaw
commit=99170e2408682819c00e54aa2a3e5928a583838f
expected code:
        void Promise.resolve(webhookHandler(req, res))
expected normalized: 'void Promise.resolve(webhookHandler(req, res))'
----------------------------------------------------------------------------------------------------
step=original_location status=matched
detail=compare node code with source at the recorded file/line
compared source: extensions/feishu/src/monitor.transport.ts:121
actual code:
        void Promise.resolve(webhookHandler(req, res))
actual normalized: 'void Promise.resolve(webhookHandler(req, res))'

====================================================================================================
entry-00509 critical_operation  extensions/feishu/src/monitor.account.ts:392  report=GHSA-VJQW-W5JR-G9W5
repo=https://github.com/openclaw/openclaw
commit=99170e2408682819c00e54aa2a3e5928a583838f
expected code:
      eventDispatcher.register({
expected normalized: 'eventDispatcher.register({'
----------------------------------------------------------------------------------------------------
step=original_location status=matched
detail=compare node code with source at the recorded file/line
compared source: extensions/feishu/src/monitor.account.ts:392
actual code:
      eventDispatcher.register({
actual normalized: 'eventDispatcher.register({'

====================================================================================================
entry-00509 trace[0]  extensions/feishu/src/monitor.transport.ts:121  report=GHSA-VJQW-W5JR-G9W5
repo=https://github.com/openclaw/openclaw
commit=99170e2408682819c00e54aa2a3e5928a583838f
expected code:
        void Promise.resolve(webhookHandler(req, res))
expected normalized: 'void Promise.resolve(webhookHandler(req, res))'
----------------------------------------------------------------------------------------------------
step=original_location status=matched
detail=compare node code with source at the recorded file/line
compared source: extensions/feishu/src/monitor.transport.ts:121
actual code:
        void Promise.resolve(webhookHandler(req, res))
actual normalized: 'void Promise.resolve(webhookHandler(req, res))'

====================================================================================================
entry-00509 trace[1]  extensions/feishu/src/monitor.account.ts:533-536  report=GHSA-VJQW-W5JR-G9W5
repo=https://github.com/openclaw/openclaw
commit=99170e2408682819c00e54aa2a3e5928a583838f
expected code:
      const connectionMode = account.config.connectionMode ?? "websocket";
      if (connectionMode === "webhook" && !account.verificationToken?.trim()) {
        throw new Error(`Feishu account "${accountId}" webhook mode requires verificationToken`);
      }
expected normalized: 'const connectionMode = account.config.connectionMode ?? "websocket"; if (connectionMode === "webhook" && !account.verificationToken?.trim()) { throw new Error(`Feishu account "${accountId}" webhook mode requires verificationToken`); }'
----------------------------------------------------------------------------------------------------
step=original_location status=matched
detail=compare node code with source at the recorded file/line
compared source: extensions/feishu/src/monitor.account.ts:533-536
actual code:
      const connectionMode = account.config.connectionMode ?? "websocket";
      if (connectionMode === "webhook" && !account.verificationToken?.trim()) {
        throw new Error(`Feishu account "${accountId}" webhook mode requires verificationToken`);
      }
actual normalized: 'const connectionMode = account.config.connectionMode ?? "websocket"; if (connectionMode === "webhook" && !account.verificationToken?.trim()) { throw new Error(`Feishu account "${accountId}" webhook mode requires verificationToken`); }'

====================================================================================================
entry-00509 trace[2]  extensions/feishu/src/config-schema.ts:241-250  report=GHSA-VJQW-W5JR-G9W5
repo=https://github.com/openclaw/openclaw
commit=99170e2408682819c00e54aa2a3e5928a583838f
expected code:
        const defaultConnectionMode = value.connectionMode ?? "websocket";
        const defaultVerificationTokenConfigured = hasConfiguredSecretInput(value.verificationToken);
        if (defaultConnectionMode === "webhook" && !defaultVerificationTokenConfigured) {
          ctx.addIssue({
            code: z.ZodIssueCode.custom,
            path: ["verificationToken"],
            message:
              'channels.feishu.connectionMode="webhook" requires channels.feishu.verificationToken',
          });
        }
expected normalized: 'const defaultConnectionMode = value.connectionMode ?? "websocket"; const defaultVerificationTokenConfigured = hasConfiguredSecretInput(value.verificationToken); if (defaultConnectionMode === "webhook" && !defaultVerificationTokenConfigured) { ctx.addIssue({ code: z.ZodIssueCode.custom, path: ["verificationToken"], message: \'channels.feishu.connectionMode="webhook" requires channels.feishu.verificationToken\', }); }'
----------------------------------------------------------------------------------------------------
step=original_location status=matched
detail=compare node code with source at the recorded file/line
compared source: extensions/feishu/src/config-schema.ts:241-250
actual code:
        const defaultConnectionMode = value.connectionMode ?? "websocket";
        const defaultVerificationTokenConfigured = hasConfiguredSecretInput(value.verificationToken);
        if (defaultConnectionMode === "webhook" && !defaultVerificationTokenConfigured) {
          ctx.addIssue({
            code: z.ZodIssueCode.custom,
            path: ["verificationToken"],
            message:
              'channels.feishu.connectionMode="webhook" requires channels.feishu.verificationToken',
          });
        }
actual normalized: 'const defaultConnectionMode = value.connectionMode ?? "websocket"; const defaultVerificationTokenConfigured = hasConfiguredSecretInput(value.verificationToken); if (defaultConnectionMode === "webhook" && !defaultVerificationTokenConfigured) { ctx.addIssue({ code: z.ZodIssueCode.custom, path: ["verificationToken"], message: \'channels.feishu.connectionMode="webhook" requires channels.feishu.verificationToken\', }); }'

====================================================================================================
entry-00509 trace[3]  extensions/feishu/src/client.ts:174-178  report=GHSA-VJQW-W5JR-G9W5
repo=https://github.com/openclaw/openclaw
commit=99170e2408682819c00e54aa2a3e5928a583838f
expected code:
      return new Lark.EventDispatcher({
        encryptKey: account.encryptKey,
        verificationToken: account.verificationToken,
      });
    }
expected normalized: 'return new Lark.EventDispatcher({ encryptKey: account.encryptKey, verificationToken: account.verificationToken, }); }'
----------------------------------------------------------------------------------------------------
step=original_location status=matched
detail=compare node code with source at the recorded file/line
compared source: extensions/feishu/src/client.ts:174-178
actual code:
      return new Lark.EventDispatcher({
        encryptKey: account.encryptKey,
        verificationToken: account.verificationToken,
      });
    }
actual normalized: 'return new Lark.EventDispatcher({ encryptKey: account.encryptKey, verificationToken: account.verificationToken, }); }'

====================================================================================================
entry-00509 trace[4]  extensions/feishu/src/monitor.account.ts:544-552  report=GHSA-VJQW-W5JR-G9W5
repo=https://github.com/openclaw/openclaw
commit=99170e2408682819c00e54aa2a3e5928a583838f
expected code:
      const chatHistories = new Map<string, HistoryEntry[]>();
    
      registerEventHandlers(eventDispatcher, {
        cfg,
        accountId,
        runtime,
        chatHistories,
        fireAndForget: true,
      });
expected normalized: 'const chatHistories = new Map<string, HistoryEntry[]>(); registerEventHandlers(eventDispatcher, { cfg, accountId, runtime, chatHistories, fireAndForget: true, });'
----------------------------------------------------------------------------------------------------
step=original_location status=matched
detail=compare node code with source at the recorded file/line
compared source: extensions/feishu/src/monitor.account.ts:544-552
actual code:
      const chatHistories = new Map<string, HistoryEntry[]>();
    
      registerEventHandlers(eventDispatcher, {
        cfg,
        accountId,
        runtime,
        chatHistories,
        fireAndForget: true,
      });
actual normalized: 'const chatHistories = new Map<string, HistoryEntry[]>(); registerEventHandlers(eventDispatcher, { cfg, accountId, runtime, chatHistories, fireAndForget: true, });'

====================================================================================================
entry-00509 trace[5]  extensions/feishu/src/monitor.account.ts:392-400  report=GHSA-VJQW-W5JR-G9W5
repo=https://github.com/openclaw/openclaw
commit=99170e2408682819c00e54aa2a3e5928a583838f
expected code:
      eventDispatcher.register({
        "im.message.receive_v1": async (data) => {
          const processMessage = async () => {
            const event = data as unknown as FeishuMessageEvent;
            await inboundDebouncer.enqueue(event);
          };
          if (fireAndForget) {
            void processMessage().catch((err) => {
              error(`feishu[${accountId}]: error handling message: ${String(err)}`);
expected normalized: 'eventDispatcher.register({ "im.message.receive_v1": async (data) => { const processMessage = async () => { const event = data as unknown as FeishuMessageEvent; await inboundDebouncer.enqueue(event); }; if (fireAndForget) { void processMessage().catch((err) => { error(`feishu[${accountId}]: error handling message: ${String(err)}`);'
----------------------------------------------------------------------------------------------------
step=original_location status=matched
detail=compare node code with source at the recorded file/line
compared source: extensions/feishu/src/monitor.account.ts:392-400
actual code:
      eventDispatcher.register({
        "im.message.receive_v1": async (data) => {
          const processMessage = async () => {
            const event = data as unknown as FeishuMessageEvent;
            await inboundDebouncer.enqueue(event);
          };
          if (fireAndForget) {
            void processMessage().catch((err) => {
              error(`feishu[${accountId}]: error handling message: ${String(err)}`);
actual normalized: 'eventDispatcher.register({ "im.message.receive_v1": async (data) => { const processMessage = async () => { const event = data as unknown as FeishuMessageEvent; await inboundDebouncer.enqueue(event); }; if (fireAndForget) { void processMessage().catch((err) => { error(`feishu[${accountId}]: error handling message: ${String(err)}`);'
