====================================================================================================
entry-00161 entry_point  src/browser/routes/agent.act.ts:24  report=GHSA-H9G4-589H-68XV
repo=https://github.com/openclaw/openclaw
commit=3b56a6252bbc4dcf3d3c68a5e3cbb0e1162e58a9
expected code:
    app.post("/act", async (req, res) => {
expected normalized: 'app.post("/act", async (req, res) => {'
----------------------------------------------------------------------------------------------------
step=original_location status=matched
detail=compare node code with source at the recorded file/line
compared source: src/browser/routes/agent.act.ts:24
actual code:
      app.post("/act", async (req, res) => {
actual normalized: 'app.post("/act", async (req, res) => {'

====================================================================================================
entry-00161 critical_operation  src/browser/routes/agent.act.ts:321  report=GHSA-H9G4-589H-68XV
repo=https://github.com/openclaw/openclaw
commit=3b56a6252bbc4dcf3d3c68a5e3cbb0e1162e58a9
expected code:
    const result = await pw.evaluateViaPlaywright(evalRequest);
expected normalized: 'const result = await pw.evaluateViaPlaywright(evalRequest);'
----------------------------------------------------------------------------------------------------
step=original_location status=matched
detail=compare node code with source at the recorded file/line
compared source: src/browser/routes/agent.act.ts:321
actual code:
              const result = await pw.evaluateViaPlaywright(evalRequest);
actual normalized: 'const result = await pw.evaluateViaPlaywright(evalRequest);'

====================================================================================================
entry-00161 trace[0]  src/browser/routes/agent.act.ts:24  report=GHSA-H9G4-589H-68XV
repo=https://github.com/openclaw/openclaw
commit=3b56a6252bbc4dcf3d3c68a5e3cbb0e1162e58a9
expected code:
    app.post("/act", async (req, res) => {
expected normalized: 'app.post("/act", async (req, res) => {'
----------------------------------------------------------------------------------------------------
step=original_location status=matched
detail=compare node code with source at the recorded file/line
compared source: src/browser/routes/agent.act.ts:24
actual code:
      app.post("/act", async (req, res) => {
actual normalized: 'app.post("/act", async (req, res) => {'

====================================================================================================
entry-00161 trace[1]  src/browser/routes/agent.act.ts:294  report=GHSA-H9G4-589H-68XV
repo=https://github.com/openclaw/openclaw
commit=3b56a6252bbc4dcf3d3c68a5e3cbb0e1162e58a9
expected code:
    case "evaluate": {
expected normalized: 'case "evaluate": {'
----------------------------------------------------------------------------------------------------
step=original_location status=matched
detail=compare node code with source at the recorded file/line
compared source: src/browser/routes/agent.act.ts:294
actual code:
            case "evaluate": {
actual normalized: 'case "evaluate": {'

====================================================================================================
entry-00161 trace[2]  src/browser/routes/agent.act.ts:305  report=GHSA-H9G4-589H-68XV
repo=https://github.com/openclaw/openclaw
commit=3b56a6252bbc4dcf3d3c68a5e3cbb0e1162e58a9
expected code:
    const fn = toStringOrEmpty(body.fn);
expected normalized: 'const fn = toStringOrEmpty(body.fn);'
----------------------------------------------------------------------------------------------------
step=original_location status=matched
detail=compare node code with source at the recorded file/line
compared source: src/browser/routes/agent.act.ts:305
actual code:
              const fn = toStringOrEmpty(body.fn);
actual normalized: 'const fn = toStringOrEmpty(body.fn);'

====================================================================================================
entry-00161 trace[3]  src/browser/routes/agent.act.ts:311  report=GHSA-H9G4-589H-68XV
repo=https://github.com/openclaw/openclaw
commit=3b56a6252bbc4dcf3d3c68a5e3cbb0e1162e58a9
expected code:
    const evalRequest: Parameters<typeof pw.evaluateViaPlaywright>[0] = {
expected normalized: 'const evalRequest: Parameters<typeof pw.evaluateViaPlaywright>[0] = {'
----------------------------------------------------------------------------------------------------
step=original_location status=matched
detail=compare node code with source at the recorded file/line
compared source: src/browser/routes/agent.act.ts:311
actual code:
              const evalRequest: Parameters<typeof pw.evaluateViaPlaywright>[0] = {
actual normalized: 'const evalRequest: Parameters<typeof pw.evaluateViaPlaywright>[0] = {'

====================================================================================================
entry-00161 trace[4]  src/browser/routes/agent.act.ts:321  report=GHSA-H9G4-589H-68XV
repo=https://github.com/openclaw/openclaw
commit=3b56a6252bbc4dcf3d3c68a5e3cbb0e1162e58a9
expected code:
    const result = await pw.evaluateViaPlaywright(evalRequest);
expected normalized: 'const result = await pw.evaluateViaPlaywright(evalRequest);'
----------------------------------------------------------------------------------------------------
step=original_location status=matched
detail=compare node code with source at the recorded file/line
compared source: src/browser/routes/agent.act.ts:321
actual code:
              const result = await pw.evaluateViaPlaywright(evalRequest);
actual normalized: 'const result = await pw.evaluateViaPlaywright(evalRequest);'
