====================================================================================================
entry-00246 entry_point  src/node-host/invoke-system-run.ts:262  report=GHSA-7FF8-XJH3-MGH6
repo=https://github.com/openclaw/openclaw
commit=204d9fb404838221df19cc46b30e4cf53209d038
expected code:
    export async function handleSystemRunInvoke(opts: HandleSystemRunInvokeOptions): Promise<void> {
expected normalized: 'export async function handleSystemRunInvoke(opts: HandleSystemRunInvokeOptions): Promise<void> {'
----------------------------------------------------------------------------------------------------
step=original_location status=matched
detail=compare node code with source at the recorded file/line
compared source: src/node-host/invoke-system-run.ts:262
actual code:
    export async function handleSystemRunInvoke(opts: HandleSystemRunInvokeOptions): Promise<void> {
actual normalized: 'export async function handleSystemRunInvoke(opts: HandleSystemRunInvokeOptions): Promise<void> {'

====================================================================================================
entry-00246 critical_operation  src/infra/exec-approvals-allowlist.ts:159  report=GHSA-7FF8-XJH3-MGH6
repo=https://github.com/openclaw/openclaw
commit=204d9fb404838221df19cc46b30e4cf53209d038
expected code:
    if (
expected normalized: 'if ('
----------------------------------------------------------------------------------------------------
step=original_location status=matched
detail=compare node code with source at the recorded file/line
compared source: src/infra/exec-approvals-allowlist.ts:159
actual code:
        if (
actual normalized: 'if ('

====================================================================================================
entry-00246 trace[0]  src/node-host/invoke-system-run.ts:304  report=GHSA-7FF8-XJH3-MGH6
repo=https://github.com/openclaw/openclaw
commit=204d9fb404838221df19cc46b30e4cf53209d038
expected code:
    const envOverrides = sanitizeSystemRunEnvOverrides({
expected normalized: 'const envOverrides = sanitizeSystemRunEnvOverrides({'
----------------------------------------------------------------------------------------------------
step=original_location status=matched
detail=compare node code with source at the recorded file/line
compared source: src/node-host/invoke-system-run.ts:304
actual code:
      const envOverrides = sanitizeSystemRunEnvOverrides({
actual normalized: 'const envOverrides = sanitizeSystemRunEnvOverrides({'

====================================================================================================
entry-00246 trace[1]  src/infra/exec-command-resolution.ts:51  report=GHSA-7FF8-XJH3-MGH6
repo=https://github.com/openclaw/openclaw
commit=204d9fb404838221df19cc46b30e4cf53209d038
expected code:
    function resolveExecutablePath(rawExecutable: string, cwd?: string, env?: NodeJS.ProcessEnv) {
expected normalized: 'function resolveExecutablePath(rawExecutable: string, cwd?: string, env?: NodeJS.ProcessEnv) {'
----------------------------------------------------------------------------------------------------
step=original_location status=matched
detail=compare node code with source at the recorded file/line
compared source: src/infra/exec-command-resolution.ts:51
actual code:
    function resolveExecutablePath(rawExecutable: string, cwd?: string, env?: NodeJS.ProcessEnv) {
actual normalized: 'function resolveExecutablePath(rawExecutable: string, cwd?: string, env?: NodeJS.ProcessEnv) {'

====================================================================================================
entry-00246 trace[2]  src/infra/exec-command-resolution.ts:121  report=GHSA-7FF8-XJH3-MGH6
repo=https://github.com/openclaw/openclaw
commit=204d9fb404838221df19cc46b30e4cf53209d038
expected code:
    const resolvedPath = resolveExecutablePath(rawExecutable, cwd, env);
expected normalized: 'const resolvedPath = resolveExecutablePath(rawExecutable, cwd, env);'
----------------------------------------------------------------------------------------------------
step=original_location status=matched
detail=compare node code with source at the recorded file/line
compared source: src/infra/exec-command-resolution.ts:121
actual code:
      const resolvedPath = resolveExecutablePath(rawExecutable, cwd, env);
actual normalized: 'const resolvedPath = resolveExecutablePath(rawExecutable, cwd, env);'

====================================================================================================
entry-00246 trace[3]  src/infra/exec-approvals-allowlist.ts:166  report=GHSA-7FF8-XJH3-MGH6
repo=https://github.com/openclaw/openclaw
commit=204d9fb404838221df19cc46b30e4cf53209d038
expected code:
    skillAllow = Boolean(params.skillBins?.has(executableName));
expected normalized: 'skillAllow = Boolean(params.skillBins?.has(executableName));'
----------------------------------------------------------------------------------------------------
step=original_location status=matched
detail=compare node code with source at the recorded file/line
compared source: src/infra/exec-approvals-allowlist.ts:166
actual code:
          skillAllow = Boolean(params.skillBins?.has(executableName));
actual normalized: 'skillAllow = Boolean(params.skillBins?.has(executableName));'

====================================================================================================
entry-00246 trace[4]  src/node-host/invoke-system-run.ts:465  report=GHSA-7FF8-XJH3-MGH6
repo=https://github.com/openclaw/openclaw
commit=204d9fb404838221df19cc46b30e4cf53209d038
expected code:
    const result = await opts.runCommand(
expected normalized: 'const result = await opts.runCommand('
----------------------------------------------------------------------------------------------------
step=original_location status=matched
detail=compare node code with source at the recorded file/line
compared source: src/node-host/invoke-system-run.ts:465
actual code:
      const result = await opts.runCommand(
actual normalized: 'const result = await opts.runCommand('
