====================================================================================================
entry-00183 entry_point  packages/nodes-base/nodes/Merge/v3/actions/mode/combineBySql.ts:249  report=GHSA-WXX7-MCGF-J869
repo=https://github.com/n8n-io/n8n
commit=8e81f3e31398b04fd6f8cc27cf844980cd382117
expected code:
    export async function execute(
expected normalized: 'export async function execute('
----------------------------------------------------------------------------------------------------
step=original_location status=matched
detail=compare node code with source at the recorded file/line
compared source: packages/nodes-base/nodes/Merge/v3/actions/mode/combineBySql.ts:249
actual code:
    export async function execute(
actual normalized: 'export async function execute('

====================================================================================================
entry-00183 critical_operation  packages/nodes-base/nodes/Merge/v3/actions/mode/combineBySql.ts:341  report=GHSA-WXX7-MCGF-J869
repo=https://github.com/n8n-io/n8n
commit=8e81f3e31398b04fd6f8cc27cf844980cd382117
expected code:
    		const result: IDataObject[] = db.exec(query);
expected normalized: 'const result: IDataObject[] = db.exec(query);'
----------------------------------------------------------------------------------------------------
step=original_location status=matched
detail=compare node code with source at the recorded file/line
compared source: packages/nodes-base/nodes/Merge/v3/actions/mode/combineBySql.ts:341
actual code:
    		const result: IDataObject[] = db.exec(query);
actual normalized: 'const result: IDataObject[] = db.exec(query);'

====================================================================================================
entry-00183 trace[0]  packages/nodes-base/nodes/Merge/v3/actions/mode/combineBySql.ts:249  report=GHSA-WXX7-MCGF-J869
repo=https://github.com/n8n-io/n8n
commit=8e81f3e31398b04fd6f8cc27cf844980cd382117
expected code:
    export async function execute(
expected normalized: 'export async function execute('
----------------------------------------------------------------------------------------------------
step=original_location status=matched
detail=compare node code with source at the recorded file/line
compared source: packages/nodes-base/nodes/Merge/v3/actions/mode/combineBySql.ts:249
actual code:
    export async function execute(
actual normalized: 'export async function execute('

====================================================================================================
entry-00183 trace[1]  packages/nodes-base/nodes/Merge/v3/actions/mode/combineBySql.ts:262-264  report=GHSA-WXX7-MCGF-J869
repo=https://github.com/n8n-io/n8n
commit=8e81f3e31398b04fd6f8cc27cf844980cd382117
expected code:
    	for (const resolvable of getResolvables(query)) {
    		query = query.replace(resolvable, this.evaluateExpression(resolvable, 0) as string);
    	}
expected normalized: 'for (const resolvable of getResolvables(query)) { query = query.replace(resolvable, this.evaluateExpression(resolvable, 0) as string); }'
----------------------------------------------------------------------------------------------------
step=original_location status=matched
detail=compare node code with source at the recorded file/line
compared source: packages/nodes-base/nodes/Merge/v3/actions/mode/combineBySql.ts:262-264
actual code:
    	for (const resolvable of getResolvables(query)) {
    		query = query.replace(resolvable, this.evaluateExpression(resolvable, 0) as string);
    	}
actual normalized: 'for (const resolvable of getResolvables(query)) { query = query.replace(resolvable, this.evaluateExpression(resolvable, 0) as string); }'

====================================================================================================
entry-00183 trace[2]  packages/nodes-base/nodes/Merge/v3/actions/mode/combineBySql.ts:253  report=GHSA-WXX7-MCGF-J869
repo=https://github.com/n8n-io/n8n
commit=8e81f3e31398b04fd6f8cc27cf844980cd382117
expected code:
    	disableAlasqlFileAccess();
expected normalized: 'disableAlasqlFileAccess();'
----------------------------------------------------------------------------------------------------
step=original_location status=matched
detail=compare node code with source at the recorded file/line
compared source: packages/nodes-base/nodes/Merge/v3/actions/mode/combineBySql.ts:253
actual code:
    	disableAlasqlFileAccess();
actual normalized: 'disableAlasqlFileAccess();'

====================================================================================================
entry-00183 trace[3]  packages/nodes-base/nodes/Merge/v3/actions/mode/combineBySql.ts:290  report=GHSA-WXX7-MCGF-J869
repo=https://github.com/n8n-io/n8n
commit=8e81f3e31398b04fd6f8cc27cf844980cd382117
expected code:
    	const db = new alasql.Database(node.id);
expected normalized: 'const db = new alasql.Database(node.id);'
----------------------------------------------------------------------------------------------------
step=original_location status=matched
detail=compare node code with source at the recorded file/line
compared source: packages/nodes-base/nodes/Merge/v3/actions/mode/combineBySql.ts:290
actual code:
    	const db = new alasql.Database(node.id);
actual normalized: 'const db = new alasql.Database(node.id);'

====================================================================================================
entry-00183 trace[4]  packages/nodes-base/nodes/Merge/v3/actions/mode/combineBySql.ts:341  report=GHSA-WXX7-MCGF-J869
repo=https://github.com/n8n-io/n8n
commit=8e81f3e31398b04fd6f8cc27cf844980cd382117
expected code:
    		const result: IDataObject[] = db.exec(query);
expected normalized: 'const result: IDataObject[] = db.exec(query);'
----------------------------------------------------------------------------------------------------
step=original_location status=matched
detail=compare node code with source at the recorded file/line
compared source: packages/nodes-base/nodes/Merge/v3/actions/mode/combineBySql.ts:341
actual code:
    		const result: IDataObject[] = db.exec(query);
actual normalized: 'const result: IDataObject[] = db.exec(query);'
